mode: set
github.com/fenilsonani/vcs/internal/core/index/index.go:52.29,54.2 1 1
github.com/fenilsonani/vcs/internal/core/index/index.go:57.37,59.2 1 1
github.com/fenilsonani/vcs/internal/core/index/index.go:69.19,75.2 1 1
github.com/fenilsonani/vcs/internal/core/index/index.go:78.35,80.2 1 1
github.com/fenilsonani/vcs/internal/core/index/index.go:83.38,85.2 1 1
github.com/fenilsonani/vcs/internal/core/index/index.go:88.43,89.22 1 1
github.com/fenilsonani/vcs/internal/core/index/index.go:89.22,91.3 1 1
github.com/fenilsonani/vcs/internal/core/index/index.go:94.2,98.32 3 1
github.com/fenilsonani/vcs/internal/core/index/index.go:98.32,99.27 1 1
github.com/fenilsonani/vcs/internal/core/index/index.go:99.27,102.9 3 1
github.com/fenilsonani/vcs/internal/core/index/index.go:106.2,106.12 1 1
github.com/fenilsonani/vcs/internal/core/index/index.go:106.12,108.3 1 1
github.com/fenilsonani/vcs/internal/core/index/index.go:111.2,112.12 2 1
github.com/fenilsonani/vcs/internal/core/index/index.go:116.45,119.32 2 1
github.com/fenilsonani/vcs/internal/core/index/index.go:119.32,120.21 1 1
github.com/fenilsonani/vcs/internal/core/index/index.go:120.21,123.4 2 1
github.com/fenilsonani/vcs/internal/core/index/index.go:126.2,126.48 1 1
github.com/fenilsonani/vcs/internal/core/index/index.go:130.51,133.2 2 1
github.com/fenilsonani/vcs/internal/core/index/index.go:136.27,139.2 2 1
github.com/fenilsonani/vcs/internal/core/index/index.go:142.26,143.46 1 1
github.com/fenilsonani/vcs/internal/core/index/index.go:143.46,145.3 1 1
github.com/fenilsonani/vcs/internal/core/index/index.go:149.46,159.43 6 1
github.com/fenilsonani/vcs/internal/core/index/index.go:159.43,161.3 1 1
github.com/fenilsonani/vcs/internal/core/index/index.go:164.2,171.36 4 1
github.com/fenilsonani/vcs/internal/core/index/index.go:171.36,172.51 1 1
github.com/fenilsonani/vcs/internal/core/index/index.go:172.51,174.4 1 0
github.com/fenilsonani/vcs/internal/core/index/index.go:178.2,179.45 2 1
github.com/fenilsonani/vcs/internal/core/index/index.go:179.45,181.3 1 0
github.com/fenilsonani/vcs/internal/core/index/index.go:183.2,183.12 1 1
github.com/fenilsonani/vcs/internal/core/index/index.go:187.63,207.28 15 1
github.com/fenilsonani/vcs/internal/core/index/index.go:207.28,209.3 1 0
github.com/fenilsonani/vcs/internal/core/index/index.go:210.2,220.31 7 1
github.com/fenilsonani/vcs/internal/core/index/index.go:220.31,222.3 1 1
github.com/fenilsonani/vcs/internal/core/index/index.go:224.2,225.12 2 1
github.com/fenilsonani/vcs/internal/core/index/index.go:229.47,232.50 2 1
github.com/fenilsonani/vcs/internal/core/index/index.go:232.50,234.3 1 1
github.com/fenilsonani/vcs/internal/core/index/index.go:237.2,237.43 1 1
github.com/fenilsonani/vcs/internal/core/index/index.go:237.43,239.3 1 1
github.com/fenilsonani/vcs/internal/core/index/index.go:242.2,243.40 2 1
github.com/fenilsonani/vcs/internal/core/index/index.go:243.40,245.3 1 1
github.com/fenilsonani/vcs/internal/core/index/index.go:248.2,259.42 6 1
github.com/fenilsonani/vcs/internal/core/index/index.go:259.42,261.17 2 1
github.com/fenilsonani/vcs/internal/core/index/index.go:261.17,263.4 1 1
github.com/fenilsonani/vcs/internal/core/index/index.go:264.3,265.32 2 1
github.com/fenilsonani/vcs/internal/core/index/index.go:269.2,270.60 2 1
github.com/fenilsonani/vcs/internal/core/index/index.go:270.60,272.3 1 0
github.com/fenilsonani/vcs/internal/core/index/index.go:274.2,275.52 2 1
github.com/fenilsonani/vcs/internal/core/index/index.go:275.52,277.3 1 1
github.com/fenilsonani/vcs/internal/core/index/index.go:279.2,279.12 1 1
github.com/fenilsonani/vcs/internal/core/index/index.go:283.58,302.55 15 1
github.com/fenilsonani/vcs/internal/core/index/index.go:302.55,304.3 1 1
github.com/fenilsonani/vcs/internal/core/index/index.go:306.2,314.29 6 1
github.com/fenilsonani/vcs/internal/core/index/index.go:314.29,317.7 2 0
github.com/fenilsonani/vcs/internal/core/index/index.go:317.7,319.39 2 0
github.com/fenilsonani/vcs/internal/core/index/index.go:319.39,321.5 1 0
github.com/fenilsonani/vcs/internal/core/index/index.go:322.4,322.17 1 0
github.com/fenilsonani/vcs/internal/core/index/index.go:322.17,323.10 1 0
github.com/fenilsonani/vcs/internal/core/index/index.go:325.4,325.27 1 0
github.com/fenilsonani/vcs/internal/core/index/index.go:327.3,328.32 2 0
github.com/fenilsonani/vcs/internal/core/index/index.go:329.8,332.52 2 1
github.com/fenilsonani/vcs/internal/core/index/index.go:332.52,334.4 1 0
github.com/fenilsonani/vcs/internal/core/index/index.go:335.3,338.52 2 1
github.com/fenilsonani/vcs/internal/core/index/index.go:338.52,340.4 1 0
github.com/fenilsonani/vcs/internal/core/index/index.go:341.3,341.12 1 1
github.com/fenilsonani/vcs/internal/core/index/index.go:345.2,347.17 3 1
github.com/fenilsonani/vcs/internal/core/index/index.go:347.17,348.58 1 1
github.com/fenilsonani/vcs/internal/core/index/index.go:348.58,350.4 1 0
github.com/fenilsonani/vcs/internal/core/index/index.go:353.2,353.19 1 1
github.com/fenilsonani/vcs/internal/core/index/index.go:357.50,361.16 3 1
github.com/fenilsonani/vcs/internal/core/index/index.go:361.16,363.3 1 1
github.com/fenilsonani/vcs/internal/core/index/index.go:364.2,368.41 3 1
github.com/fenilsonani/vcs/internal/core/index/index.go:368.41,371.3 2 0
github.com/fenilsonani/vcs/internal/core/index/index.go:373.2,373.36 1 1
github.com/fenilsonani/vcs/internal/core/index/index.go:373.36,375.3 1 0
github.com/fenilsonani/vcs/internal/core/index/index.go:378.2,378.49 1 1
github.com/fenilsonani/vcs/internal/core/index/index.go:378.49,380.3 1 1
github.com/fenilsonani/vcs/internal/core/index/index.go:382.2,382.12 1 1
github.com/fenilsonani/vcs/internal/core/index/index.go:386.51,388.16 2 1
github.com/fenilsonani/vcs/internal/core/index/index.go:388.16,390.3 1 1
github.com/fenilsonani/vcs/internal/core/index/index.go:391.2,393.27 2 1
github.com/fenilsonani/vcs/internal/transport/http.go:23.54,31.2 1 1
github.com/fenilsonani/vcs/internal/transport/http.go:34.68,37.2 0 1
github.com/fenilsonani/vcs/internal/transport/http.go:40.98,45.16 3 1
github.com/fenilsonani/vcs/internal/transport/http.go:45.16,47.3 1 0
github.com/fenilsonani/vcs/internal/transport/http.go:49.2,53.16 4 1
github.com/fenilsonani/vcs/internal/transport/http.go:53.16,55.3 1 1
github.com/fenilsonani/vcs/internal/transport/http.go:56.2,58.38 2 1
github.com/fenilsonani/vcs/internal/transport/http.go:58.38,60.3 1 1
github.com/fenilsonani/vcs/internal/transport/http.go:63.2,65.40 3 1
github.com/fenilsonani/vcs/internal/transport/http.go:65.40,67.3 1 1
github.com/fenilsonani/vcs/internal/transport/http.go:69.2,69.43 1 1
github.com/fenilsonani/vcs/internal/transport/http.go:80.83,87.21 3 1
github.com/fenilsonani/vcs/internal/transport/http.go:87.21,89.3 1 1
github.com/fenilsonani/vcs/internal/transport/http.go:91.2,92.44 2 1
github.com/fenilsonani/vcs/internal/transport/http.go:92.44,94.3 1 1
github.com/fenilsonani/vcs/internal/transport/http.go:96.2,99.21 2 1
github.com/fenilsonani/vcs/internal/transport/http.go:99.21,101.17 2 1
github.com/fenilsonani/vcs/internal/transport/http.go:101.17,102.12 1 0
github.com/fenilsonani/vcs/internal/transport/http.go:106.3,106.20 1 1
github.com/fenilsonani/vcs/internal/transport/http.go:106.20,107.12 1 0
github.com/fenilsonani/vcs/internal/transport/http.go:111.3,112.20 2 1
github.com/fenilsonani/vcs/internal/transport/http.go:112.20,113.12 1 1
github.com/fenilsonani/vcs/internal/transport/http.go:117.3,118.22 2 1
github.com/fenilsonani/vcs/internal/transport/http.go:118.22,124.58 4 1
github.com/fenilsonani/vcs/internal/transport/http.go:124.58,127.58 2 0
github.com/fenilsonani/vcs/internal/transport/http.go:127.58,129.6 1 0
github.com/fenilsonani/vcs/internal/transport/http.go:130.5,130.55 1 0
github.com/fenilsonani/vcs/internal/transport/http.go:135.2,135.38 1 1
github.com/fenilsonani/vcs/internal/transport/http.go:135.38,137.3 1 0
github.com/fenilsonani/vcs/internal/transport/http.go:139.2,139.23 1 1
github.com/fenilsonani/vcs/internal/transport/http.go:143.102,151.29 3 1
github.com/fenilsonani/vcs/internal/transport/http.go:151.29,153.3 1 1
github.com/fenilsonani/vcs/internal/transport/http.go:156.2,156.29 1 1
github.com/fenilsonani/vcs/internal/transport/http.go:156.29,158.3 1 1
github.com/fenilsonani/vcs/internal/transport/http.go:161.2,164.16 3 1
github.com/fenilsonani/vcs/internal/transport/http.go:164.16,166.3 1 0
github.com/fenilsonani/vcs/internal/transport/http.go:168.2,173.16 5 1
github.com/fenilsonani/vcs/internal/transport/http.go:173.16,175.3 1 0
github.com/fenilsonani/vcs/internal/transport/http.go:177.2,177.38 1 1
github.com/fenilsonani/vcs/internal/transport/http.go:177.38,180.3 2 1
github.com/fenilsonani/vcs/internal/transport/http.go:183.2,184.59 2 1
github.com/fenilsonani/vcs/internal/transport/http.go:184.59,187.3 2 0
github.com/fenilsonani/vcs/internal/transport/http.go:189.2,189.23 1 1
github.com/fenilsonani/vcs/internal/transport/http.go:193.49,197.39 1 1
github.com/fenilsonani/vcs/internal/transport/http.go:197.39,199.22 2 1
github.com/fenilsonani/vcs/internal/transport/http.go:199.22,201.4 1 1
github.com/fenilsonani/vcs/internal/transport/http.go:203.3,206.55 3 1
github.com/fenilsonani/vcs/internal/transport/http.go:210.2,210.83 1 1
github.com/fenilsonani/vcs/internal/transport/http.go:210.83,212.17 2 1
github.com/fenilsonani/vcs/internal/transport/http.go:212.17,214.4 1 0
github.com/fenilsonani/vcs/internal/transport/http.go:217.3,217.109 1 1
github.com/fenilsonani/vcs/internal/transport/http.go:217.109,219.4 1 1
github.com/fenilsonani/vcs/internal/transport/http.go:220.3,222.25 2 1
github.com/fenilsonani/vcs/internal/transport/http.go:226.2,226.71 1 1
github.com/fenilsonani/vcs/internal/transport/http.go:226.71,228.3 1 1
github.com/fenilsonani/vcs/internal/transport/http.go:230.2,230.61 1 1
github.com/fenilsonani/vcs/internal/transport/http.go:240.74,242.16 2 1
github.com/fenilsonani/vcs/internal/transport/http.go:242.16,244.3 1 1
github.com/fenilsonani/vcs/internal/transport/http.go:246.2,254.23 3 1
github.com/fenilsonani/vcs/internal/transport/http.go:258.100,262.16 3 1
github.com/fenilsonani/vcs/internal/transport/http.go:262.16,264.3 1 0
github.com/fenilsonani/vcs/internal/transport/http.go:266.2,270.19 3 1
github.com/fenilsonani/vcs/internal/transport/http.go:270.19,272.3 1 1
github.com/fenilsonani/vcs/internal/transport/http.go:274.2,275.16 2 1
github.com/fenilsonani/vcs/internal/transport/http.go:275.16,277.3 1 0
github.com/fenilsonani/vcs/internal/transport/http.go:278.2,280.48 2 1
github.com/fenilsonani/vcs/internal/transport/http.go:280.48,282.3 1 1
github.com/fenilsonani/vcs/internal/transport/http.go:284.2,284.38 1 1
github.com/fenilsonani/vcs/internal/transport/http.go:284.38,286.3 1 0
github.com/fenilsonani/vcs/internal/transport/http.go:288.2,288.43 1 1
github.com/fenilsonani/vcs/internal/transport/http.go:292.94,295.16 2 1
github.com/fenilsonani/vcs/internal/transport/http.go:295.16,297.3 1 1
github.com/fenilsonani/vcs/internal/transport/http.go:299.2,300.25 2 1
github.com/fenilsonani/vcs/internal/transport/http.go:300.25,302.3 1 0
github.com/fenilsonani/vcs/internal/transport/http.go:304.2,310.16 4 1
github.com/fenilsonani/vcs/internal/transport/http.go:310.16,312.3 1 0
github.com/fenilsonani/vcs/internal/transport/http.go:314.2,317.19 3 1
github.com/fenilsonani/vcs/internal/transport/http.go:317.19,319.3 1 1
github.com/fenilsonani/vcs/internal/transport/http.go:321.2,322.16 2 1
github.com/fenilsonani/vcs/internal/transport/http.go:322.16,324.3 1 0
github.com/fenilsonani/vcs/internal/transport/http.go:325.2,327.38 2 1
github.com/fenilsonani/vcs/internal/transport/http.go:327.38,329.3 1 1
github.com/fenilsonani/vcs/internal/transport/http.go:333.2,337.18 2 0
github.com/fenilsonani/vcs/internal/core/workdir/workdir.go:34.33,35.11 1 1
github.com/fenilsonani/vcs/internal/core/workdir/workdir.go:36.23,37.21 1 1
github.com/fenilsonani/vcs/internal/core/workdir/workdir.go:38.22,39.20 1 1
github.com/fenilsonani/vcs/internal/core/workdir/workdir.go:40.19,41.17 1 1
github.com/fenilsonani/vcs/internal/core/workdir/workdir.go:42.21,43.19 1 1
github.com/fenilsonani/vcs/internal/core/workdir/workdir.go:44.21,45.19 1 1
github.com/fenilsonani/vcs/internal/core/workdir/workdir.go:46.21,47.19 1 1
github.com/fenilsonani/vcs/internal/core/workdir/workdir.go:48.10,49.19 1 1
github.com/fenilsonani/vcs/internal/core/workdir/workdir.go:69.51,75.2 1 1
github.com/fenilsonani/vcs/internal/core/workdir/workdir.go:78.53,80.2 1 1
github.com/fenilsonani/vcs/internal/core/workdir/workdir.go:83.62,86.88 2 1
github.com/fenilsonani/vcs/internal/core/workdir/workdir.go:86.88,87.17 1 1
github.com/fenilsonani/vcs/internal/core/workdir/workdir.go:87.17,89.4 1 0
github.com/fenilsonani/vcs/internal/core/workdir/workdir.go:92.3,92.38 1 1
github.com/fenilsonani/vcs/internal/core/workdir/workdir.go:92.38,94.4 1 1
github.com/fenilsonani/vcs/internal/core/workdir/workdir.go:97.3,98.17 2 1
github.com/fenilsonani/vcs/internal/core/workdir/workdir.go:98.17,100.4 1 0
github.com/fenilsonani/vcs/internal/core/workdir/workdir.go:103.3,103.21 1 1
github.com/fenilsonani/vcs/internal/core/workdir/workdir.go:103.21,105.4 1 1
github.com/fenilsonani/vcs/internal/core/workdir/workdir.go:107.3,108.17 2 1
github.com/fenilsonani/vcs/internal/core/workdir/workdir.go:108.17,110.4 1 0
github.com/fenilsonani/vcs/internal/core/workdir/workdir.go:112.3,121.13 3 1
github.com/fenilsonani/vcs/internal/core/workdir/workdir.go:124.2,124.19 1 1
github.com/fenilsonani/vcs/internal/core/workdir/workdir.go:128.51,130.16 2 1
github.com/fenilsonani/vcs/internal/core/workdir/workdir.go:130.16,132.3 1 0
github.com/fenilsonani/vcs/internal/core/workdir/workdir.go:134.2,135.29 2 1
github.com/fenilsonani/vcs/internal/core/workdir/workdir.go:135.29,136.18 1 1
github.com/fenilsonani/vcs/internal/core/workdir/workdir.go:136.18,138.4 1 1
github.com/fenilsonani/vcs/internal/core/workdir/workdir.go:141.2,141.22 1 1
github.com/fenilsonani/vcs/internal/core/workdir/workdir.go:145.47,147.2 1 1
github.com/fenilsonani/vcs/internal/core/workdir/workdir.go:150.62,152.29 2 1
github.com/fenilsonani/vcs/internal/core/workdir/workdir.go:152.29,153.30 1 1
github.com/fenilsonani/vcs/internal/core/workdir/workdir.go:153.30,155.4 1 1
github.com/fenilsonani/vcs/internal/core/workdir/workdir.go:157.2,157.17 1 1
github.com/fenilsonani/vcs/internal/core/workdir/workdir.go:161.63,164.2 2 1
github.com/fenilsonani/vcs/internal/core/workdir/workdir.go:167.70,170.16 3 1
github.com/fenilsonani/vcs/internal/core/workdir/workdir.go:170.16,172.3 1 1
github.com/fenilsonani/vcs/internal/core/workdir/workdir.go:174.2,175.20 2 1
github.com/fenilsonani/vcs/internal/core/workdir/workdir.go:175.20,177.3 1 1
github.com/fenilsonani/vcs/internal/core/workdir/workdir.go:179.2,179.30 1 1
github.com/fenilsonani/vcs/internal/core/workdir/workdir.go:188.42,192.2 1 1
github.com/fenilsonani/vcs/internal/core/workdir/workdir.go:195.54,197.55 2 1
github.com/fenilsonani/vcs/internal/core/workdir/workdir.go:197.55,199.3 1 1
github.com/fenilsonani/vcs/internal/core/workdir/workdir.go:203.59,205.16 2 1
github.com/fenilsonani/vcs/internal/core/workdir/workdir.go:205.16,206.25 1 1
github.com/fenilsonani/vcs/internal/core/workdir/workdir.go:206.25,208.4 1 1
github.com/fenilsonani/vcs/internal/core/workdir/workdir.go:209.3,209.13 1 0
github.com/fenilsonani/vcs/internal/core/workdir/workdir.go:212.2,213.29 2 1
github.com/fenilsonani/vcs/internal/core/workdir/workdir.go:213.29,215.3 1 1
github.com/fenilsonani/vcs/internal/core/workdir/workdir.go:217.2,217.12 1 1
github.com/fenilsonani/vcs/internal/core/workdir/workdir.go:221.51,224.38 2 1
github.com/fenilsonani/vcs/internal/core/workdir/workdir.go:224.38,225.37 1 1
github.com/fenilsonani/vcs/internal/core/workdir/workdir.go:225.37,227.4 1 1
github.com/fenilsonani/vcs/internal/core/workdir/workdir.go:229.2,229.14 1 1
github.com/fenilsonani/vcs/internal/core/workdir/workdir.go:233.67,237.37 2 1
github.com/fenilsonani/vcs/internal/core/workdir/workdir.go:237.37,239.3 1 0
github.com/fenilsonani/vcs/internal/core/workdir/workdir.go:242.2,242.37 1 1
github.com/fenilsonani/vcs/internal/core/workdir/workdir.go:242.37,246.3 2 1
github.com/fenilsonani/vcs/internal/core/workdir/workdir.go:249.2,249.37 1 1
github.com/fenilsonani/vcs/internal/core/workdir/workdir.go:249.37,252.3 2 1
github.com/fenilsonani/vcs/internal/core/workdir/workdir.go:255.2,255.36 1 1
github.com/fenilsonani/vcs/internal/core/workdir/workdir.go:255.36,257.3 1 1
github.com/fenilsonani/vcs/internal/core/workdir/workdir.go:260.2,260.59 1 0
github.com/fenilsonani/vcs/internal/core/workdir/workdir.go:264.66,265.36 1 1
github.com/fenilsonani/vcs/internal/core/workdir/workdir.go:265.36,267.3 1 0
github.com/fenilsonani/vcs/internal/core/workdir/workdir.go:268.2,268.64 1 1
github.com/fenilsonani/vcs/internal/core/workdir/workdir.go:272.68,276.21 2 1
github.com/fenilsonani/vcs/internal/core/workdir/workdir.go:276.21,278.3 1 0
github.com/fenilsonani/vcs/internal/core/workdir/workdir.go:281.2,281.58 1 1
github.com/fenilsonani/vcs/internal/core/workdir/workdir.go:281.58,283.3 1 1
github.com/fenilsonani/vcs/internal/core/workdir/workdir.go:286.2,286.80 1 1
github.com/fenilsonani/vcs/internal/core/workdir/workdir.go:286.80,288.3 1 1
github.com/fenilsonani/vcs/internal/core/workdir/workdir.go:292.2,293.29 2 1
github.com/fenilsonani/vcs/internal/core/workdir/workdir.go:293.29,294.13 1 1
github.com/fenilsonani/vcs/internal/core/workdir/workdir.go:294.13,295.18 1 1
github.com/fenilsonani/vcs/internal/core/workdir/workdir.go:295.18,297.5 1 1
github.com/fenilsonani/vcs/internal/core/workdir/workdir.go:298.4,298.12 1 1
github.com/fenilsonani/vcs/internal/core/workdir/workdir.go:301.3,301.17 1 1
github.com/fenilsonani/vcs/internal/core/workdir/workdir.go:301.17,302.12 1 1
github.com/fenilsonani/vcs/internal/core/workdir/workdir.go:305.3,306.16 2 1
github.com/fenilsonani/vcs/internal/core/workdir/workdir.go:306.16,308.4 1 1
github.com/fenilsonani/vcs/internal/core/workdir/workdir.go:309.3,309.36 1 1
github.com/fenilsonani/vcs/internal/core/workdir/workdir.go:312.2,312.13 1 1
github.com/fenilsonani/vcs/internal/core/objects/blob.go:15.33,21.2 3 1
github.com/fenilsonani/vcs/internal/core/objects/blob.go:24.52,26.16 2 1
github.com/fenilsonani/vcs/internal/core/objects/blob.go:26.16,28.3 1 1
github.com/fenilsonani/vcs/internal/core/objects/blob.go:29.2,29.27 1 1
github.com/fenilsonani/vcs/internal/core/objects/blob.go:33.34,35.2 1 1
github.com/fenilsonani/vcs/internal/core/objects/blob.go:38.29,40.2 1 1
github.com/fenilsonani/vcs/internal/core/objects/blob.go:43.30,45.2 1 1
github.com/fenilsonani/vcs/internal/core/objects/blob.go:48.30,50.2 1 1
github.com/fenilsonani/vcs/internal/core/objects/blob.go:53.35,55.2 1 1
github.com/fenilsonani/vcs/internal/core/objects/blob.go:58.44,60.2 1 1
github.com/fenilsonani/vcs/internal/core/objects/blob.go:63.48,68.2 1 1
github.com/fenilsonani/vcs/internal/core/objects/commit.go:22.104,32.2 3 1
github.com/fenilsonani/vcs/internal/core/objects/commit.go:35.36,37.2 1 1
github.com/fenilsonani/vcs/internal/core/objects/commit.go:40.31,43.2 2 1
github.com/fenilsonani/vcs/internal/core/objects/commit.go:46.32,47.19 1 1
github.com/fenilsonani/vcs/internal/core/objects/commit.go:47.19,49.3 1 1
github.com/fenilsonani/vcs/internal/core/objects/commit.go:50.2,50.13 1 1
github.com/fenilsonani/vcs/internal/core/objects/commit.go:54.34,56.2 1 1
github.com/fenilsonani/vcs/internal/core/objects/commit.go:59.39,61.2 1 1
github.com/fenilsonani/vcs/internal/core/objects/commit.go:64.37,66.2 1 1
github.com/fenilsonani/vcs/internal/core/objects/commit.go:69.40,71.2 1 1
github.com/fenilsonani/vcs/internal/core/objects/commit.go:74.35,76.2 1 1
github.com/fenilsonani/vcs/internal/core/objects/commit.go:79.46,86.35 3 1
github.com/fenilsonani/vcs/internal/core/objects/commit.go:86.35,88.3 1 1
github.com/fenilsonani/vcs/internal/core/objects/commit.go:91.2,102.25 5 1
github.com/fenilsonani/vcs/internal/core/objects/commit.go:106.30,109.2 2 1
github.com/fenilsonani/vcs/internal/core/objects/commit.go:112.61,124.21 5 1
github.com/fenilsonani/vcs/internal/core/objects/commit.go:124.21,127.16 2 1
github.com/fenilsonani/vcs/internal/core/objects/commit.go:127.16,128.18 1 1
github.com/fenilsonani/vcs/internal/core/objects/commit.go:128.18,130.13 2 1
github.com/fenilsonani/vcs/internal/core/objects/commit.go:133.4,134.23 2 1
github.com/fenilsonani/vcs/internal/core/objects/commit.go:134.23,136.5 1 1
github.com/fenilsonani/vcs/internal/core/objects/commit.go:138.4,140.15 2 1
github.com/fenilsonani/vcs/internal/core/objects/commit.go:141.16,143.19 2 1
github.com/fenilsonani/vcs/internal/core/objects/commit.go:143.19,145.6 1 1
github.com/fenilsonani/vcs/internal/core/objects/commit.go:146.5,146.23 1 1
github.com/fenilsonani/vcs/internal/core/objects/commit.go:148.18,150.19 2 1
github.com/fenilsonani/vcs/internal/core/objects/commit.go:150.19,152.6 1 1
github.com/fenilsonani/vcs/internal/core/objects/commit.go:153.5,153.52 1 1
github.com/fenilsonani/vcs/internal/core/objects/commit.go:155.18,157.19 2 1
github.com/fenilsonani/vcs/internal/core/objects/commit.go:157.19,159.6 1 1
github.com/fenilsonani/vcs/internal/core/objects/commit.go:160.5,160.25 1 1
github.com/fenilsonani/vcs/internal/core/objects/commit.go:162.21,164.19 2 1
github.com/fenilsonani/vcs/internal/core/objects/commit.go:164.19,166.6 1 1
github.com/fenilsonani/vcs/internal/core/objects/commit.go:167.5,167.28 1 1
github.com/fenilsonani/vcs/internal/core/objects/commit.go:169.12,169.12 0 0
github.com/fenilsonani/vcs/internal/core/objects/commit.go:172.9,174.4 1 1
github.com/fenilsonani/vcs/internal/core/objects/commit.go:177.2,177.38 1 1
github.com/fenilsonani/vcs/internal/core/objects/commit.go:177.38,179.3 1 0
github.com/fenilsonani/vcs/internal/core/objects/commit.go:181.2,182.71 2 1
github.com/fenilsonani/vcs/internal/core/objects/commit.go:182.71,184.3 1 1
github.com/fenilsonani/vcs/internal/core/objects/commit.go:186.2,186.20 1 1
github.com/fenilsonani/vcs/internal/core/objects/commit.go:190.58,195.66 3 1
github.com/fenilsonani/vcs/internal/core/objects/commit.go:195.66,197.3 1 1
github.com/fenilsonani/vcs/internal/core/objects/commit.go:199.2,205.21 5 1
github.com/fenilsonani/vcs/internal/core/objects/commit.go:205.21,207.3 1 1
github.com/fenilsonani/vcs/internal/core/objects/commit.go:209.2,210.16 2 1
github.com/fenilsonani/vcs/internal/core/objects/commit.go:210.16,212.3 1 1
github.com/fenilsonani/vcs/internal/core/objects/commit.go:214.2,218.8 1 1
github.com/fenilsonani/vcs/internal/core/objects/commit.go:222.67,225.26 3 1
github.com/fenilsonani/vcs/internal/core/objects/commit.go:225.26,227.3 1 1
github.com/fenilsonani/vcs/internal/core/objects/commit.go:230.2,232.26 3 1
github.com/fenilsonani/vcs/internal/core/objects/commit.go:232.26,234.3 1 0
github.com/fenilsonani/vcs/internal/core/objects/commit.go:237.2,244.45 5 1
github.com/fenilsonani/vcs/internal/core/objects/hash.go:14.36,16.2 1 1
github.com/fenilsonani/vcs/internal/core/objects/hash.go:19.35,21.2 1 1
github.com/fenilsonani/vcs/internal/core/objects/hash.go:24.34,25.23 1 1
github.com/fenilsonani/vcs/internal/core/objects/hash.go:25.23,26.13 1 1
github.com/fenilsonani/vcs/internal/core/objects/hash.go:26.13,28.4 1 1
github.com/fenilsonani/vcs/internal/core/objects/hash.go:30.2,30.13 1 1
github.com/fenilsonani/vcs/internal/core/objects/hash.go:34.47,36.2 1 1
github.com/fenilsonani/vcs/internal/core/objects/hash.go:39.51,42.23 2 1
github.com/fenilsonani/vcs/internal/core/objects/hash.go:42.23,44.3 1 1
github.com/fenilsonani/vcs/internal/core/objects/hash.go:46.2,47.16 2 1
github.com/fenilsonani/vcs/internal/core/objects/hash.go:47.16,49.3 1 1
github.com/fenilsonani/vcs/internal/core/objects/hash.go:51.2,52.16 2 1
github.com/fenilsonani/vcs/internal/core/objects/hash.go:56.63,64.2 6 1
github.com/fenilsonani/vcs/internal/core/objects/hash.go:67.83,71.41 3 1
github.com/fenilsonani/vcs/internal/core/objects/hash.go:71.41,73.3 1 1
github.com/fenilsonani/vcs/internal/core/objects/hash.go:75.2,77.16 3 1
github.com/fenilsonani/vcs/internal/core/objects/hash.go:81.52,86.22 2 1
github.com/fenilsonani/vcs/internal/core/objects/hash.go:86.22,88.3 1 1
github.com/fenilsonani/vcs/internal/core/objects/hash.go:92.2,92.86 1 1
github.com/fenilsonani/vcs/internal/core/objects/hash.go:95.38,100.44 3 1
github.com/fenilsonani/vcs/internal/core/objects/hash.go:100.44,102.3 1 1
github.com/fenilsonani/vcs/internal/core/objects/hash.go:104.2,104.44 1 1
github.com/fenilsonani/vcs/internal/core/objects/hash.go:104.44,106.3 1 1
github.com/fenilsonani/vcs/internal/core/objects/hash.go:108.2,108.21 1 1
github.com/fenilsonani/vcs/internal/core/objects/hash.go:111.32,113.2 1 1
github.com/fenilsonani/vcs/internal/core/objects/storage.go:21.41,26.2 1 1
github.com/fenilsonani/vcs/internal/core/objects/storage.go:29.32,31.54 1 1
github.com/fenilsonani/vcs/internal/core/objects/storage.go:31.54,33.3 1 1
github.com/fenilsonani/vcs/internal/core/objects/storage.go:36.2,36.27 1 1
github.com/fenilsonani/vcs/internal/core/objects/storage.go:36.27,38.48 2 1
github.com/fenilsonani/vcs/internal/core/objects/storage.go:38.48,40.4 1 0
github.com/fenilsonani/vcs/internal/core/objects/storage.go:44.2,45.51 2 1
github.com/fenilsonani/vcs/internal/core/objects/storage.go:45.51,47.3 1 0
github.com/fenilsonani/vcs/internal/core/objects/storage.go:50.2,51.51 2 1
github.com/fenilsonani/vcs/internal/core/objects/storage.go:51.51,53.3 1 0
github.com/fenilsonani/vcs/internal/core/objects/storage.go:55.2,55.12 1 1
github.com/fenilsonani/vcs/internal/core/objects/storage.go:59.49,63.21 2 1
github.com/fenilsonani/vcs/internal/core/objects/storage.go:63.21,65.3 1 1
github.com/fenilsonani/vcs/internal/core/objects/storage.go:68.2,69.16 2 1
github.com/fenilsonani/vcs/internal/core/objects/storage.go:69.16,71.3 1 0
github.com/fenilsonani/vcs/internal/core/objects/storage.go:74.2,79.16 4 1
github.com/fenilsonani/vcs/internal/core/objects/storage.go:79.16,81.3 1 0
github.com/fenilsonani/vcs/internal/core/objects/storage.go:84.2,88.47 3 1
github.com/fenilsonani/vcs/internal/core/objects/storage.go:88.47,90.3 1 1
github.com/fenilsonani/vcs/internal/core/objects/storage.go:93.2,94.64 2 1
github.com/fenilsonani/vcs/internal/core/objects/storage.go:94.64,96.3 1 1
github.com/fenilsonani/vcs/internal/core/objects/storage.go:99.2,99.49 1 1
github.com/fenilsonani/vcs/internal/core/objects/storage.go:99.49,102.3 2 0
github.com/fenilsonani/vcs/internal/core/objects/storage.go:105.2,109.12 4 1
github.com/fenilsonani/vcs/internal/core/objects/storage.go:113.59,116.32 2 1
github.com/fenilsonani/vcs/internal/core/objects/storage.go:116.32,119.3 2 1
github.com/fenilsonani/vcs/internal/core/objects/storage.go:120.2,125.16 4 1
github.com/fenilsonani/vcs/internal/core/objects/storage.go:125.16,126.25 1 1
github.com/fenilsonani/vcs/internal/core/objects/storage.go:126.25,129.4 1 1
github.com/fenilsonani/vcs/internal/core/objects/storage.go:130.3,130.64 1 0
github.com/fenilsonani/vcs/internal/core/objects/storage.go:134.2,135.16 2 0
github.com/fenilsonani/vcs/internal/core/objects/storage.go:135.16,137.3 1 0
github.com/fenilsonani/vcs/internal/core/objects/storage.go:140.2,141.19 2 0
github.com/fenilsonani/vcs/internal/core/objects/storage.go:141.19,143.3 1 0
github.com/fenilsonani/vcs/internal/core/objects/storage.go:145.2,151.72 5 0
github.com/fenilsonani/vcs/internal/core/objects/storage.go:151.72,153.3 1 0
github.com/fenilsonani/vcs/internal/core/objects/storage.go:155.2,155.23 1 0
github.com/fenilsonani/vcs/internal/core/objects/storage.go:155.23,157.3 1 0
github.com/fenilsonani/vcs/internal/core/objects/storage.go:160.2,161.29 2 0
github.com/fenilsonani/vcs/internal/core/objects/storage.go:162.16,163.28 1 0
github.com/fenilsonani/vcs/internal/core/objects/storage.go:164.16,165.33 1 0
github.com/fenilsonani/vcs/internal/core/objects/storage.go:166.18,167.35 1 0
github.com/fenilsonani/vcs/internal/core/objects/storage.go:168.15,169.32 1 0
github.com/fenilsonani/vcs/internal/core/objects/storage.go:170.10,171.61 1 0
github.com/fenilsonani/vcs/internal/core/objects/storage.go:174.2,174.16 1 0
github.com/fenilsonani/vcs/internal/core/objects/storage.go:174.16,176.3 1 0
github.com/fenilsonani/vcs/internal/core/objects/storage.go:179.2,183.17 4 0
github.com/fenilsonani/vcs/internal/core/objects/storage.go:187.47,190.30 2 1
github.com/fenilsonani/vcs/internal/core/objects/storage.go:190.30,193.3 2 1
github.com/fenilsonani/vcs/internal/core/objects/storage.go:194.2,198.41 3 1
github.com/fenilsonani/vcs/internal/core/objects/storage.go:198.41,200.3 1 0
github.com/fenilsonani/vcs/internal/core/objects/storage.go:203.2,203.14 1 1
github.com/fenilsonani/vcs/internal/core/objects/storage.go:207.50,210.2 2 1
github.com/fenilsonani/vcs/internal/core/objects/storage.go:213.48,217.41 3 1
github.com/fenilsonani/vcs/internal/core/objects/storage.go:217.41,220.3 2 0
github.com/fenilsonani/vcs/internal/core/objects/storage.go:222.2,222.34 1 1
github.com/fenilsonani/vcs/internal/core/objects/storage.go:222.34,224.3 1 0
github.com/fenilsonani/vcs/internal/core/objects/storage.go:226.2,226.25 1 1
github.com/fenilsonani/vcs/internal/core/objects/storage.go:230.56,232.16 2 1
github.com/fenilsonani/vcs/internal/core/objects/storage.go:232.16,234.3 1 1
github.com/fenilsonani/vcs/internal/core/objects/storage.go:235.2,237.22 2 1
github.com/fenilsonani/vcs/internal/core/objects/tag.go:21.97,31.2 3 1
github.com/fenilsonani/vcs/internal/core/objects/tag.go:34.33,36.2 1 1
github.com/fenilsonani/vcs/internal/core/objects/tag.go:39.28,42.2 2 1
github.com/fenilsonani/vcs/internal/core/objects/tag.go:45.29,46.19 1 1
github.com/fenilsonani/vcs/internal/core/objects/tag.go:46.19,48.3 1 1
github.com/fenilsonani/vcs/internal/core/objects/tag.go:49.2,49.13 1 1
github.com/fenilsonani/vcs/internal/core/objects/tag.go:53.33,55.2 1 1
github.com/fenilsonani/vcs/internal/core/objects/tag.go:58.39,60.2 1 1
github.com/fenilsonani/vcs/internal/core/objects/tag.go:63.32,65.2 1 1
github.com/fenilsonani/vcs/internal/core/objects/tag.go:68.34,70.2 1 1
github.com/fenilsonani/vcs/internal/core/objects/tag.go:73.32,75.2 1 1
github.com/fenilsonani/vcs/internal/core/objects/tag.go:78.43,100.2 8 1
github.com/fenilsonani/vcs/internal/core/objects/tag.go:103.27,106.2 2 1
github.com/fenilsonani/vcs/internal/core/objects/tag.go:109.55,120.21 5 1
github.com/fenilsonani/vcs/internal/core/objects/tag.go:120.21,123.16 2 1
github.com/fenilsonani/vcs/internal/core/objects/tag.go:123.16,124.18 1 1
github.com/fenilsonani/vcs/internal/core/objects/tag.go:124.18,126.13 2 1
github.com/fenilsonani/vcs/internal/core/objects/tag.go:129.4,130.23 2 1
github.com/fenilsonani/vcs/internal/core/objects/tag.go:130.23,132.5 1 1
github.com/fenilsonani/vcs/internal/core/objects/tag.go:134.4,136.15 2 1
github.com/fenilsonani/vcs/internal/core/objects/tag.go:137.18,139.19 2 1
github.com/fenilsonani/vcs/internal/core/objects/tag.go:139.19,141.6 1 1
github.com/fenilsonani/vcs/internal/core/objects/tag.go:142.5,142.24 1 1
github.com/fenilsonani/vcs/internal/core/objects/tag.go:144.16,146.27 2 1
github.com/fenilsonani/vcs/internal/core/objects/tag.go:146.27,148.6 1 1
github.com/fenilsonani/vcs/internal/core/objects/tag.go:150.15,151.20 1 1
github.com/fenilsonani/vcs/internal/core/objects/tag.go:153.18,155.19 2 1
github.com/fenilsonani/vcs/internal/core/objects/tag.go:155.19,157.6 1 1
github.com/fenilsonani/vcs/internal/core/objects/tag.go:158.5,158.22 1 1
github.com/fenilsonani/vcs/internal/core/objects/tag.go:160.12,160.12 0 1
github.com/fenilsonani/vcs/internal/core/objects/tag.go:163.9,165.4 1 1
github.com/fenilsonani/vcs/internal/core/objects/tag.go:168.2,168.38 1 1
github.com/fenilsonani/vcs/internal/core/objects/tag.go:168.38,170.3 1 0
github.com/fenilsonani/vcs/internal/core/objects/tag.go:172.2,173.68 2 1
github.com/fenilsonani/vcs/internal/core/objects/tag.go:173.68,175.3 1 1
github.com/fenilsonani/vcs/internal/core/objects/tag.go:177.2,177.17 1 1
github.com/fenilsonani/vcs/internal/core/objects/tree.go:35.22,39.2 1 1
github.com/fenilsonani/vcs/internal/core/objects/tree.go:42.72,43.16 1 1
github.com/fenilsonani/vcs/internal/core/objects/tree.go:43.16,45.3 1 1
github.com/fenilsonani/vcs/internal/core/objects/tree.go:48.2,48.30 1 1
github.com/fenilsonani/vcs/internal/core/objects/tree.go:48.30,49.21 1 1
github.com/fenilsonani/vcs/internal/core/objects/tree.go:49.21,51.4 1 1
github.com/fenilsonani/vcs/internal/core/objects/tree.go:54.2,62.12 3 1
github.com/fenilsonani/vcs/internal/core/objects/tree.go:66.38,68.2 1 1
github.com/fenilsonani/vcs/internal/core/objects/tree.go:71.34,73.2 1 1
github.com/fenilsonani/vcs/internal/core/objects/tree.go:76.29,79.2 2 1
github.com/fenilsonani/vcs/internal/core/objects/tree.go:82.30,83.19 1 1
github.com/fenilsonani/vcs/internal/core/objects/tree.go:83.19,85.3 1 1
github.com/fenilsonani/vcs/internal/core/objects/tree.go:86.2,86.13 1 1
github.com/fenilsonani/vcs/internal/core/objects/tree.go:90.44,94.41 3 1
github.com/fenilsonani/vcs/internal/core/objects/tree.go:94.41,96.3 1 1
github.com/fenilsonani/vcs/internal/core/objects/tree.go:98.2,99.31 2 1
github.com/fenilsonani/vcs/internal/core/objects/tree.go:99.31,103.3 2 1
github.com/fenilsonani/vcs/internal/core/objects/tree.go:105.2,105.25 1 1
github.com/fenilsonani/vcs/internal/core/objects/tree.go:109.28,112.2 2 1
github.com/fenilsonani/vcs/internal/core/objects/tree.go:115.57,121.20 2 1
github.com/fenilsonani/vcs/internal/core/objects/tree.go:121.20,124.21 2 1
github.com/fenilsonani/vcs/internal/core/objects/tree.go:124.21,126.4 1 1
github.com/fenilsonani/vcs/internal/core/objects/tree.go:129.3,131.17 3 1
github.com/fenilsonani/vcs/internal/core/objects/tree.go:131.17,133.4 1 1
github.com/fenilsonani/vcs/internal/core/objects/tree.go:135.3,139.20 3 1
github.com/fenilsonani/vcs/internal/core/objects/tree.go:139.20,141.4 1 1
github.com/fenilsonani/vcs/internal/core/objects/tree.go:143.3,147.21 3 1
github.com/fenilsonani/vcs/internal/core/objects/tree.go:147.21,149.4 1 1
github.com/fenilsonani/vcs/internal/core/objects/tree.go:151.3,159.5 4 1
github.com/fenilsonani/vcs/internal/core/objects/tree.go:162.2,162.18 1 1
github.com/fenilsonani/vcs/internal/core/objects/types.go:19.36,20.11 1 1
github.com/fenilsonani/vcs/internal/core/objects/types.go:21.47,22.14 1 1
github.com/fenilsonani/vcs/internal/core/objects/types.go:23.10,24.15 1 1
github.com/fenilsonani/vcs/internal/core/objects/types.go:44.36,48.2 3 1
github.com/fenilsonani/vcs/internal/core/objects/types.go:51.54,54.2 1 1
github.com/fenilsonani/vcs/pkg/vcs/repository.go:20.45,22.48 1 1
github.com/fenilsonani/vcs/pkg/vcs/repository.go:22.48,24.3 1 1
github.com/fenilsonani/vcs/pkg/vcs/repository.go:26.2,29.50 2 1
github.com/fenilsonani/vcs/pkg/vcs/repository.go:29.50,31.3 1 0
github.com/fenilsonani/vcs/pkg/vcs/repository.go:34.2,35.39 2 1
github.com/fenilsonani/vcs/pkg/vcs/repository.go:35.39,37.3 1 0
github.com/fenilsonani/vcs/pkg/vcs/repository.go:40.2,41.27 2 1
github.com/fenilsonani/vcs/pkg/vcs/repository.go:41.27,43.53 2 1
github.com/fenilsonani/vcs/pkg/vcs/repository.go:43.53,45.4 1 0
github.com/fenilsonani/vcs/pkg/vcs/repository.go:49.2,51.74 3 1
github.com/fenilsonani/vcs/pkg/vcs/repository.go:51.74,53.3 1 0
github.com/fenilsonani/vcs/pkg/vcs/repository.go:56.2,63.78 3 1
github.com/fenilsonani/vcs/pkg/vcs/repository.go:63.78,65.3 1 0
github.com/fenilsonani/vcs/pkg/vcs/repository.go:68.2,70.74 3 1
github.com/fenilsonani/vcs/pkg/vcs/repository.go:70.74,72.3 1 0
github.com/fenilsonani/vcs/pkg/vcs/repository.go:74.2,78.8 1 1
github.com/fenilsonani/vcs/pkg/vcs/repository.go:82.45,85.63 2 1
github.com/fenilsonani/vcs/pkg/vcs/repository.go:85.63,87.3 1 1
github.com/fenilsonani/vcs/pkg/vcs/repository.go:90.2,91.45 2 1
github.com/fenilsonani/vcs/pkg/vcs/repository.go:91.45,93.3 1 1
github.com/fenilsonani/vcs/pkg/vcs/repository.go:95.2,101.8 2 1
github.com/fenilsonani/vcs/pkg/vcs/repository.go:105.36,107.2 1 1
github.com/fenilsonani/vcs/pkg/vcs/repository.go:110.38,112.2 1 1
github.com/fenilsonani/vcs/pkg/vcs/repository.go:115.39,117.2 1 1
github.com/fenilsonani/vcs/pkg/vcs/repository.go:120.77,122.2 1 1
github.com/fenilsonani/vcs/pkg/vcs/repository.go:125.78,127.16 2 1
github.com/fenilsonani/vcs/pkg/vcs/repository.go:127.16,129.3 1 0
github.com/fenilsonani/vcs/pkg/vcs/repository.go:131.2,132.9 2 1
github.com/fenilsonani/vcs/pkg/vcs/repository.go:132.9,134.3 1 1
github.com/fenilsonani/vcs/pkg/vcs/repository.go:136.2,136.20 1 1
github.com/fenilsonani/vcs/pkg/vcs/repository.go:140.74,142.16 2 1
github.com/fenilsonani/vcs/pkg/vcs/repository.go:142.16,144.3 1 0
github.com/fenilsonani/vcs/pkg/vcs/repository.go:146.2,147.9 2 1
github.com/fenilsonani/vcs/pkg/vcs/repository.go:147.9,149.3 1 1
github.com/fenilsonani/vcs/pkg/vcs/repository.go:151.2,151.18 1 1
github.com/fenilsonani/vcs/pkg/vcs/repository.go:155.74,157.16 2 1
github.com/fenilsonani/vcs/pkg/vcs/repository.go:157.16,159.3 1 0
github.com/fenilsonani/vcs/pkg/vcs/repository.go:161.2,162.9 2 1
github.com/fenilsonani/vcs/pkg/vcs/repository.go:162.9,164.3 1 1
github.com/fenilsonani/vcs/pkg/vcs/repository.go:166.2,166.18 1 1
github.com/fenilsonani/vcs/pkg/vcs/repository.go:170.112,173.17 2 1
github.com/fenilsonani/vcs/pkg/vcs/repository.go:174.24,175.30 1 1
github.com/fenilsonani/vcs/pkg/vcs/repository.go:176.10,177.96 1 1
github.com/fenilsonani/vcs/pkg/vcs/repository.go:180.2,180.11 1 1
github.com/fenilsonani/vcs/pkg/vcs/repository.go:180.11,181.52 1 1
github.com/fenilsonani/vcs/pkg/vcs/repository.go:181.52,183.4 1 0
github.com/fenilsonani/vcs/pkg/vcs/repository.go:186.2,186.22 1 1
github.com/fenilsonani/vcs/pkg/vcs/repository.go:190.127,192.16 2 1
github.com/fenilsonani/vcs/pkg/vcs/repository.go:192.16,194.3 1 0
github.com/fenilsonani/vcs/pkg/vcs/repository.go:196.2,196.43 1 1
github.com/fenilsonani/vcs/pkg/vcs/repository.go:200.61,202.2 1 1
github.com/fenilsonani/vcs/pkg/vcs/repository.go:205.66,209.2 3 1
github.com/fenilsonani/vcs/pkg/vcs/repository.go:212.78,214.2 1 1
github.com/fenilsonani/vcs/pkg/vcs/repository.go:217.60,219.2 1 1
github.com/fenilsonani/vcs/pkg/vcs/repository.go:222.58,224.2 1 1
github.com/fenilsonani/vcs/pkg/vcs/repository.go:227.69,229.44 2 1
github.com/fenilsonani/vcs/pkg/vcs/repository.go:229.44,231.3 1 0
github.com/fenilsonani/vcs/pkg/vcs/repository.go:232.2,232.18 1 1
github.com/fenilsonani/vcs/pkg/vcs/repository.go:236.85,239.32 2 1
github.com/fenilsonani/vcs/pkg/vcs/repository.go:239.32,240.73 1 1
github.com/fenilsonani/vcs/pkg/vcs/repository.go:240.73,242.4 1 1
github.com/fenilsonani/vcs/pkg/vcs/repository.go:245.2,245.44 1 1
github.com/fenilsonani/vcs/pkg/vcs/repository.go:245.44,247.3 1 0
github.com/fenilsonani/vcs/pkg/vcs/repository.go:249.2,249.18 1 1
github.com/fenilsonani/vcs/pkg/vcs/repository.go:253.164,256.46 2 1
github.com/fenilsonani/vcs/pkg/vcs/repository.go:256.46,258.3 1 0
github.com/fenilsonani/vcs/pkg/vcs/repository.go:260.2,260.20 1 1
github.com/fenilsonani/vcs/pkg/vcs/repository.go:264.161,267.46 2 1
github.com/fenilsonani/vcs/pkg/vcs/repository.go:267.46,269.3 1 0
github.com/fenilsonani/vcs/pkg/vcs/repository.go:271.2,271.20 1 1
github.com/fenilsonani/vcs/cmd/vcs/add.go:16.37,32.2 7 1
github.com/fenilsonani/vcs/cmd/vcs/add.go:34.54,37.16 2 1
github.com/fenilsonani/vcs/cmd/vcs/add.go:37.16,39.3 1 1
github.com/fenilsonani/vcs/cmd/vcs/add.go:42.2,43.16 2 1
github.com/fenilsonani/vcs/cmd/vcs/add.go:43.16,45.3 1 0
github.com/fenilsonani/vcs/cmd/vcs/add.go:48.2,57.46 8 1
github.com/fenilsonani/vcs/cmd/vcs/add.go:57.46,58.53 1 1
github.com/fenilsonani/vcs/cmd/vcs/add.go:58.53,61.4 1 0
github.com/fenilsonani/vcs/cmd/vcs/add.go:65.2,73.12 5 1
github.com/fenilsonani/vcs/cmd/vcs/add.go:73.12,76.17 2 1
github.com/fenilsonani/vcs/cmd/vcs/add.go:76.17,78.4 1 0
github.com/fenilsonani/vcs/cmd/vcs/add.go:80.3,80.30 1 1
github.com/fenilsonani/vcs/cmd/vcs/add.go:80.30,81.46 1 1
github.com/fenilsonani/vcs/cmd/vcs/add.go:81.46,82.13 1 0
github.com/fenilsonani/vcs/cmd/vcs/add.go:84.4,84.46 1 1
github.com/fenilsonani/vcs/cmd/vcs/add.go:86.8,86.27 1 1
github.com/fenilsonani/vcs/cmd/vcs/add.go:86.27,88.3 1 1
github.com/fenilsonani/vcs/cmd/vcs/add.go:88.8,90.28 1 1
github.com/fenilsonani/vcs/cmd/vcs/add.go:90.28,92.18 2 1
github.com/fenilsonani/vcs/cmd/vcs/add.go:92.18,94.5 1 0
github.com/fenilsonani/vcs/cmd/vcs/add.go:95.4,95.45 1 1
github.com/fenilsonani/vcs/cmd/vcs/add.go:100.2,101.34 2 1
github.com/fenilsonani/vcs/cmd/vcs/add.go:101.34,105.17 3 1
github.com/fenilsonani/vcs/cmd/vcs/add.go:105.17,107.4 1 0
github.com/fenilsonani/vcs/cmd/vcs/add.go:110.3,114.17 3 1
github.com/fenilsonani/vcs/cmd/vcs/add.go:114.17,115.26 1 1
github.com/fenilsonani/vcs/cmd/vcs/add.go:115.26,117.46 1 1
github.com/fenilsonani/vcs/cmd/vcs/add.go:117.46,118.17 1 0
github.com/fenilsonani/vcs/cmd/vcs/add.go:118.17,121.7 2 0
github.com/fenilsonani/vcs/cmd/vcs/add.go:122.6,122.17 1 0
github.com/fenilsonani/vcs/cmd/vcs/add.go:122.17,124.7 1 0
github.com/fenilsonani/vcs/cmd/vcs/add.go:126.5,126.13 1 1
github.com/fenilsonani/vcs/cmd/vcs/add.go:128.4,128.62 1 0
github.com/fenilsonani/vcs/cmd/vcs/add.go:132.3,132.19 1 1
github.com/fenilsonani/vcs/cmd/vcs/add.go:132.19,133.12 1 1
github.com/fenilsonani/vcs/cmd/vcs/add.go:137.3,137.43 1 1
github.com/fenilsonani/vcs/cmd/vcs/add.go:137.43,138.15 1 1
github.com/fenilsonani/vcs/cmd/vcs/add.go:138.15,140.5 1 0
github.com/fenilsonani/vcs/cmd/vcs/add.go:141.4,141.12 1 1
github.com/fenilsonani/vcs/cmd/vcs/add.go:145.3,145.17 1 1
github.com/fenilsonani/vcs/cmd/vcs/add.go:145.17,146.46 1 0
github.com/fenilsonani/vcs/cmd/vcs/add.go:146.46,147.13 1 0
github.com/fenilsonani/vcs/cmd/vcs/add.go:151.3,151.13 1 1
github.com/fenilsonani/vcs/cmd/vcs/add.go:151.13,153.12 2 1
github.com/fenilsonani/vcs/cmd/vcs/add.go:157.3,158.17 2 1
github.com/fenilsonani/vcs/cmd/vcs/add.go:158.17,160.4 1 0
github.com/fenilsonani/vcs/cmd/vcs/add.go:163.3,164.17 2 1
github.com/fenilsonani/vcs/cmd/vcs/add.go:164.17,166.4 1 0
github.com/fenilsonani/vcs/cmd/vcs/add.go:169.3,170.48 2 1
github.com/fenilsonani/vcs/cmd/vcs/add.go:170.48,172.4 1 0
github.com/fenilsonani/vcs/cmd/vcs/add.go:175.3,190.40 2 1
github.com/fenilsonani/vcs/cmd/vcs/add.go:190.40,192.4 1 0
github.com/fenilsonani/vcs/cmd/vcs/add.go:194.3,196.14 2 1
github.com/fenilsonani/vcs/cmd/vcs/add.go:196.14,198.4 1 1
github.com/fenilsonani/vcs/cmd/vcs/add.go:202.2,202.25 1 1
github.com/fenilsonani/vcs/cmd/vcs/add.go:202.25,203.52 1 1
github.com/fenilsonani/vcs/cmd/vcs/add.go:203.52,205.4 1 0
github.com/fenilsonani/vcs/cmd/vcs/add.go:208.2,208.12 1 1
github.com/fenilsonani/vcs/cmd/vcs/add.go:212.61,216.29 2 1
github.com/fenilsonani/vcs/cmd/vcs/add.go:216.29,218.17 2 1
github.com/fenilsonani/vcs/cmd/vcs/add.go:218.17,220.4 1 0
github.com/fenilsonani/vcs/cmd/vcs/add.go:221.3,221.39 1 1
github.com/fenilsonani/vcs/cmd/vcs/add.go:221.39,223.4 1 1
github.com/fenilsonani/vcs/cmd/vcs/add.go:224.3,224.20 1 0
github.com/fenilsonani/vcs/cmd/vcs/add.go:228.2,228.41 1 1
github.com/fenilsonani/vcs/cmd/vcs/add.go:228.41,232.17 3 1
github.com/fenilsonani/vcs/cmd/vcs/add.go:232.17,234.4 1 0
github.com/fenilsonani/vcs/cmd/vcs/add.go:236.3,236.33 1 1
github.com/fenilsonani/vcs/cmd/vcs/add.go:236.33,238.18 2 1
github.com/fenilsonani/vcs/cmd/vcs/add.go:238.18,239.13 1 0
github.com/fenilsonani/vcs/cmd/vcs/add.go:241.4,241.34 1 1
github.com/fenilsonani/vcs/cmd/vcs/add.go:243.8,246.46 2 1
github.com/fenilsonani/vcs/cmd/vcs/add.go:246.46,247.26 1 1
github.com/fenilsonani/vcs/cmd/vcs/add.go:247.26,250.5 1 1
github.com/fenilsonani/vcs/cmd/vcs/add.go:250.10,252.5 1 0
github.com/fenilsonani/vcs/cmd/vcs/add.go:253.9,255.4 1 1
github.com/fenilsonani/vcs/cmd/vcs/add.go:258.2,258.19 1 1
github.com/fenilsonani/vcs/cmd/vcs/add_test_fixed.go:12.44,15.44 2 0
github.com/fenilsonani/vcs/cmd/vcs/add_test_fixed.go:15.44,17.3 1 0
github.com/fenilsonani/vcs/cmd/vcs/add_test_fixed.go:19.2,19.51 1 0
github.com/fenilsonani/vcs/cmd/vcs/add_test_fixed.go:19.51,21.3 1 0
github.com/fenilsonani/vcs/cmd/vcs/add_test_fixed.go:24.2,25.29 2 0
github.com/fenilsonani/vcs/cmd/vcs/add_test_fixed.go:25.29,26.38 1 0
github.com/fenilsonani/vcs/cmd/vcs/add_test_fixed.go:26.38,28.4 1 0
github.com/fenilsonani/vcs/cmd/vcs/add_test_fixed.go:32.37,39.16 5 0
github.com/fenilsonani/vcs/cmd/vcs/add_test_fixed.go:39.16,41.3 1 0
github.com/fenilsonani/vcs/cmd/vcs/add_test_fixed.go:43.2,54.18 1 0
github.com/fenilsonani/vcs/cmd/vcs/add_test_fixed.go:54.18,56.5 1 0
github.com/fenilsonani/vcs/cmd/vcs/add_test_fixed.go:59.43,60.50 1 0
github.com/fenilsonani/vcs/cmd/vcs/add_test_fixed.go:60.50,62.6 1 0
github.com/fenilsonani/vcs/cmd/vcs/add_test_fixed.go:63.5,63.15 1 0
github.com/fenilsonani/vcs/cmd/vcs/add_test_fixed.go:69.18,72.5 2 0
github.com/fenilsonani/vcs/cmd/vcs/add_test_fixed.go:75.43,76.51 1 0
github.com/fenilsonani/vcs/cmd/vcs/add_test_fixed.go:76.51,78.6 1 0
github.com/fenilsonani/vcs/cmd/vcs/add_test_fixed.go:79.5,79.51 1 0
github.com/fenilsonani/vcs/cmd/vcs/add_test_fixed.go:79.51,81.6 1 0
github.com/fenilsonani/vcs/cmd/vcs/add_test_fixed.go:82.5,82.15 1 0
github.com/fenilsonani/vcs/cmd/vcs/add_test_fixed.go:87.18,90.5 2 0
github.com/fenilsonani/vcs/cmd/vcs/add_test_fixed.go:94.43,95.50 1 0
github.com/fenilsonani/vcs/cmd/vcs/add_test_fixed.go:95.50,97.6 1 0
github.com/fenilsonani/vcs/cmd/vcs/add_test_fixed.go:98.5,98.50 1 0
github.com/fenilsonani/vcs/cmd/vcs/add_test_fixed.go:98.50,100.6 1 0
github.com/fenilsonani/vcs/cmd/vcs/add_test_fixed.go:101.5,101.15 1 0
github.com/fenilsonani/vcs/cmd/vcs/add_test_fixed.go:106.18,108.5 1 0
github.com/fenilsonani/vcs/cmd/vcs/add_test_fixed.go:112.43,113.51 1 0
github.com/fenilsonani/vcs/cmd/vcs/add_test_fixed.go:113.51,115.6 1 0
github.com/fenilsonani/vcs/cmd/vcs/add_test_fixed.go:116.5,116.15 1 0
github.com/fenilsonani/vcs/cmd/vcs/add_test_fixed.go:122.18,124.5 1 0
github.com/fenilsonani/vcs/cmd/vcs/add_test_fixed.go:128.43,129.53 1 0
github.com/fenilsonani/vcs/cmd/vcs/add_test_fixed.go:129.53,131.6 1 0
github.com/fenilsonani/vcs/cmd/vcs/add_test_fixed.go:132.5,132.15 1 0
github.com/fenilsonani/vcs/cmd/vcs/add_test_fixed.go:138.21,138.22 0 0
github.com/fenilsonani/vcs/cmd/vcs/add_test_fixed.go:144.19,146.5 0 0
github.com/fenilsonani/vcs/cmd/vcs/add_test_fixed.go:149.43,151.56 1 0
github.com/fenilsonani/vcs/cmd/vcs/add_test_fixed.go:151.56,153.6 1 0
github.com/fenilsonani/vcs/cmd/vcs/add_test_fixed.go:154.5,154.15 1 0
github.com/fenilsonani/vcs/cmd/vcs/add_test_fixed.go:159.18,163.5 3 0
github.com/fenilsonani/vcs/cmd/vcs/add_test_fixed.go:166.43,167.54 1 0
github.com/fenilsonani/vcs/cmd/vcs/add_test_fixed.go:167.54,169.6 1 0
github.com/fenilsonani/vcs/cmd/vcs/add_test_fixed.go:170.5,170.54 1 0
github.com/fenilsonani/vcs/cmd/vcs/add_test_fixed.go:170.54,172.6 1 0
github.com/fenilsonani/vcs/cmd/vcs/add_test_fixed.go:174.5,174.50 1 0
github.com/fenilsonani/vcs/cmd/vcs/add_test_fixed.go:174.50,176.6 1 0
github.com/fenilsonani/vcs/cmd/vcs/add_test_fixed.go:177.5,177.15 1 0
github.com/fenilsonani/vcs/cmd/vcs/add_test_fixed.go:182.2,182.27 1 0
github.com/fenilsonani/vcs/cmd/vcs/add_test_fixed.go:182.27,183.37 1 0
github.com/fenilsonani/vcs/cmd/vcs/add_test_fixed.go:183.37,186.31 2 0
github.com/fenilsonani/vcs/cmd/vcs/add_test_fixed.go:186.31,187.38 1 0
github.com/fenilsonani/vcs/cmd/vcs/add_test_fixed.go:187.38,189.6 1 0
github.com/fenilsonani/vcs/cmd/vcs/add_test_fixed.go:193.4,197.23 3 0
github.com/fenilsonani/vcs/cmd/vcs/add_test_fixed.go:197.23,199.5 1 0
github.com/fenilsonani/vcs/cmd/vcs/add_test_fixed.go:202.4,209.27 4 0
github.com/fenilsonani/vcs/cmd/vcs/add_test_fixed.go:209.27,211.5 1 0
github.com/fenilsonani/vcs/cmd/vcs/add_test_fixed.go:214.4,214.41 1 0
github.com/fenilsonani/vcs/cmd/vcs/add_test_fixed.go:214.41,216.49 2 0
github.com/fenilsonani/vcs/cmd/vcs/add_test_fixed.go:216.49,217.56 1 0
github.com/fenilsonani/vcs/cmd/vcs/add_test_fixed.go:217.56,219.7 1 0
github.com/fenilsonani/vcs/cmd/vcs/add_test_fixed.go:222.5,222.21 1 0
github.com/fenilsonani/vcs/cmd/vcs/add_test_fixed.go:228.41,271.27 8 0
github.com/fenilsonani/vcs/cmd/vcs/add_test_fixed.go:271.27,272.37 1 0
github.com/fenilsonani/vcs/cmd/vcs/add_test_fixed.go:272.37,275.34 2 0
github.com/fenilsonani/vcs/cmd/vcs/add_test_fixed.go:275.34,278.5 2 0
github.com/fenilsonani/vcs/cmd/vcs/add_test_fixed.go:280.4,280.32 1 0
github.com/fenilsonani/vcs/cmd/vcs/add_test_fixed.go:280.32,282.5 1 0
github.com/fenilsonani/vcs/cmd/vcs/branch.go:13.40,30.2 7 1
github.com/fenilsonani/vcs/cmd/vcs/branch.go:32.57,35.16 2 1
github.com/fenilsonani/vcs/cmd/vcs/branch.go:35.16,37.3 1 1
github.com/fenilsonani/vcs/cmd/vcs/branch.go:40.2,41.16 2 1
github.com/fenilsonani/vcs/cmd/vcs/branch.go:41.16,43.3 1 0
github.com/fenilsonani/vcs/cmd/vcs/branch.go:46.2,56.9 7 1
github.com/fenilsonani/vcs/cmd/vcs/branch.go:57.20,58.56 1 1
github.com/fenilsonani/vcs/cmd/vcs/branch.go:59.38,60.67 1 1
github.com/fenilsonani/vcs/cmd/vcs/branch.go:61.22,62.62 1 1
github.com/fenilsonani/vcs/cmd/vcs/branch.go:63.22,64.67 1 1
github.com/fenilsonani/vcs/cmd/vcs/branch.go:65.10,66.42 1 0
github.com/fenilsonani/vcs/cmd/vcs/branch.go:70.113,77.16 4 1
github.com/fenilsonani/vcs/cmd/vcs/branch.go:77.16,79.3 1 0
github.com/fenilsonani/vcs/cmd/vcs/branch.go:81.2,81.24 1 1
github.com/fenilsonani/vcs/cmd/vcs/branch.go:81.24,84.3 2 1
github.com/fenilsonani/vcs/cmd/vcs/branch.go:86.2,86.37 1 1
github.com/fenilsonani/vcs/cmd/vcs/branch.go:86.37,91.49 3 1
github.com/fenilsonani/vcs/cmd/vcs/branch.go:91.49,93.4 1 1
github.com/fenilsonani/vcs/cmd/vcs/branch.go:95.3,95.14 1 1
github.com/fenilsonani/vcs/cmd/vcs/branch.go:95.14,98.18 2 1
github.com/fenilsonani/vcs/cmd/vcs/branch.go:98.18,100.13 2 1
github.com/fenilsonani/vcs/cmd/vcs/branch.go:103.4,104.57 2 1
github.com/fenilsonani/vcs/cmd/vcs/branch.go:104.57,105.48 1 1
github.com/fenilsonani/vcs/cmd/vcs/branch.go:105.48,107.27 2 1
github.com/fenilsonani/vcs/cmd/vcs/branch.go:107.27,109.7 1 0
github.com/fenilsonani/vcs/cmd/vcs/branch.go:110.6,110.72 1 1
github.com/fenilsonani/vcs/cmd/vcs/branch.go:114.4,114.58 1 1
github.com/fenilsonani/vcs/cmd/vcs/branch.go:115.9,117.4 1 1
github.com/fenilsonani/vcs/cmd/vcs/branch.go:121.2,121.16 1 1
github.com/fenilsonani/vcs/cmd/vcs/branch.go:121.16,123.43 2 1
github.com/fenilsonani/vcs/cmd/vcs/branch.go:123.43,125.15 2 0
github.com/fenilsonani/vcs/cmd/vcs/branch.go:125.15,127.62 2 0
github.com/fenilsonani/vcs/cmd/vcs/branch.go:127.62,128.49 1 0
github.com/fenilsonani/vcs/cmd/vcs/branch.go:128.49,130.28 2 0
github.com/fenilsonani/vcs/cmd/vcs/branch.go:130.28,132.8 1 0
github.com/fenilsonani/vcs/cmd/vcs/branch.go:133.7,133.47 1 0
github.com/fenilsonani/vcs/cmd/vcs/branch.go:136.5,136.93 1 0
github.com/fenilsonani/vcs/cmd/vcs/branch.go:137.10,139.5 1 0
github.com/fenilsonani/vcs/cmd/vcs/branch.go:144.2,144.13 1 1
github.com/fenilsonani/vcs/cmd/vcs/branch.go:144.14,146.3 0 1
github.com/fenilsonani/vcs/cmd/vcs/branch.go:148.2,148.12 1 1
github.com/fenilsonani/vcs/cmd/vcs/branch.go:151.123,153.54 1 1
github.com/fenilsonani/vcs/cmd/vcs/branch.go:153.54,155.3 1 1
github.com/fenilsonani/vcs/cmd/vcs/branch.go:158.2,158.38 1 1
github.com/fenilsonani/vcs/cmd/vcs/branch.go:158.38,160.3 1 1
github.com/fenilsonani/vcs/cmd/vcs/branch.go:163.2,166.22 3 1
github.com/fenilsonani/vcs/cmd/vcs/branch.go:166.22,169.43 2 1
github.com/fenilsonani/vcs/cmd/vcs/branch.go:169.43,171.4 1 1
github.com/fenilsonani/vcs/cmd/vcs/branch.go:172.8,175.17 2 1
github.com/fenilsonani/vcs/cmd/vcs/branch.go:175.17,178.18 2 1
github.com/fenilsonani/vcs/cmd/vcs/branch.go:178.18,180.5 1 1
github.com/fenilsonani/vcs/cmd/vcs/branch.go:184.3,185.17 2 1
github.com/fenilsonani/vcs/cmd/vcs/branch.go:185.17,187.4 1 0
github.com/fenilsonani/vcs/cmd/vcs/branch.go:188.3,188.42 1 1
github.com/fenilsonani/vcs/cmd/vcs/branch.go:188.42,190.4 1 0
github.com/fenilsonani/vcs/cmd/vcs/branch.go:194.2,194.75 1 1
github.com/fenilsonani/vcs/cmd/vcs/branch.go:194.75,196.3 1 0
github.com/fenilsonani/vcs/cmd/vcs/branch.go:198.2,199.12 2 1
github.com/fenilsonani/vcs/cmd/vcs/branch.go:202.90,203.20 1 1
github.com/fenilsonani/vcs/cmd/vcs/branch.go:203.20,205.3 1 0
github.com/fenilsonani/vcs/cmd/vcs/branch.go:207.2,207.34 1 1
github.com/fenilsonani/vcs/cmd/vcs/branch.go:207.34,210.48 2 1
github.com/fenilsonani/vcs/cmd/vcs/branch.go:210.48,212.4 1 1
github.com/fenilsonani/vcs/cmd/vcs/branch.go:215.3,215.40 1 1
github.com/fenilsonani/vcs/cmd/vcs/branch.go:215.40,216.13 1 1
github.com/fenilsonani/vcs/cmd/vcs/branch.go:216.13,218.13 2 1
github.com/fenilsonani/vcs/cmd/vcs/branch.go:220.4,220.58 1 1
github.com/fenilsonani/vcs/cmd/vcs/branch.go:224.3,224.61 1 1
github.com/fenilsonani/vcs/cmd/vcs/branch.go:224.61,225.13 1 0
github.com/fenilsonani/vcs/cmd/vcs/branch.go:225.13,227.13 2 0
github.com/fenilsonani/vcs/cmd/vcs/branch.go:229.4,229.74 1 0
github.com/fenilsonani/vcs/cmd/vcs/branch.go:232.3,232.50 1 1
github.com/fenilsonani/vcs/cmd/vcs/branch.go:235.2,235.12 1 1
github.com/fenilsonani/vcs/cmd/vcs/cat_file.go:11.41,24.55 2 1
github.com/fenilsonani/vcs/cmd/vcs/cat_file.go:24.55,27.18 2 1
github.com/fenilsonani/vcs/cmd/vcs/cat_file.go:27.18,29.5 1 0
github.com/fenilsonani/vcs/cmd/vcs/cat_file.go:32.4,33.18 2 1
github.com/fenilsonani/vcs/cmd/vcs/cat_file.go:33.18,35.5 1 1
github.com/fenilsonani/vcs/cmd/vcs/cat_file.go:38.4,39.18 2 1
github.com/fenilsonani/vcs/cmd/vcs/cat_file.go:39.18,41.5 1 1
github.com/fenilsonani/vcs/cmd/vcs/cat_file.go:44.4,44.11 1 1
github.com/fenilsonani/vcs/cmd/vcs/cat_file.go:45.18,46.48 1 1
github.com/fenilsonani/vcs/cmd/vcs/cat_file.go:47.18,48.48 1 1
github.com/fenilsonani/vcs/cmd/vcs/cat_file.go:49.31,51.19 2 1
github.com/fenilsonani/vcs/cmd/vcs/cat_file.go:51.19,53.6 1 0
github.com/fenilsonani/vcs/cmd/vcs/cat_file.go:54.5,54.34 1 1
github.com/fenilsonani/vcs/cmd/vcs/cat_file.go:55.12,56.63 1 1
github.com/fenilsonani/vcs/cmd/vcs/cat_file.go:59.4,59.14 1 1
github.com/fenilsonani/vcs/cmd/vcs/cat_file.go:63.2,68.12 5 1
github.com/fenilsonani/vcs/cmd/vcs/checkout.go:15.42,28.2 4 1
github.com/fenilsonani/vcs/cmd/vcs/checkout.go:30.59,31.20 1 1
github.com/fenilsonani/vcs/cmd/vcs/checkout.go:31.20,33.3 1 1
github.com/fenilsonani/vcs/cmd/vcs/checkout.go:36.2,37.16 2 1
github.com/fenilsonani/vcs/cmd/vcs/checkout.go:37.16,39.3 1 1
github.com/fenilsonani/vcs/cmd/vcs/checkout.go:42.2,43.16 2 1
github.com/fenilsonani/vcs/cmd/vcs/checkout.go:43.16,45.3 1 0
github.com/fenilsonani/vcs/cmd/vcs/checkout.go:48.2,57.18 5 1
github.com/fenilsonani/vcs/cmd/vcs/checkout.go:57.18,59.3 1 1
github.com/fenilsonani/vcs/cmd/vcs/checkout.go:62.2,66.34 3 1
github.com/fenilsonani/vcs/cmd/vcs/checkout.go:66.34,68.17 2 1
github.com/fenilsonani/vcs/cmd/vcs/checkout.go:68.17,70.4 1 0
github.com/fenilsonani/vcs/cmd/vcs/checkout.go:71.3,71.18 1 1
github.com/fenilsonani/vcs/cmd/vcs/checkout.go:72.8,75.17 2 1
github.com/fenilsonani/vcs/cmd/vcs/checkout.go:75.17,77.4 1 1
github.com/fenilsonani/vcs/cmd/vcs/checkout.go:78.3,82.17 3 1
github.com/fenilsonani/vcs/cmd/vcs/checkout.go:82.17,84.4 1 0
github.com/fenilsonani/vcs/cmd/vcs/checkout.go:88.2,88.12 1 1
github.com/fenilsonani/vcs/cmd/vcs/checkout.go:88.12,90.17 2 1
github.com/fenilsonani/vcs/cmd/vcs/checkout.go:90.17,92.4 1 0
github.com/fenilsonani/vcs/cmd/vcs/checkout.go:93.3,93.17 1 1
github.com/fenilsonani/vcs/cmd/vcs/checkout.go:93.17,95.4 1 0
github.com/fenilsonani/vcs/cmd/vcs/checkout.go:99.2,99.79 1 1
github.com/fenilsonani/vcs/cmd/vcs/checkout.go:99.79,101.3 1 0
github.com/fenilsonani/vcs/cmd/vcs/checkout.go:104.2,104.14 1 1
github.com/fenilsonani/vcs/cmd/vcs/checkout.go:104.14,105.68 1 1
github.com/fenilsonani/vcs/cmd/vcs/checkout.go:105.68,107.4 1 0
github.com/fenilsonani/vcs/cmd/vcs/checkout.go:108.3,108.70 1 1
github.com/fenilsonani/vcs/cmd/vcs/checkout.go:109.8,110.68 1 1
github.com/fenilsonani/vcs/cmd/vcs/checkout.go:110.68,112.4 1 0
github.com/fenilsonani/vcs/cmd/vcs/checkout.go:113.3,113.85 1 1
github.com/fenilsonani/vcs/cmd/vcs/checkout.go:117.2,119.51 3 1
github.com/fenilsonani/vcs/cmd/vcs/checkout.go:119.51,121.3 1 0
github.com/fenilsonani/vcs/cmd/vcs/checkout.go:123.2,123.12 1 1
github.com/fenilsonani/vcs/cmd/vcs/checkout.go:126.138,128.54 1 1
github.com/fenilsonani/vcs/cmd/vcs/checkout.go:128.54,130.3 1 1
github.com/fenilsonani/vcs/cmd/vcs/checkout.go:133.2,133.48 1 1
github.com/fenilsonani/vcs/cmd/vcs/checkout.go:133.48,135.3 1 1
github.com/fenilsonani/vcs/cmd/vcs/checkout.go:138.2,139.44 2 1
github.com/fenilsonani/vcs/cmd/vcs/checkout.go:139.44,141.3 1 1
github.com/fenilsonani/vcs/cmd/vcs/checkout.go:144.2,144.77 1 1
github.com/fenilsonani/vcs/cmd/vcs/checkout.go:144.77,146.3 1 0
github.com/fenilsonani/vcs/cmd/vcs/checkout.go:149.2,149.71 1 1
github.com/fenilsonani/vcs/cmd/vcs/checkout.go:149.71,151.3 1 0
github.com/fenilsonani/vcs/cmd/vcs/checkout.go:153.2,154.12 2 1
github.com/fenilsonani/vcs/cmd/vcs/checkout.go:157.93,162.46 3 1
github.com/fenilsonani/vcs/cmd/vcs/checkout.go:162.46,163.53 1 1
github.com/fenilsonani/vcs/cmd/vcs/checkout.go:163.53,165.4 1 1
github.com/fenilsonani/vcs/cmd/vcs/checkout.go:167.2,167.19 1 1
github.com/fenilsonani/vcs/cmd/vcs/checkout.go:170.101,173.16 2 1
github.com/fenilsonani/vcs/cmd/vcs/checkout.go:173.16,175.3 1 0
github.com/fenilsonani/vcs/cmd/vcs/checkout.go:177.2,178.9 2 1
github.com/fenilsonani/vcs/cmd/vcs/checkout.go:178.9,180.3 1 0
github.com/fenilsonani/vcs/cmd/vcs/checkout.go:183.2,184.16 2 1
github.com/fenilsonani/vcs/cmd/vcs/checkout.go:184.16,186.3 1 0
github.com/fenilsonani/vcs/cmd/vcs/checkout.go:188.2,189.9 2 1
github.com/fenilsonani/vcs/cmd/vcs/checkout.go:189.9,191.3 1 0
github.com/fenilsonani/vcs/cmd/vcs/checkout.go:195.2,195.39 1 1
github.com/fenilsonani/vcs/cmd/vcs/checkout.go:195.39,198.3 2 1
github.com/fenilsonani/vcs/cmd/vcs/checkout.go:201.2,201.39 1 1
github.com/fenilsonani/vcs/cmd/vcs/checkout.go:201.39,202.71 1 1
github.com/fenilsonani/vcs/cmd/vcs/checkout.go:202.71,203.61 1 1
github.com/fenilsonani/vcs/cmd/vcs/checkout.go:203.61,205.5 1 0
github.com/fenilsonani/vcs/cmd/vcs/checkout.go:210.2,210.12 1 1
github.com/fenilsonani/vcs/cmd/vcs/checkout.go:213.88,216.16 2 1
github.com/fenilsonani/vcs/cmd/vcs/checkout.go:216.16,218.3 1 0
github.com/fenilsonani/vcs/cmd/vcs/checkout.go:220.2,221.9 2 1
github.com/fenilsonani/vcs/cmd/vcs/checkout.go:221.9,223.3 1 0
github.com/fenilsonani/vcs/cmd/vcs/checkout.go:226.2,228.36 3 1
github.com/fenilsonani/vcs/cmd/vcs/checkout.go:228.36,230.3 1 1
github.com/fenilsonani/vcs/cmd/vcs/checkout.go:232.2,232.54 1 1
github.com/fenilsonani/vcs/cmd/vcs/checkout_test_fixed.go:15.49,18.51 2 0
github.com/fenilsonani/vcs/cmd/vcs/checkout_test_fixed.go:18.51,20.3 1 0
github.com/fenilsonani/vcs/cmd/vcs/checkout_test_fixed.go:22.2,22.66 1 0
github.com/fenilsonani/vcs/cmd/vcs/checkout_test_fixed.go:22.66,24.3 1 0
github.com/fenilsonani/vcs/cmd/vcs/checkout_test_fixed.go:27.2,27.40 1 0
github.com/fenilsonani/vcs/cmd/vcs/checkout_test_fixed.go:27.40,29.3 1 0
github.com/fenilsonani/vcs/cmd/vcs/checkout_test_fixed.go:30.2,30.41 1 0
github.com/fenilsonani/vcs/cmd/vcs/checkout_test_fixed.go:30.41,32.3 1 0
github.com/fenilsonani/vcs/cmd/vcs/checkout_test_fixed.go:35.42,42.16 5 0
github.com/fenilsonani/vcs/cmd/vcs/checkout_test_fixed.go:42.16,44.3 1 0
github.com/fenilsonani/vcs/cmd/vcs/checkout_test_fixed.go:46.2,49.59 2 0
github.com/fenilsonani/vcs/cmd/vcs/checkout_test_fixed.go:49.59,80.3 12 0
github.com/fenilsonani/vcs/cmd/vcs/checkout_test_fixed.go:82.2,136.27 2 0
github.com/fenilsonani/vcs/cmd/vcs/checkout_test_fixed.go:136.27,137.37 1 0
github.com/fenilsonani/vcs/cmd/vcs/checkout_test_fixed.go:137.37,145.23 5 0
github.com/fenilsonani/vcs/cmd/vcs/checkout_test_fixed.go:145.23,147.5 1 0
github.com/fenilsonani/vcs/cmd/vcs/checkout_test_fixed.go:150.4,151.65 2 0
github.com/fenilsonani/vcs/cmd/vcs/checkout_test_fixed.go:151.65,153.5 1 0
github.com/fenilsonani/vcs/cmd/vcs/checkout_test_fixed.go:156.4,162.19 4 0
github.com/fenilsonani/vcs/cmd/vcs/checkout_test_fixed.go:162.19,164.42 1 0
github.com/fenilsonani/vcs/cmd/vcs/checkout_test_fixed.go:164.42,166.6 1 0
github.com/fenilsonani/vcs/cmd/vcs/checkout_test_fixed.go:169.5,169.29 1 0
github.com/fenilsonani/vcs/cmd/vcs/checkout_test_fixed.go:169.29,171.20 2 0
github.com/fenilsonani/vcs/cmd/vcs/checkout_test_fixed.go:171.20,173.7 1 0
github.com/fenilsonani/vcs/cmd/vcs/checkout_test_fixed.go:173.12,173.48 1 0
github.com/fenilsonani/vcs/cmd/vcs/checkout_test_fixed.go:173.48,175.7 1 0
github.com/fenilsonani/vcs/cmd/vcs/checkout_test_fixed.go:182.54,189.16 5 0
github.com/fenilsonani/vcs/cmd/vcs/checkout_test_fixed.go:189.16,191.3 1 0
github.com/fenilsonani/vcs/cmd/vcs/checkout_test_fixed.go:193.2,245.27 9 0
github.com/fenilsonani/vcs/cmd/vcs/checkout_test_fixed.go:245.27,246.37 1 0
github.com/fenilsonani/vcs/cmd/vcs/checkout_test_fixed.go:246.37,252.29 2 0
github.com/fenilsonani/vcs/cmd/vcs/checkout_test_fixed.go:252.29,252.43 1 0
github.com/fenilsonani/vcs/cmd/vcs/checkout_test_fixed.go:252.43,252.60 1 0
github.com/fenilsonani/vcs/cmd/vcs/checkout_test_fixed.go:252.62,252.76 1 0
github.com/fenilsonani/vcs/cmd/vcs/checkout_test_fixed.go:255.4,257.19 2 0
github.com/fenilsonani/vcs/cmd/vcs/checkout_test_fixed.go:257.19,259.28 1 0
github.com/fenilsonani/vcs/cmd/vcs/checkout_test_fixed.go:259.28,261.6 1 0
github.com/fenilsonani/vcs/cmd/vcs/checkout_test_fixed.go:264.5,264.45 1 0
github.com/fenilsonani/vcs/cmd/vcs/checkout_test_fixed.go:264.45,266.6 1 0
github.com/fenilsonani/vcs/cmd/vcs/checkout_test_fixed.go:268.5,269.19 2 0
github.com/fenilsonani/vcs/cmd/vcs/checkout_test_fixed.go:269.19,271.6 1 0
github.com/fenilsonani/vcs/cmd/vcs/checkout_test_fixed.go:271.11,271.46 1 0
github.com/fenilsonani/vcs/cmd/vcs/checkout_test_fixed.go:271.46,273.6 1 0
github.com/fenilsonani/vcs/cmd/vcs/checkout_test_fixed.go:279.52,286.16 5 0
github.com/fenilsonani/vcs/cmd/vcs/checkout_test_fixed.go:286.16,288.3 1 0
github.com/fenilsonani/vcs/cmd/vcs/checkout_test_fixed.go:290.2,300.24 2 0
github.com/fenilsonani/vcs/cmd/vcs/checkout_test_fixed.go:300.24,302.5 1 0
github.com/fenilsonani/vcs/cmd/vcs/checkout_test_fixed.go:308.24,311.5 2 0
github.com/fenilsonani/vcs/cmd/vcs/checkout_test_fixed.go:317.24,329.5 6 0
github.com/fenilsonani/vcs/cmd/vcs/checkout_test_fixed.go:335.2,335.27 1 0
github.com/fenilsonani/vcs/cmd/vcs/checkout_test_fixed.go:335.27,336.37 1 0
github.com/fenilsonani/vcs/cmd/vcs/checkout_test_fixed.go:336.37,341.23 2 0
github.com/fenilsonani/vcs/cmd/vcs/checkout_test_fixed.go:341.23,342.38 1 0
github.com/fenilsonani/vcs/cmd/vcs/checkout_test_fixed.go:342.38,344.6 1 0
github.com/fenilsonani/vcs/cmd/vcs/checkout_test_fixed.go:347.4,349.34 2 0
github.com/fenilsonani/vcs/cmd/vcs/checkout_test_fixed.go:349.34,352.5 2 0
github.com/fenilsonani/vcs/cmd/vcs/checkout_test_fixed.go:354.4,354.36 1 0
github.com/fenilsonani/vcs/cmd/vcs/checkout_test_fixed.go:354.36,356.5 1 0
github.com/fenilsonani/vcs/cmd/vcs/checkout_test_fixed.go:361.42,368.16 5 0
github.com/fenilsonani/vcs/cmd/vcs/checkout_test_fixed.go:368.16,370.3 1 0
github.com/fenilsonani/vcs/cmd/vcs/checkout_test_fixed.go:373.2,404.27 4 0
github.com/fenilsonani/vcs/cmd/vcs/checkout_test_fixed.go:404.27,405.37 1 0
github.com/fenilsonani/vcs/cmd/vcs/checkout_test_fixed.go:405.37,412.34 4 0
github.com/fenilsonani/vcs/cmd/vcs/checkout_test_fixed.go:412.34,415.5 2 0
github.com/fenilsonani/vcs/cmd/vcs/checkout_test_fixed.go:417.4,417.19 1 0
github.com/fenilsonani/vcs/cmd/vcs/checkout_test_fixed.go:417.19,420.19 2 0
github.com/fenilsonani/vcs/cmd/vcs/checkout_test_fixed.go:420.19,423.6 2 0
github.com/fenilsonani/vcs/cmd/vcs/checkout_test_fixed.go:426.5,426.43 1 0
github.com/fenilsonani/vcs/cmd/vcs/checkout_test_fixed.go:426.43,428.6 1 0
github.com/fenilsonani/vcs/cmd/vcs/checkout_test_fixed.go:431.5,432.19 2 0
github.com/fenilsonani/vcs/cmd/vcs/checkout_test_fixed.go:432.19,435.6 2 0
github.com/fenilsonani/vcs/cmd/vcs/checkout_test_fixed.go:437.5,437.47 1 0
github.com/fenilsonani/vcs/cmd/vcs/checkout_test_fixed.go:437.47,439.6 1 0
github.com/fenilsonani/vcs/cmd/vcs/clone.go:13.39,27.55 2 1
github.com/fenilsonani/vcs/cmd/vcs/clone.go:27.55,32.21 3 1
github.com/fenilsonani/vcs/cmd/vcs/clone.go:32.21,34.5 1 1
github.com/fenilsonani/vcs/cmd/vcs/clone.go:34.10,36.5 1 1
github.com/fenilsonani/vcs/cmd/vcs/clone.go:38.4,38.63 1 1
github.com/fenilsonani/vcs/cmd/vcs/clone.go:42.2,46.12 4 1
github.com/fenilsonani/vcs/cmd/vcs/clone.go:49.88,51.46 1 1
github.com/fenilsonani/vcs/cmd/vcs/clone.go:51.46,53.3 1 1
github.com/fenilsonani/vcs/cmd/vcs/clone.go:55.2,58.53 2 1
github.com/fenilsonani/vcs/cmd/vcs/clone.go:58.53,60.3 1 0
github.com/fenilsonani/vcs/cmd/vcs/clone.go:63.2,66.10 3 1
github.com/fenilsonani/vcs/cmd/vcs/clone.go:66.10,69.3 1 1
github.com/fenilsonani/vcs/cmd/vcs/clone.go:69.8,71.3 1 1
github.com/fenilsonani/vcs/cmd/vcs/clone.go:73.2,73.16 1 1
github.com/fenilsonani/vcs/cmd/vcs/clone.go:73.16,76.3 2 1
github.com/fenilsonani/vcs/cmd/vcs/clone.go:79.2,79.62 1 1
github.com/fenilsonani/vcs/cmd/vcs/clone.go:79.62,81.3 1 1
github.com/fenilsonani/vcs/cmd/vcs/clone.go:83.2,83.11 1 1
github.com/fenilsonani/vcs/cmd/vcs/clone.go:83.11,99.79 9 1
github.com/fenilsonani/vcs/cmd/vcs/clone.go:99.79,101.4 1 0
github.com/fenilsonani/vcs/cmd/vcs/clone.go:104.2,104.12 1 1
github.com/fenilsonani/vcs/cmd/vcs/clone.go:107.63,110.27 2 1
github.com/fenilsonani/vcs/cmd/vcs/clone.go:110.27,112.53 2 1
github.com/fenilsonani/vcs/cmd/vcs/clone.go:112.53,114.4 1 0
github.com/fenilsonani/vcs/cmd/vcs/clone.go:118.2,120.74 3 1
github.com/fenilsonani/vcs/cmd/vcs/clone.go:120.74,122.3 1 0
github.com/fenilsonani/vcs/cmd/vcs/clone.go:125.2,131.78 3 1
github.com/fenilsonani/vcs/cmd/vcs/clone.go:131.78,133.3 1 0
github.com/fenilsonani/vcs/cmd/vcs/clone.go:136.2,138.74 3 1
github.com/fenilsonani/vcs/cmd/vcs/clone.go:138.74,140.3 1 0
github.com/fenilsonani/vcs/cmd/vcs/clone.go:144.2,144.23 1 1
github.com/fenilsonani/vcs/cmd/vcs/clone.go:147.49,153.33 1 1
github.com/fenilsonani/vcs/cmd/vcs/clone.go:153.33,155.3 1 1
github.com/fenilsonani/vcs/cmd/vcs/clone.go:158.2,159.20 2 1
github.com/fenilsonani/vcs/cmd/vcs/clone.go:159.20,161.3 1 1
github.com/fenilsonani/vcs/cmd/vcs/clone.go:164.2,164.35 1 0
github.com/fenilsonani/vcs/cmd/vcs/clone.go:164.35,165.29 1 0
github.com/fenilsonani/vcs/cmd/vcs/clone.go:165.29,166.38 1 0
github.com/fenilsonani/vcs/cmd/vcs/clone.go:166.38,168.5 1 0
github.com/fenilsonani/vcs/cmd/vcs/clone.go:172.2,172.27 1 0
github.com/fenilsonani/vcs/cmd/vcs/commit.go:17.40,33.2 7 1
github.com/fenilsonani/vcs/cmd/vcs/commit.go:35.57,38.16 2 1
github.com/fenilsonani/vcs/cmd/vcs/commit.go:38.16,40.3 1 1
github.com/fenilsonani/vcs/cmd/vcs/commit.go:43.2,44.16 2 1
github.com/fenilsonani/vcs/cmd/vcs/commit.go:44.16,46.3 1 0
github.com/fenilsonani/vcs/cmd/vcs/commit.go:49.2,56.40 6 1
github.com/fenilsonani/vcs/cmd/vcs/commit.go:56.40,58.3 1 1
github.com/fenilsonani/vcs/cmd/vcs/commit.go:60.2,60.23 1 1
github.com/fenilsonani/vcs/cmd/vcs/commit.go:60.23,62.17 2 1
github.com/fenilsonani/vcs/cmd/vcs/commit.go:62.17,64.4 1 1
github.com/fenilsonani/vcs/cmd/vcs/commit.go:65.3,65.28 1 1
github.com/fenilsonani/vcs/cmd/vcs/commit.go:69.2,69.39 1 1
github.com/fenilsonani/vcs/cmd/vcs/commit.go:69.39,71.3 1 1
github.com/fenilsonani/vcs/cmd/vcs/commit.go:74.2,76.46 3 1
github.com/fenilsonani/vcs/cmd/vcs/commit.go:76.46,77.53 1 1
github.com/fenilsonani/vcs/cmd/vcs/commit.go:77.53,79.4 1 0
github.com/fenilsonani/vcs/cmd/vcs/commit.go:83.2,83.44 1 1
github.com/fenilsonani/vcs/cmd/vcs/commit.go:83.44,85.3 1 1
github.com/fenilsonani/vcs/cmd/vcs/commit.go:88.2,89.16 2 1
github.com/fenilsonani/vcs/cmd/vcs/commit.go:89.16,91.3 1 0
github.com/fenilsonani/vcs/cmd/vcs/commit.go:94.2,98.12 3 1
github.com/fenilsonani/vcs/cmd/vcs/commit.go:98.12,100.46 2 1
github.com/fenilsonani/vcs/cmd/vcs/commit.go:100.46,102.4 1 1
github.com/fenilsonani/vcs/cmd/vcs/commit.go:103.8,106.46 2 1
github.com/fenilsonani/vcs/cmd/vcs/commit.go:106.46,108.18 2 1
github.com/fenilsonani/vcs/cmd/vcs/commit.go:108.18,109.58 1 1
github.com/fenilsonani/vcs/cmd/vcs/commit.go:109.58,111.6 1 1
github.com/fenilsonani/vcs/cmd/vcs/commit.go:117.2,118.16 2 1
github.com/fenilsonani/vcs/cmd/vcs/commit.go:118.16,120.3 1 0
github.com/fenilsonani/vcs/cmd/vcs/commit.go:122.2,126.16 3 1
github.com/fenilsonani/vcs/cmd/vcs/commit.go:126.16,128.3 1 0
github.com/fenilsonani/vcs/cmd/vcs/commit.go:131.2,132.16 2 1
github.com/fenilsonani/vcs/cmd/vcs/commit.go:132.16,134.65 1 1
github.com/fenilsonani/vcs/cmd/vcs/commit.go:134.65,136.4 1 0
github.com/fenilsonani/vcs/cmd/vcs/commit.go:137.8,140.70 2 0
github.com/fenilsonani/vcs/cmd/vcs/commit.go:140.70,142.4 1 0
github.com/fenilsonani/vcs/cmd/vcs/commit.go:146.2,148.51 3 1
github.com/fenilsonani/vcs/cmd/vcs/commit.go:148.51,150.3 1 0
github.com/fenilsonani/vcs/cmd/vcs/commit.go:153.2,153.11 1 1
github.com/fenilsonani/vcs/cmd/vcs/commit.go:153.11,155.3 1 1
github.com/fenilsonani/vcs/cmd/vcs/commit.go:155.8,157.23 2 1
github.com/fenilsonani/vcs/cmd/vcs/commit.go:157.23,159.4 1 1
github.com/fenilsonani/vcs/cmd/vcs/commit.go:159.9,161.4 1 1
github.com/fenilsonani/vcs/cmd/vcs/commit.go:163.2,165.12 2 1
github.com/fenilsonani/vcs/cmd/vcs/commit.go:168.89,171.38 2 1
github.com/fenilsonani/vcs/cmd/vcs/commit.go:171.38,181.3 2 1
github.com/fenilsonani/vcs/cmd/vcs/commit.go:183.2,183.33 1 1
github.com/fenilsonani/vcs/cmd/vcs/commit.go:186.64,187.21 1 1
github.com/fenilsonani/vcs/cmd/vcs/commit.go:187.21,190.59 2 1
github.com/fenilsonani/vcs/cmd/vcs/commit.go:190.59,192.4 1 1
github.com/fenilsonani/vcs/cmd/vcs/commit.go:194.3,201.9 3 1
github.com/fenilsonani/vcs/cmd/vcs/commit.go:205.2,209.8 1 1
github.com/fenilsonani/vcs/cmd/vcs/commit.go:212.54,216.2 1 1
github.com/fenilsonani/vcs/cmd/vcs/commit.go:218.63,220.16 2 1
github.com/fenilsonani/vcs/cmd/vcs/commit.go:220.16,222.3 1 1
github.com/fenilsonani/vcs/cmd/vcs/commit.go:223.2,223.15 1 0
github.com/fenilsonani/vcs/cmd/vcs/diff.go:18.38,31.55 2 1
github.com/fenilsonani/vcs/cmd/vcs/diff.go:31.55,33.18 2 1
github.com/fenilsonani/vcs/cmd/vcs/diff.go:33.18,35.5 1 1
github.com/fenilsonani/vcs/cmd/vcs/diff.go:37.4,38.18 2 1
github.com/fenilsonani/vcs/cmd/vcs/diff.go:38.18,40.5 1 0
github.com/fenilsonani/vcs/cmd/vcs/diff.go:42.4,44.84 2 1
github.com/fenilsonani/vcs/cmd/vcs/diff.go:48.2,53.12 5 1
github.com/fenilsonani/vcs/cmd/vcs/diff.go:56.134,57.12 1 1
github.com/fenilsonani/vcs/cmd/vcs/diff.go:57.12,59.3 1 1
github.com/fenilsonani/vcs/cmd/vcs/diff.go:61.2,61.19 1 1
github.com/fenilsonani/vcs/cmd/vcs/diff.go:62.9,63.69 1 1
github.com/fenilsonani/vcs/cmd/vcs/diff.go:64.9,65.91 1 1
github.com/fenilsonani/vcs/cmd/vcs/diff.go:66.9,67.95 1 0
github.com/fenilsonani/vcs/cmd/vcs/diff.go:68.10,69.42 1 0
github.com/fenilsonani/vcs/cmd/vcs/diff.go:73.97,77.46 3 1
github.com/fenilsonani/vcs/cmd/vcs/diff.go:77.46,78.53 1 1
github.com/fenilsonani/vcs/cmd/vcs/diff.go:78.53,80.4 1 0
github.com/fenilsonani/vcs/cmd/vcs/diff.go:84.2,85.92 2 1
github.com/fenilsonani/vcs/cmd/vcs/diff.go:85.92,86.17 1 1
github.com/fenilsonani/vcs/cmd/vcs/diff.go:86.17,88.4 1 0
github.com/fenilsonani/vcs/cmd/vcs/diff.go:90.3,91.17 2 1
github.com/fenilsonani/vcs/cmd/vcs/diff.go:91.17,93.4 1 0
github.com/fenilsonani/vcs/cmd/vcs/diff.go:95.3,95.57 1 1
github.com/fenilsonani/vcs/cmd/vcs/diff.go:95.57,97.4 1 1
github.com/fenilsonani/vcs/cmd/vcs/diff.go:99.3,100.17 2 1
github.com/fenilsonani/vcs/cmd/vcs/diff.go:100.17,102.4 1 0
github.com/fenilsonani/vcs/cmd/vcs/diff.go:104.3,110.13 3 1
github.com/fenilsonani/vcs/cmd/vcs/diff.go:112.2,112.16 1 1
github.com/fenilsonani/vcs/cmd/vcs/diff.go:112.16,114.3 1 0
github.com/fenilsonani/vcs/cmd/vcs/diff.go:117.2,120.38 2 1
github.com/fenilsonani/vcs/cmd/vcs/diff.go:120.38,121.62 1 1
github.com/fenilsonani/vcs/cmd/vcs/diff.go:121.62,122.39 1 1
github.com/fenilsonani/vcs/cmd/vcs/diff.go:122.39,132.5 1 1
github.com/fenilsonani/vcs/cmd/vcs/diff.go:133.9,141.4 1 1
github.com/fenilsonani/vcs/cmd/vcs/diff.go:145.2,145.46 1 1
github.com/fenilsonani/vcs/cmd/vcs/diff.go:145.46,146.42 1 1
github.com/fenilsonani/vcs/cmd/vcs/diff.go:146.42,153.4 1 1
github.com/fenilsonani/vcs/cmd/vcs/diff.go:156.2,156.58 1 1
github.com/fenilsonani/vcs/cmd/vcs/diff.go:159.119,162.16 2 1
github.com/fenilsonani/vcs/cmd/vcs/diff.go:162.16,164.3 1 1
github.com/fenilsonani/vcs/cmd/vcs/diff.go:166.2,167.16 2 1
github.com/fenilsonani/vcs/cmd/vcs/diff.go:167.16,169.3 1 1
github.com/fenilsonani/vcs/cmd/vcs/diff.go:171.2,172.16 2 1
github.com/fenilsonani/vcs/cmd/vcs/diff.go:172.16,174.3 1 0
github.com/fenilsonani/vcs/cmd/vcs/diff.go:177.2,180.46 3 1
github.com/fenilsonani/vcs/cmd/vcs/diff.go:180.46,181.53 1 1
github.com/fenilsonani/vcs/cmd/vcs/diff.go:181.53,183.4 1 0
github.com/fenilsonani/vcs/cmd/vcs/diff.go:186.2,186.76 1 1
github.com/fenilsonani/vcs/cmd/vcs/diff.go:189.145,191.16 2 1
github.com/fenilsonani/vcs/cmd/vcs/diff.go:191.16,193.3 1 1
github.com/fenilsonani/vcs/cmd/vcs/diff.go:195.2,196.16 2 0
github.com/fenilsonani/vcs/cmd/vcs/diff.go:196.16,198.3 1 0
github.com/fenilsonani/vcs/cmd/vcs/diff.go:200.2,201.16 2 0
github.com/fenilsonani/vcs/cmd/vcs/diff.go:201.16,203.3 1 0
github.com/fenilsonani/vcs/cmd/vcs/diff.go:205.2,205.73 1 0
github.com/fenilsonani/vcs/cmd/vcs/diff.go:208.153,210.16 2 0
github.com/fenilsonani/vcs/cmd/vcs/diff.go:210.16,212.3 1 0
github.com/fenilsonani/vcs/cmd/vcs/diff.go:214.2,215.16 2 0
github.com/fenilsonani/vcs/cmd/vcs/diff.go:215.16,217.3 1 0
github.com/fenilsonani/vcs/cmd/vcs/diff.go:219.2,220.16 2 0
github.com/fenilsonani/vcs/cmd/vcs/diff.go:220.16,222.3 1 0
github.com/fenilsonani/vcs/cmd/vcs/diff.go:224.2,225.16 2 0
github.com/fenilsonani/vcs/cmd/vcs/diff.go:225.16,227.3 1 0
github.com/fenilsonani/vcs/cmd/vcs/diff.go:229.2,230.16 2 0
github.com/fenilsonani/vcs/cmd/vcs/diff.go:230.16,232.3 1 0
github.com/fenilsonani/vcs/cmd/vcs/diff.go:234.2,235.16 2 0
github.com/fenilsonani/vcs/cmd/vcs/diff.go:235.16,237.3 1 0
github.com/fenilsonani/vcs/cmd/vcs/diff.go:239.2,239.74 1 0
github.com/fenilsonani/vcs/cmd/vcs/diff.go:242.128,247.39 3 1
github.com/fenilsonani/vcs/cmd/vcs/diff.go:247.39,249.3 1 1
github.com/fenilsonani/vcs/cmd/vcs/diff.go:252.2,252.38 1 1
github.com/fenilsonani/vcs/cmd/vcs/diff.go:252.38,253.59 1 1
github.com/fenilsonani/vcs/cmd/vcs/diff.go:253.59,254.37 1 1
github.com/fenilsonani/vcs/cmd/vcs/diff.go:254.37,263.5 1 1
github.com/fenilsonani/vcs/cmd/vcs/diff.go:264.9,271.4 1 0
github.com/fenilsonani/vcs/cmd/vcs/diff.go:275.2,275.43 1 1
github.com/fenilsonani/vcs/cmd/vcs/diff.go:275.43,276.42 1 1
github.com/fenilsonani/vcs/cmd/vcs/diff.go:276.42,283.4 1 0
github.com/fenilsonani/vcs/cmd/vcs/diff.go:286.2,286.58 1 1
github.com/fenilsonani/vcs/cmd/vcs/diff.go:289.116,292.92 2 0
github.com/fenilsonani/vcs/cmd/vcs/diff.go:292.92,293.17 1 0
github.com/fenilsonani/vcs/cmd/vcs/diff.go:293.17,295.4 1 0
github.com/fenilsonani/vcs/cmd/vcs/diff.go:297.3,298.17 2 0
github.com/fenilsonani/vcs/cmd/vcs/diff.go:298.17,300.4 1 0
github.com/fenilsonani/vcs/cmd/vcs/diff.go:302.3,302.57 1 0
github.com/fenilsonani/vcs/cmd/vcs/diff.go:302.57,304.4 1 0
github.com/fenilsonani/vcs/cmd/vcs/diff.go:306.3,307.17 2 0
github.com/fenilsonani/vcs/cmd/vcs/diff.go:307.17,309.4 1 0
github.com/fenilsonani/vcs/cmd/vcs/diff.go:311.3,317.13 3 0
github.com/fenilsonani/vcs/cmd/vcs/diff.go:319.2,319.16 1 0
github.com/fenilsonani/vcs/cmd/vcs/diff.go:319.16,321.3 1 0
github.com/fenilsonani/vcs/cmd/vcs/diff.go:323.2,327.39 3 0
github.com/fenilsonani/vcs/cmd/vcs/diff.go:327.39,329.3 1 0
github.com/fenilsonani/vcs/cmd/vcs/diff.go:332.2,332.46 1 0
github.com/fenilsonani/vcs/cmd/vcs/diff.go:332.46,333.53 1 0
github.com/fenilsonani/vcs/cmd/vcs/diff.go:333.53,334.43 1 0
github.com/fenilsonani/vcs/cmd/vcs/diff.go:334.43,343.5 1 0
github.com/fenilsonani/vcs/cmd/vcs/diff.go:344.9,351.4 1 0
github.com/fenilsonani/vcs/cmd/vcs/diff.go:355.2,355.43 1 0
github.com/fenilsonani/vcs/cmd/vcs/diff.go:355.43,356.47 1 0
github.com/fenilsonani/vcs/cmd/vcs/diff.go:356.47,363.4 1 0
github.com/fenilsonani/vcs/cmd/vcs/diff.go:366.2,366.58 1 0
github.com/fenilsonani/vcs/cmd/vcs/diff.go:369.117,374.40 3 0
github.com/fenilsonani/vcs/cmd/vcs/diff.go:374.40,376.3 1 0
github.com/fenilsonani/vcs/cmd/vcs/diff.go:378.2,379.40 2 0
github.com/fenilsonani/vcs/cmd/vcs/diff.go:379.40,381.3 1 0
github.com/fenilsonani/vcs/cmd/vcs/diff.go:384.2,385.33 2 0
github.com/fenilsonani/vcs/cmd/vcs/diff.go:385.33,387.3 1 0
github.com/fenilsonani/vcs/cmd/vcs/diff.go:388.2,388.33 1 0
github.com/fenilsonani/vcs/cmd/vcs/diff.go:388.33,390.3 1 0
github.com/fenilsonani/vcs/cmd/vcs/diff.go:392.2,392.29 1 0
github.com/fenilsonani/vcs/cmd/vcs/diff.go:392.29,396.25 3 0
github.com/fenilsonani/vcs/cmd/vcs/diff.go:396.25,397.35 1 0
github.com/fenilsonani/vcs/cmd/vcs/diff.go:397.35,406.5 1 0
github.com/fenilsonani/vcs/cmd/vcs/diff.go:407.9,407.33 1 0
github.com/fenilsonani/vcs/cmd/vcs/diff.go:407.33,414.4 1 0
github.com/fenilsonani/vcs/cmd/vcs/diff.go:414.9,414.33 1 0
github.com/fenilsonani/vcs/cmd/vcs/diff.go:414.33,421.4 1 0
github.com/fenilsonani/vcs/cmd/vcs/diff.go:424.2,424.58 1 0
github.com/fenilsonani/vcs/cmd/vcs/diff.go:450.73,451.17 1 1
github.com/fenilsonani/vcs/cmd/vcs/diff.go:451.17,453.3 1 1
github.com/fenilsonani/vcs/cmd/vcs/diff.go:455.2,456.16 2 1
github.com/fenilsonani/vcs/cmd/vcs/diff.go:456.16,458.3 1 1
github.com/fenilsonani/vcs/cmd/vcs/diff.go:460.2,461.9 2 1
github.com/fenilsonani/vcs/cmd/vcs/diff.go:461.9,463.3 1 0
github.com/fenilsonani/vcs/cmd/vcs/diff.go:465.2,465.20 1 1
github.com/fenilsonani/vcs/cmd/vcs/diff.go:468.94,469.23 1 1
github.com/fenilsonani/vcs/cmd/vcs/diff.go:469.23,471.3 1 1
github.com/fenilsonani/vcs/cmd/vcs/diff.go:474.2,475.28 2 1
github.com/fenilsonani/vcs/cmd/vcs/diff.go:475.28,477.3 1 1
github.com/fenilsonani/vcs/cmd/vcs/diff.go:478.2,480.14 2 1
github.com/fenilsonani/vcs/cmd/vcs/diff.go:480.14,481.30 1 1
github.com/fenilsonani/vcs/cmd/vcs/diff.go:481.30,483.4 1 1
github.com/fenilsonani/vcs/cmd/vcs/diff.go:484.3,484.13 1 1
github.com/fenilsonani/vcs/cmd/vcs/diff.go:487.2,487.16 1 1
github.com/fenilsonani/vcs/cmd/vcs/diff.go:487.16,488.30 1 1
github.com/fenilsonani/vcs/cmd/vcs/diff.go:488.30,491.23 3 1
github.com/fenilsonani/vcs/cmd/vcs/diff.go:492.19,493.17 1 1
github.com/fenilsonani/vcs/cmd/vcs/diff.go:494.22,495.17 1 1
github.com/fenilsonani/vcs/cmd/vcs/diff.go:496.21,497.17 1 0
github.com/fenilsonani/vcs/cmd/vcs/diff.go:499.4,499.40 1 1
github.com/fenilsonani/vcs/cmd/vcs/diff.go:501.3,501.13 1 1
github.com/fenilsonani/vcs/cmd/vcs/diff.go:505.2,505.29 1 1
github.com/fenilsonani/vcs/cmd/vcs/diff.go:505.29,508.22 2 1
github.com/fenilsonani/vcs/cmd/vcs/diff.go:509.18,515.53 6 1
github.com/fenilsonani/vcs/cmd/vcs/diff.go:516.20,522.53 6 1
github.com/fenilsonani/vcs/cmd/vcs/diff.go:523.21,528.67 5 1
github.com/fenilsonani/vcs/cmd/vcs/diff.go:530.3,530.16 1 1
github.com/fenilsonani/vcs/cmd/vcs/diff.go:533.2,533.12 1 1
github.com/fenilsonani/vcs/cmd/vcs/diff.go:536.72,540.45 3 1
github.com/fenilsonani/vcs/cmd/vcs/diff.go:540.45,542.3 1 1
github.com/fenilsonani/vcs/cmd/vcs/diff.go:543.2,543.45 1 1
github.com/fenilsonani/vcs/cmd/vcs/diff.go:543.45,545.3 1 1
github.com/fenilsonani/vcs/cmd/vcs/diff.go:548.2,549.28 2 1
github.com/fenilsonani/vcs/cmd/vcs/diff.go:549.28,551.3 1 1
github.com/fenilsonani/vcs/cmd/vcs/diff.go:553.2,553.17 1 1
github.com/fenilsonani/vcs/cmd/vcs/diff.go:553.17,555.3 1 1
github.com/fenilsonani/vcs/cmd/vcs/diff.go:558.2,561.30 3 1
github.com/fenilsonani/vcs/cmd/vcs/diff.go:561.30,565.24 3 1
github.com/fenilsonani/vcs/cmd/vcs/diff.go:565.24,567.4 1 1
github.com/fenilsonani/vcs/cmd/vcs/diff.go:568.3,568.24 1 1
github.com/fenilsonani/vcs/cmd/vcs/diff.go:568.24,570.4 1 1
github.com/fenilsonani/vcs/cmd/vcs/diff.go:572.3,572.25 1 1
github.com/fenilsonani/vcs/cmd/vcs/diff.go:572.25,573.23 1 1
github.com/fenilsonani/vcs/cmd/vcs/diff.go:573.23,575.5 1 1
github.com/fenilsonani/vcs/cmd/vcs/diff.go:576.4,576.16 1 1
github.com/fenilsonani/vcs/cmd/vcs/diff.go:580.2,580.21 1 1
github.com/fenilsonani/vcs/cmd/vcs/diff.go:580.21,582.3 1 1
github.com/fenilsonani/vcs/cmd/vcs/diff.go:585.2,586.19 2 1
github.com/fenilsonani/vcs/cmd/vcs/diff.go:586.19,588.3 1 1
github.com/fenilsonani/vcs/cmd/vcs/diff.go:590.2,591.23 2 1
github.com/fenilsonani/vcs/cmd/vcs/diff.go:591.23,593.3 1 1
[...]
github.com/fenilsonani/vcs/cmd/vcs/stash.go:299.2,300.16 2 1
github.com/fenilsonani/vcs/cmd/vcs/stash.go:300.16,302.3 1 0
github.com/fenilsonani/vcs/cmd/vcs/stash.go:305.2,306.27 2 1
github.com/fenilsonani/vcs/cmd/vcs/stash.go:306.27,307.46 1 1
github.com/fenilsonani/vcs/cmd/vcs/stash.go:307.46,309.4 1 0
github.com/fenilsonani/vcs/cmd/vcs/stash.go:312.2,313.12 2 1
github.com/fenilsonani/vcs/cmd/vcs/stash.go:316.58,319.27 2 1
github.com/fenilsonani/vcs/cmd/vcs/stash.go:319.27,321.79 2 1
github.com/fenilsonani/vcs/cmd/vcs/stash.go:321.79,323.4 1 1
github.com/fenilsonani/vcs/cmd/vcs/stash.go:330.2,330.19 1 1
github.com/fenilsonani/vcs/cmd/vcs/status.go:15.40,30.2 5 1
github.com/fenilsonani/vcs/cmd/vcs/status.go:32.57,35.16 2 1
github.com/fenilsonani/vcs/cmd/vcs/status.go:35.16,37.3 1 1
github.com/fenilsonani/vcs/cmd/vcs/status.go:40.2,41.16 2 1
github.com/fenilsonani/vcs/cmd/vcs/status.go:41.16,43.3 1 0
github.com/fenilsonani/vcs/cmd/vcs/status.go:46.2,60.46 9 1
github.com/fenilsonani/vcs/cmd/vcs/status.go:60.46,61.53 1 1
github.com/fenilsonani/vcs/cmd/vcs/status.go:61.53,64.4 1 0
github.com/fenilsonani/vcs/cmd/vcs/status.go:68.2,69.16 2 1
github.com/fenilsonani/vcs/cmd/vcs/status.go:69.16,71.3 1 0
github.com/fenilsonani/vcs/cmd/vcs/status.go:74.2,77.38 2 1
github.com/fenilsonani/vcs/cmd/vcs/status.go:77.38,83.3 1 1
github.com/fenilsonani/vcs/cmd/vcs/status.go:86.2,86.29 1 1
github.com/fenilsonani/vcs/cmd/vcs/status.go:86.29,87.35 1 1
github.com/fenilsonani/vcs/cmd/vcs/status.go:87.35,88.19 1 1
github.com/fenilsonani/vcs/cmd/vcs/status.go:88.19,94.5 1 1
github.com/fenilsonani/vcs/cmd/vcs/status.go:95.4,95.12 1 1
github.com/fenilsonani/vcs/cmd/vcs/status.go:98.3,99.14 2 1
github.com/fenilsonani/vcs/cmd/vcs/status.go:99.14,106.4 1 1
github.com/fenilsonani/vcs/cmd/vcs/status.go:106.9,109.18 2 1
github.com/fenilsonani/vcs/cmd/vcs/status.go:109.18,110.13 1 0
github.com/fenilsonani/vcs/cmd/vcs/status.go:114.4,115.31 2 1
github.com/fenilsonani/vcs/cmd/vcs/status.go:115.31,116.57 1 1
github.com/fenilsonani/vcs/cmd/vcs/status.go:116.57,118.6 1 1
github.com/fenilsonani/vcs/cmd/vcs/status.go:118.11,124.6 1 0
github.com/fenilsonani/vcs/cmd/vcs/status.go:130.2,131.29 2 1
github.com/fenilsonani/vcs/cmd/vcs/status.go:131.29,133.3 1 1
github.com/fenilsonani/vcs/cmd/vcs/status.go:135.2,135.38 1 1
github.com/fenilsonani/vcs/cmd/vcs/status.go:135.38,136.31 1 1
github.com/fenilsonani/vcs/cmd/vcs/status.go:136.31,142.4 1 1
github.com/fenilsonani/vcs/cmd/vcs/status.go:146.2,147.30 2 1
github.com/fenilsonani/vcs/cmd/vcs/status.go:147.30,149.3 1 1
github.com/fenilsonani/vcs/cmd/vcs/status.go:150.2,153.30 2 1
github.com/fenilsonani/vcs/cmd/vcs/status.go:153.30,155.3 1 1
github.com/fenilsonani/vcs/cmd/vcs/status.go:155.8,157.3 1 1
github.com/fenilsonani/vcs/cmd/vcs/status.go:159.2,159.12 1 1
github.com/fenilsonani/vcs/cmd/vcs/status.go:179.40,180.11 1 1
github.com/fenilsonani/vcs/cmd/vcs/status.go:181.20,182.13 1 1
github.com/fenilsonani/vcs/cmd/vcs/status.go:183.22,184.13 1 1
github.com/fenilsonani/vcs/cmd/vcs/status.go:185.21,186.13 1 1
github.com/fenilsonani/vcs/cmd/vcs/status.go:187.10,188.13 1 1
github.com/fenilsonani/vcs/cmd/vcs/status.go:192.39,193.11 1 1
github.com/fenilsonani/vcs/cmd/vcs/status.go:194.22,195.13 1 1
github.com/fenilsonani/vcs/cmd/vcs/status.go:196.21,197.13 1 1
github.com/fenilsonani/vcs/cmd/vcs/status.go:198.23,199.13 1 1
github.com/fenilsonani/vcs/cmd/vcs/status.go:200.21,201.13 1 1
github.com/fenilsonani/vcs/cmd/vcs/status.go:202.10,203.13 1 1
github.com/fenilsonani/vcs/cmd/vcs/status.go:207.83,208.35 1 1
github.com/fenilsonani/vcs/cmd/vcs/status.go:208.35,213.42 4 1
github.com/fenilsonani/vcs/cmd/vcs/status.go:213.42,214.12 1 0
github.com/fenilsonani/vcs/cmd/vcs/status.go:217.3,217.53 1 1
github.com/fenilsonani/vcs/cmd/vcs/status.go:221.82,228.35 6 1
github.com/fenilsonani/vcs/cmd/vcs/status.go:228.35,231.10 2 1
github.com/fenilsonani/vcs/cmd/vcs/status.go:232.84,233.33 1 1
github.com/fenilsonani/vcs/cmd/vcs/status.go:234.81,235.35 1 1
github.com/fenilsonani/vcs/cmd/vcs/status.go:236.44,237.37 1 1
github.com/fenilsonani/vcs/cmd/vcs/status.go:238.45,239.39 1 1
github.com/fenilsonani/vcs/cmd/vcs/status.go:240.43,241.35 1 1
github.com/fenilsonani/vcs/cmd/vcs/status.go:246.2,246.21 1 1
github.com/fenilsonani/vcs/cmd/vcs/status.go:246.21,248.31 2 1
github.com/fenilsonani/vcs/cmd/vcs/status.go:248.31,250.4 1 1
github.com/fenilsonani/vcs/cmd/vcs/status.go:251.3,251.16 1 1
github.com/fenilsonani/vcs/cmd/vcs/status.go:254.2,254.23 1 1
github.com/fenilsonani/vcs/cmd/vcs/status.go:254.23,256.33 2 1
github.com/fenilsonani/vcs/cmd/vcs/status.go:256.33,258.4 1 1
github.com/fenilsonani/vcs/cmd/vcs/status.go:259.3,259.16 1 1
github.com/fenilsonani/vcs/cmd/vcs/status.go:262.2,262.22 1 1
github.com/fenilsonani/vcs/cmd/vcs/status.go:262.22,264.32 2 1
github.com/fenilsonani/vcs/cmd/vcs/status.go:264.32,266.4 1 1
github.com/fenilsonani/vcs/cmd/vcs/status.go:267.3,267.16 1 1
github.com/fenilsonani/vcs/cmd/vcs/status.go:270.2,270.24 1 1
github.com/fenilsonani/vcs/cmd/vcs/status.go:270.24,272.34 2 1
github.com/fenilsonani/vcs/cmd/vcs/status.go:272.34,274.4 1 1
github.com/fenilsonani/vcs/cmd/vcs/status.go:275.3,275.16 1 1
github.com/fenilsonani/vcs/cmd/vcs/status.go:278.2,278.22 1 1
github.com/fenilsonani/vcs/cmd/vcs/status.go:278.22,280.32 2 1
github.com/fenilsonani/vcs/cmd/vcs/status.go:280.32,282.4 1 1
github.com/fenilsonani/vcs/cmd/vcs/status.go:283.3,283.16 1 1
github.com/fenilsonani/vcs/cmd/vcs/status.go:287.2,287.67 1 1
github.com/fenilsonani/vcs/cmd/vcs/status.go:287.67,289.3 1 1
github.com/fenilsonani/vcs/cmd/vcs/status.go:292.39,294.16 2 1
github.com/fenilsonani/vcs/cmd/vcs/status.go:294.16,296.3 1 0
github.com/fenilsonani/vcs/cmd/vcs/status.go:299.2,300.6 2 1
github.com/fenilsonani/vcs/cmd/vcs/status.go:300.6,302.63 2 1
github.com/fenilsonani/vcs/cmd/vcs/status.go:302.63,304.4 1 1
github.com/fenilsonani/vcs/cmd/vcs/status.go:306.3,307.20 2 1
github.com/fenilsonani/vcs/cmd/vcs/status.go:307.20,308.9 1 1
github.com/fenilsonani/vcs/cmd/vcs/status.go:310.3,310.15 1 1
github.com/fenilsonani/vcs/cmd/vcs/status.go:313.2,313.47 1 1
github.com/fenilsonani/vcs/cmd/vcs/status_test_fixed.go:13.47,16.25 2 0
github.com/fenilsonani/vcs/cmd/vcs/status_test_fixed.go:16.25,18.3 1 0
github.com/fenilsonani/vcs/cmd/vcs/status_test_fixed.go:20.2,20.45 1 0
github.com/fenilsonani/vcs/cmd/vcs/status_test_fixed.go:20.45,22.3 1 0
github.com/fenilsonani/vcs/cmd/vcs/status_test_fixed.go:25.2,25.40 1 0
github.com/fenilsonani/vcs/cmd/vcs/status_test_fixed.go:25.40,27.3 1 0
github.com/fenilsonani/vcs/cmd/vcs/status_test_fixed.go:30.40,37.16 5 0
github.com/fenilsonani/vcs/cmd/vcs/status_test_fixed.go:37.16,39.3 1 0
github.com/fenilsonani/vcs/cmd/vcs/status_test_fixed.go:41.2,51.18 1 0
github.com/fenilsonani/vcs/cmd/vcs/status_test_fixed.go:51.19,53.5 0 0
github.com/fenilsonani/vcs/cmd/vcs/status_test_fixed.go:60.18,62.5 1 0
github.com/fenilsonani/vcs/cmd/vcs/status_test_fixed.go:69.18,85.5 7 0
github.com/fenilsonani/vcs/cmd/vcs/status_test_fixed.go:92.18,94.5 1 0
github.com/fenilsonani/vcs/cmd/vcs/status_test_fixed.go:102.18,114.5 6 0
github.com/fenilsonani/vcs/cmd/vcs/status_test_fixed.go:125.18,136.5 6 0
github.com/fenilsonani/vcs/cmd/vcs/status_test_fixed.go:147.2,147.27 1 0
github.com/fenilsonani/vcs/cmd/vcs/status_test_fixed.go:147.27,148.37 1 0
github.com/fenilsonani/vcs/cmd/vcs/status_test_fixed.go:148.37,151.31 2 0
github.com/fenilsonani/vcs/cmd/vcs/status_test_fixed.go:151.31,152.38 1 0
github.com/fenilsonani/vcs/cmd/vcs/status_test_fixed.go:152.38,154.6 1 0
github.com/fenilsonani/vcs/cmd/vcs/status_test_fixed.go:158.4,162.23 3 0
github.com/fenilsonani/vcs/cmd/vcs/status_test_fixed.go:162.23,164.5 1 0
github.com/fenilsonani/vcs/cmd/vcs/status_test_fixed.go:167.4,174.32 4 0
github.com/fenilsonani/vcs/cmd/vcs/status_test_fixed.go:174.32,176.5 1 0
github.com/fenilsonani/vcs/cmd/vcs/status_test_fixed.go:181.45,189.16 5 0
github.com/fenilsonani/vcs/cmd/vcs/status_test_fixed.go:189.16,191.3 1 0
github.com/fenilsonani/vcs/cmd/vcs/status_test_fixed.go:194.2,195.16 2 0
github.com/fenilsonani/vcs/cmd/vcs/status_test_fixed.go:195.16,197.3 1 0
github.com/fenilsonani/vcs/cmd/vcs/status_test_fixed.go:200.2,201.16 2 0
github.com/fenilsonani/vcs/cmd/vcs/status_test_fixed.go:201.16,203.3 1 0
github.com/fenilsonani/vcs/cmd/vcs/status_test_fixed.go:204.2,204.33 1 0
github.com/fenilsonani/vcs/cmd/vcs/status_test_fixed.go:204.33,206.3 1 0
github.com/fenilsonani/vcs/cmd/vcs/status_test_fixed.go:209.45,223.27 2 0
github.com/fenilsonani/vcs/cmd/vcs/status_test_fixed.go:223.27,224.57 1 0
github.com/fenilsonani/vcs/cmd/vcs/status_test_fixed.go:224.57,225.57 1 0
github.com/fenilsonani/vcs/cmd/vcs/status_test_fixed.go:225.57,227.5 1 0
github.com/fenilsonani/vcs/cmd/vcs/status_test_fixed.go:228.4,228.55 1 0
github.com/fenilsonani/vcs/cmd/vcs/status_test_fixed.go:228.55,230.5 1 0
github.com/fenilsonani/vcs/cmd/vcs/status_test_fixed.go:235.47,265.44 3 0
github.com/fenilsonani/vcs/cmd/vcs/status_test_fixed.go:265.44,267.57 2 0
github.com/fenilsonani/vcs/cmd/vcs/status_test_fixed.go:267.57,269.4 1 0
github.com/fenilsonani/vcs/cmd/vcs/status_test_fixed.go:270.3,270.54 1 0
github.com/fenilsonani/vcs/cmd/vcs/status_test_fixed.go:270.54,272.4 1 0
github.com/fenilsonani/vcs/cmd/vcs/tag.go:18.37,32.55 2 1
github.com/fenilsonani/vcs/cmd/vcs/tag.go:32.55,34.18 2 1
github.com/fenilsonani/vcs/cmd/vcs/tag.go:34.18,36.5 1 1
github.com/fenilsonani/vcs/cmd/vcs/tag.go:38.4,39.18 2 1
github.com/fenilsonani/vcs/cmd/vcs/tag.go:39.18,41.5 1 0
github.com/fenilsonani/vcs/cmd/vcs/tag.go:43.4,45.30 2 1
github.com/fenilsonani/vcs/cmd/vcs/tag.go:45.30,47.5 1 1
github.com/fenilsonani/vcs/cmd/vcs/tag.go:49.4,51.14 2 1
github.com/fenilsonani/vcs/cmd/vcs/tag.go:51.14,53.5 1 1
github.com/fenilsonani/vcs/cmd/vcs/tag.go:56.4,57.21 2 1
github.com/fenilsonani/vcs/cmd/vcs/tag.go:57.21,59.5 1 1
github.com/fenilsonani/vcs/cmd/vcs/tag.go:61.4,61.85 1 1
github.com/fenilsonani/vcs/cmd/vcs/tag.go:65.2,71.12 6 1
github.com/fenilsonani/vcs/cmd/vcs/tag.go:74.72,78.52 2 1
github.com/fenilsonani/vcs/cmd/vcs/tag.go:78.52,80.3 1 0
github.com/fenilsonani/vcs/cmd/vcs/tag.go:82.2,83.85 2 1
github.com/fenilsonani/vcs/cmd/vcs/tag.go:83.85,84.17 1 1
github.com/fenilsonani/vcs/cmd/vcs/tag.go:84.17,86.4 1 0
github.com/fenilsonani/vcs/cmd/vcs/tag.go:88.3,88.20 1 1
github.com/fenilsonani/vcs/cmd/vcs/tag.go:88.20,90.18 2 1
github.com/fenilsonani/vcs/cmd/vcs/tag.go:90.18,92.5 1 0
github.com/fenilsonani/vcs/cmd/vcs/tag.go:93.4,93.32 1 1
github.com/fenilsonani/vcs/cmd/vcs/tag.go:95.3,95.13 1 1
github.com/fenilsonani/vcs/cmd/vcs/tag.go:98.2,98.16 1 1
github.com/fenilsonani/vcs/cmd/vcs/tag.go:98.16,100.3 1 0
github.com/fenilsonani/vcs/cmd/vcs/tag.go:102.2,103.27 2 1
github.com/fenilsonani/vcs/cmd/vcs/tag.go:103.27,105.3 1 1
github.com/fenilsonani/vcs/cmd/vcs/tag.go:107.2,107.12 1 1
github.com/fenilsonani/vcs/cmd/vcs/tag.go:110.141,112.49 1 1
github.com/fenilsonani/vcs/cmd/vcs/tag.go:112.49,114.3 1 1
github.com/fenilsonani/vcs/cmd/vcs/tag.go:117.2,118.45 2 1
github.com/fenilsonani/vcs/cmd/vcs/tag.go:118.45,120.3 1 1
github.com/fenilsonani/vcs/cmd/vcs/tag.go:123.2,124.16 2 1
github.com/fenilsonani/vcs/cmd/vcs/tag.go:124.16,126.3 1 1
github.com/fenilsonani/vcs/cmd/vcs/tag.go:129.2,130.16 2 1
github.com/fenilsonani/vcs/cmd/vcs/tag.go:130.16,132.3 1 1
github.com/fenilsonani/vcs/cmd/vcs/tag.go:134.2,136.32 2 0
github.com/fenilsonani/vcs/cmd/vcs/tag.go:136.32,138.20 1 0
github.com/fenilsonani/vcs/cmd/vcs/tag.go:138.20,140.4 1 0
github.com/fenilsonani/vcs/cmd/vcs/tag.go:142.3,149.17 3 0
github.com/fenilsonani/vcs/cmd/vcs/tag.go:149.17,151.4 1 0
github.com/fenilsonani/vcs/cmd/vcs/tag.go:153.3,154.52 2 0
github.com/fenilsonani/vcs/cmd/vcs/tag.go:155.8,159.3 2 0
github.com/fenilsonani/vcs/cmd/vcs/tag.go:162.2,162.70 1 0
github.com/fenilsonani/vcs/cmd/vcs/tag.go:162.70,164.3 1 0
github.com/fenilsonani/vcs/cmd/vcs/tag.go:166.2,166.12 1 0
github.com/fenilsonani/vcs/cmd/vcs/tag.go:169.89,172.36 2 1
github.com/fenilsonani/vcs/cmd/vcs/tag.go:172.36,174.3 1 1
github.com/fenilsonani/vcs/cmd/vcs/tag.go:176.2,177.43 2 1
github.com/fenilsonani/vcs/cmd/vcs/tag.go:177.43,179.3 1 0
github.com/fenilsonani/vcs/cmd/vcs/tag.go:181.2,182.12 2 1
github.com/fenilsonani/vcs/cmd/vcs/tag.go:185.41,186.16 1 1
github.com/fenilsonani/vcs/cmd/vcs/tag.go:186.16,188.3 1 0
github.com/fenilsonani/vcs/cmd/vcs/tag.go:191.2,191.33 1 1
github.com/fenilsonani/vcs/cmd/vcs/tag.go:191.33,193.3 1 1
github.com/fenilsonani/vcs/cmd/vcs/tag.go:195.2,195.34 1 1
github.com/fenilsonani/vcs/cmd/vcs/tag.go:195.34,197.3 1 0
github.com/fenilsonani/vcs/cmd/vcs/tag.go:199.2,199.34 1 1
github.com/fenilsonani/vcs/cmd/vcs/tag.go:199.34,201.3 1 1
github.com/fenilsonani/vcs/cmd/vcs/tag.go:204.2,205.39 2 1
github.com/fenilsonani/vcs/cmd/vcs/tag.go:205.39,206.38 1 1
github.com/fenilsonani/vcs/cmd/vcs/tag.go:206.38,208.4 1 0
github.com/fenilsonani/vcs/cmd/vcs/tag.go:211.2,211.12 1 1
github.com/fenilsonani/vcs/cmd/vcs/test_utils.go:23.72,28.2 1 1
github.com/fenilsonani/vcs/cmd/vcs/test_utils.go:31.53,41.46 5 1
github.com/fenilsonani/vcs/cmd/vcs/test_utils.go:41.46,42.53 1 1
github.com/fenilsonani/vcs/cmd/vcs/test_utils.go:42.53,44.4 1 0
github.com/fenilsonani/vcs/cmd/vcs/test_utils.go:48.2,51.39 2 1
github.com/fenilsonani/vcs/cmd/vcs/test_utils.go:51.39,54.17 2 1
github.com/fenilsonani/vcs/cmd/vcs/test_utils.go:54.17,56.4 1 1
github.com/fenilsonani/vcs/cmd/vcs/test_utils.go:59.3,61.17 3 1
github.com/fenilsonani/vcs/cmd/vcs/test_utils.go:61.17,63.4 1 0
github.com/fenilsonani/vcs/cmd/vcs/test_utils.go:64.3,73.17 3 1
github.com/fenilsonani/vcs/cmd/vcs/test_utils.go:77.2,77.35 1 1
github.com/fenilsonani/vcs/cmd/vcs/test_utils.go:81.100,88.16 5 1
github.com/fenilsonani/vcs/cmd/vcs/test_utils.go:88.16,90.3 1 0
github.com/fenilsonani/vcs/cmd/vcs/test_utils.go:93.2,96.38 3 1
github.com/fenilsonani/vcs/cmd/vcs/test_utils.go:96.38,98.17 2 1
github.com/fenilsonani/vcs/cmd/vcs/test_utils.go:98.17,100.4 1 0
github.com/fenilsonani/vcs/cmd/vcs/test_utils.go:104.2,105.16 2 1
github.com/fenilsonani/vcs/cmd/vcs/test_utils.go:105.16,107.3 1 0
github.com/fenilsonani/vcs/cmd/vcs/test_utils.go:108.2,115.16 5 1
github.com/fenilsonani/vcs/cmd/vcs/test_utils.go:115.16,117.3 1 1
github.com/fenilsonani/vcs/cmd/vcs/test_utils.go:120.2,121.21 2 1
github.com/fenilsonani/vcs/cmd/vcs/test_utils.go:121.21,123.3 1 1
github.com/fenilsonani/vcs/cmd/vcs/test_utils.go:126.2,136.16 6 1
github.com/fenilsonani/vcs/cmd/vcs/test_utils.go:136.16,138.3 1 0
github.com/fenilsonani/vcs/cmd/vcs/test_utils.go:139.2,143.16 3 1
github.com/fenilsonani/vcs/cmd/vcs/test_utils.go:143.16,146.101 2 1
github.com/fenilsonani/vcs/cmd/vcs/test_utils.go:146.101,148.4 1 0
github.com/fenilsonani/vcs/cmd/vcs/test_utils.go:151.3,153.75 3 1
github.com/fenilsonani/vcs/cmd/vcs/test_utils.go:153.75,155.4 1 0
github.com/fenilsonani/vcs/cmd/vcs/test_utils.go:156.8,158.101 1 1
github.com/fenilsonani/vcs/cmd/vcs/test_utils.go:158.101,160.4 1 0
github.com/fenilsonani/vcs/cmd/vcs/test_utils.go:163.2,163.22 1 1
github.com/fenilsonani/vcs/cmd/vcs/test_utils.go:167.78,173.16 4 1
github.com/fenilsonani/vcs/cmd/vcs/test_utils.go:173.16,175.3 1 0
github.com/fenilsonani/vcs/cmd/vcs/test_utils.go:178.2,179.70 2 1
github.com/fenilsonani/vcs/cmd/vcs/test_utils.go:179.70,181.3 1 0
github.com/fenilsonani/vcs/cmd/vcs/test_utils.go:183.2,183.26 1 1
github.com/fenilsonani/vcs/cmd/vcs/test_utils.go:187.56,194.16 5 1
github.com/fenilsonani/vcs/cmd/vcs/test_utils.go:194.16,199.3 3 1
github.com/fenilsonani/vcs/cmd/vcs/test_utils.go:202.2,203.16 2 1
github.com/fenilsonani/vcs/cmd/vcs/test_utils.go:203.16,205.3 1 0
github.com/fenilsonani/vcs/cmd/vcs/test_utils.go:208.2,209.69 2 1
github.com/fenilsonani/vcs/cmd/vcs/test_utils.go:213.68,220.16 5 1
github.com/fenilsonani/vcs/cmd/vcs/test_utils.go:220.16,222.3 1 0
github.com/fenilsonani/vcs/cmd/vcs/test_utils.go:225.2,228.27 3 1
github.com/fenilsonani/vcs/cmd/vcs/test_utils.go:228.27,231.17 2 1
github.com/fenilsonani/vcs/cmd/vcs/test_utils.go:231.17,232.9 1 0
github.com/fenilsonani/vcs/cmd/vcs/test_utils.go:235.3,236.10 2 1
github.com/fenilsonani/vcs/cmd/vcs/test_utils.go:236.10,237.9 1 0
github.com/fenilsonani/vcs/cmd/vcs/test_utils.go:240.3,244.24 3 1
github.com/fenilsonani/vcs/cmd/vcs/test_utils.go:244.24,245.9 1 1
github.com/fenilsonani/vcs/cmd/vcs/test_utils.go:247.3,247.25 1 0
github.com/fenilsonani/vcs/cmd/vcs/test_utils.go:250.2,250.21 1 1
github.com/fenilsonani/vcs/cmd/vcs/test_utils.go:254.49,261.29 5 1
github.com/fenilsonani/vcs/cmd/vcs/test_utils.go:261.29,265.67 2 1
github.com/fenilsonani/vcs/cmd/vcs/test_utils.go:265.67,269.47 3 1
github.com/fenilsonani/vcs/cmd/vcs/test_utils.go:269.47,274.5 3 1
github.com/fenilsonani/vcs/cmd/vcs/test_utils.go:274.10,276.5 1 1
github.com/fenilsonani/vcs/cmd/vcs/test_utils.go:277.4,277.12 1 1
github.com/fenilsonani/vcs/cmd/vcs/test_utils.go:281.3,281.53 1 1
github.com/fenilsonani/vcs/cmd/vcs/test_utils.go:281.53,283.23 2 1
github.com/fenilsonani/vcs/cmd/vcs/test_utils.go:283.23,287.44 3 1
github.com/fenilsonani/vcs/cmd/vcs/test_utils.go:287.44,289.6 1 1
github.com/fenilsonani/vcs/cmd/vcs/test_utils.go:294.2,294.16 1 1
github.com/fenilsonani/vcs/cmd/vcs/testutil.go:23.46,25.16 2 1
github.com/fenilsonani/vcs/cmd/vcs/testutil.go:25.16,27.3 1 0
github.com/fenilsonani/vcs/cmd/vcs/testutil.go:29.2,32.3 1 1
github.com/fenilsonani/vcs/cmd/vcs/testutil.go:36.38,38.2 1 1
github.com/fenilsonani/vcs/cmd/vcs/testutil.go:41.32,42.20 1 1
github.com/fenilsonani/vcs/cmd/vcs/testutil.go:42.20,44.3 1 1
github.com/fenilsonani/vcs/cmd/vcs/testutil.go:45.2,45.20 1 1
github.com/fenilsonani/vcs/cmd/vcs/testutil.go:45.20,47.3 1 1
github.com/fenilsonani/vcs/cmd/vcs/testutil.go:48.2,48.18 1 1
github.com/fenilsonani/vcs/cmd/vcs/testutil.go:52.30,53.20 1 1
github.com/fenilsonani/vcs/cmd/vcs/testutil.go:53.20,55.3 1 1
github.com/fenilsonani/vcs/cmd/vcs/testutil.go:56.2,56.43 1 1
github.com/fenilsonani/vcs/cmd/vcs/testutil.go:56.43,58.3 1 0
github.com/fenilsonani/vcs/cmd/vcs/testutil.go:62.55,63.66 1 1
github.com/fenilsonani/vcs/cmd/vcs/testutil.go:63.66,65.3 1 0
github.com/fenilsonani/vcs/cmd/vcs/testutil.go:69.47,70.23 1 1
github.com/fenilsonani/vcs/cmd/vcs/testutil.go:70.23,72.3 1 1
github.com/fenilsonani/vcs/cmd/vcs/testutil.go:74.2,75.16 2 1
github.com/fenilsonani/vcs/cmd/vcs/testutil.go:75.16,77.3 1 0
github.com/fenilsonani/vcs/cmd/vcs/testutil.go:79.2,81.12 2 1
github.com/fenilsonani/vcs/cmd/vcs/testutil.go:81.12,84.3 2 1
github.com/fenilsonani/vcs/cmd/vcs/testutil.go:88.37,89.24 1 1
github.com/fenilsonani/vcs/cmd/vcs/testutil.go:89.24,92.3 2 0
github.com/fenilsonani/vcs/cmd/vcs/testutil.go:93.2,93.24 1 1
github.com/fenilsonani/vcs/cmd/vcs/testutil.go:93.24,96.3 2 0
github.com/fenilsonani/vcs/cmd/vcs/testutil.go:97.2,97.23 1 1
github.com/fenilsonani/vcs/cmd/vcs/testutil.go:97.23,100.3 2 1
github.com/fenilsonani/vcs/cmd/vcs/testutil.go:110.108,112.32 1 1
github.com/fenilsonani/vcs/cmd/vcs/testutil.go:112.32,113.51 1 1
github.com/fenilsonani/vcs/cmd/vcs/testutil.go:113.51,114.54 1 1
github.com/fenilsonani/vcs/cmd/vcs/testutil.go:114.54,116.5 1 0
github.com/fenilsonani/vcs/cmd/vcs/testutil.go:121.2,138.3 8 1
github.com/fenilsonani/vcs/cmd/vcs/testutil.go:142.65,143.33 1 1
github.com/fenilsonani/vcs/cmd/vcs/testutil.go:143.33,145.3 1 0
github.com/fenilsonani/vcs/cmd/vcs/testutil.go:149.74,150.32 1 1
github.com/fenilsonani/vcs/cmd/vcs/testutil.go:150.32,151.40 1 1
github.com/fenilsonani/vcs/cmd/vcs/testutil.go:151.40,153.4 1 0
github.com/fenilsonani/vcs/cmd/vcs/testutil.go:158.77,159.32 1 0
github.com/fenilsonani/vcs/cmd/vcs/testutil.go:159.32,160.39 1 0
github.com/fenilsonani/vcs/cmd/vcs/testutil.go:160.39,162.4 1 0
github.com/fenilsonani/vcs/cmd/vcs/testutil.go:167.75,168.64 1 0
github.com/fenilsonani/vcs/cmd/vcs/testutil.go:168.64,170.3 1 0
github.com/fenilsonani/vcs/cmd/vcs/testutil.go:174.57,175.39 1 0
github.com/fenilsonani/vcs/cmd/vcs/testutil.go:175.39,177.3 1 0
github.com/fenilsonani/vcs/cmd/vcs/testutil.go:181.42,183.2 1 1
