mode: set
github.com/fenilsonani/vcs/internal/core/index/index.go:52.29,54.2 1 1
github.com/fenilsonani/vcs/internal/core/index/index.go:57.37,59.2 1 1
github.com/fenilsonani/vcs/internal/core/index/index.go:69.19,75.2 1 1
github.com/fenilsonani/vcs/internal/core/index/index.go:78.35,80.2 1 1
github.com/fenilsonani/vcs/internal/core/index/index.go:83.38,85.2 1 1
github.com/fenilsonani/vcs/internal/core/index/index.go:88.43,89.22 1 1
github.com/fenilsonani/vcs/internal/core/index/index.go:89.22,91.3 1 1
github.com/fenilsonani/vcs/internal/core/index/index.go:94.2,98.32 3 1
github.com/fenilsonani/vcs/internal/core/index/index.go:98.32,99.27 1 1
github.com/fenilsonani/vcs/internal/core/index/index.go:99.27,102.9 3 1
github.com/fenilsonani/vcs/internal/core/index/index.go:106.2,106.12 1 1
github.com/fenilsonani/vcs/internal/core/index/index.go:106.12,108.3 1 1
github.com/fenilsonani/vcs/internal/core/index/index.go:111.2,112.12 2 1
github.com/fenilsonani/vcs/internal/core/index/index.go:116.45,119.32 2 1
github.com/fenilsonani/vcs/internal/core/index/index.go:119.32,120.21 1 1
github.com/fenilsonani/vcs/internal/core/index/index.go:120.21,123.4 2 1
github.com/fenilsonani/vcs/internal/core/index/index.go:126.2,126.48 1 1
github.com/fenilsonani/vcs/internal/core/index/index.go:130.51,133.2 2 1
github.com/fenilsonani/vcs/internal/core/index/index.go:136.27,139.2 2 1
github.com/fenilsonani/vcs/internal/core/index/index.go:142.26,143.46 1 1
github.com/fenilsonani/vcs/internal/core/index/index.go:143.46,145.3 1 1
github.com/fenilsonani/vcs/internal/core/index/index.go:149.46,159.43 6 1
github.com/fenilsonani/vcs/internal/core/index/index.go:159.43,161.3 1 1
github.com/fenilsonani/vcs/internal/core/index/index.go:164.2,171.36 4 1
github.com/fenilsonani/vcs/internal/core/index/index.go:171.36,172.51 1 1
github.com/fenilsonani/vcs/internal/core/index/index.go:172.51,174.4 1 0
github.com/fenilsonani/vcs/internal/core/index/index.go:178.2,179.45 2 1
github.com/fenilsonani/vcs/internal/core/index/index.go:179.45,181.3 1 0
github.com/fenilsonani/vcs/internal/core/index/index.go:183.2,183.12 1 1
github.com/fenilsonani/vcs/internal/core/index/index.go:187.63,207.28 15 1
github.com/fenilsonani/vcs/internal/core/index/index.go:207.28,209.3 1 0
github.com/fenilsonani/vcs/internal/core/index/index.go:210.2,220.31 7 1
github.com/fenilsonani/vcs/internal/core/index/index.go:220.31,222.3 1 1
github.com/fenilsonani/vcs/internal/core/index/index.go:224.2,225.12 2 1
github.com/fenilsonani/vcs/internal/core/index/index.go:229.47,232.50 2 1
github.com/fenilsonani/vcs/internal/core/index/index.go:232.50,234.3 1 1
github.com/fenilsonani/vcs/internal/core/index/index.go:237.2,237.43 1 1
github.com/fenilsonani/vcs/internal/core/index/index.go:237.43,239.3 1 1
github.com/fenilsonani/vcs/internal/core/index/index.go:242.2,243.40 2 1
github.com/fenilsonani/vcs/internal/core/index/index.go:243.40,245.3 1 1
github.com/fenilsonani/vcs/internal/core/index/index.go:248.2,259.42 6 1
github.com/fenilsonani/vcs/internal/core/index/index.go:259.42,261.17 2 1
github.com/fenilsonani/vcs/internal/core/index/index.go:261.17,263.4 1 1
github.com/fenilsonani/vcs/internal/core/index/index.go:264.3,265.32 2 1
github.com/fenilsonani/vcs/internal/core/index/index.go:269.2,270.60 2 1
github.com/fenilsonani/vcs/internal/core/index/index.go:270.60,272.3 1 0
github.com/fenilsonani/vcs/internal/core/index/index.go:274.2,275.52 2 1
github.com/fenilsonani/vcs/internal/core/index/index.go:275.52,277.3 1 1
github.com/fenilsonani/vcs/internal/core/index/index.go:279.2,279.12 1 1
github.com/fenilsonani/vcs/internal/core/index/index.go:283.58,302.55 15 1
github.com/fenilsonani/vcs/internal/core/index/index.go:302.55,304.3 1 1
github.com/fenilsonani/vcs/internal/core/index/index.go:306.2,314.29 6 1
github.com/fenilsonani/vcs/internal/core/index/index.go:314.29,317.7 2 0
github.com/fenilsonani/vcs/internal/core/index/index.go:317.7,319.39 2 0
github.com/fenilsonani/vcs/internal/core/index/index.go:319.39,321.5 1 0
github.com/fenilsonani/vcs/internal/core/index/index.go:322.4,322.17 1 0
github.com/fenilsonani/vcs/internal/core/index/index.go:322.17,323.10 1 0
github.com/fenilsonani/vcs/internal/core/index/index.go:325.4,325.27 1 0
github.com/fenilsonani/vcs/internal/core/index/index.go:327.3,328.32 2 0
github.com/fenilsonani/vcs/internal/core/index/index.go:329.8,332.52 2 1
github.com/fenilsonani/vcs/internal/core/index/index.go:332.52,334.4 1 0
github.com/fenilsonani/vcs/internal/core/index/index.go:335.3,338.52 2 1
github.com/fenilsonani/vcs/internal/core/index/index.go:338.52,340.4 1 0
github.com/fenilsonani/vcs/internal/core/index/index.go:341.3,341.12 1 1
github.com/fenilsonani/vcs/internal/core/index/index.go:345.2,347.17 3 1
github.com/fenilsonani/vcs/internal/core/index/index.go:347.17,348.58 1 1
github.com/fenilsonani/vcs/internal/core/index/index.go:348.58,350.4 1 0
github.com/fenilsonani/vcs/internal/core/index/index.go:353.2,353.19 1 1
github.com/fenilsonani/vcs/internal/core/index/index.go:357.50,361.16 3 1
github.com/fenilsonani/vcs/internal/core/index/index.go:361.16,363.3 1 1
github.com/fenilsonani/vcs/internal/core/index/index.go:364.2,368.41 3 1
github.com/fenilsonani/vcs/internal/core/index/index.go:368.41,371.3 2 0
github.com/fenilsonani/vcs/internal/core/index/index.go:373.2,373.36 1 1
github.com/fenilsonani/vcs/internal/core/index/index.go:373.36,375.3 1 0
github.com/fenilsonani/vcs/internal/core/index/index.go:378.2,378.49 1 1
github.com/fenilsonani/vcs/internal/core/index/index.go:378.49,380.3 1 1
github.com/fenilsonani/vcs/internal/core/index/index.go:382.2,382.12 1 1
github.com/fenilsonani/vcs/internal/core/index/index.go:386.51,388.16 2 1
github.com/fenilsonani/vcs/internal/core/index/index.go:388.16,390.3 1 1
github.com/fenilsonani/vcs/internal/core/index/index.go:391.2,393.27 2 1
github.com/fenilsonani/vcs/internal/core/objects/blob.go:15.33,21.2 3 1
github.com/fenilsonani/vcs/internal/core/objects/blob.go:24.52,26.16 2 1
github.com/fenilsonani/vcs/internal/core/objects/blob.go:26.16,28.3 1 1
github.com/fenilsonani/vcs/internal/core/objects/blob.go:29.2,29.27 1 1
github.com/fenilsonani/vcs/internal/core/objects/blob.go:33.34,35.2 1 1
github.com/fenilsonani/vcs/internal/core/objects/blob.go:38.29,40.2 1 1
github.com/fenilsonani/vcs/internal/core/objects/blob.go:43.30,45.2 1 1
github.com/fenilsonani/vcs/internal/core/objects/blob.go:48.30,50.2 1 1
github.com/fenilsonani/vcs/internal/core/objects/blob.go:53.35,55.2 1 1
github.com/fenilsonani/vcs/internal/core/objects/blob.go:58.44,60.2 1 1
github.com/fenilsonani/vcs/internal/core/objects/blob.go:63.48,68.2 1 1
github.com/fenilsonani/vcs/internal/core/objects/commit.go:22.104,32.2 3 1
github.com/fenilsonani/vcs/internal/core/objects/commit.go:35.36,37.2 1 1
github.com/fenilsonani/vcs/internal/core/objects/commit.go:40.31,43.2 2 1
github.com/fenilsonani/vcs/internal/core/objects/commit.go:46.32,47.19 1 1
github.com/fenilsonani/vcs/internal/core/objects/commit.go:47.19,49.3 1 1
github.com/fenilsonani/vcs/internal/core/objects/commit.go:50.2,50.13 1 1
github.com/fenilsonani/vcs/internal/core/objects/commit.go:54.34,56.2 1 1
github.com/fenilsonani/vcs/internal/core/objects/commit.go:59.39,61.2 1 1
github.com/fenilsonani/vcs/internal/core/objects/commit.go:64.37,66.2 1 1
github.com/fenilsonani/vcs/internal/core/objects/commit.go:69.40,71.2 1 1
github.com/fenilsonani/vcs/internal/core/objects/commit.go:74.35,76.2 1 1
github.com/fenilsonani/vcs/internal/core/objects/commit.go:79.46,86.35 3 1
github.com/fenilsonani/vcs/internal/core/objects/commit.go:86.35,88.3 1 1
github.com/fenilsonani/vcs/internal/core/objects/commit.go:91.2,102.25 5 1
github.com/fenilsonani/vcs/internal/core/objects/commit.go:106.30,109.2 2 1
github.com/fenilsonani/vcs/internal/core/objects/commit.go:112.61,124.21 5 1
github.com/fenilsonani/vcs/internal/core/objects/commit.go:124.21,127.16 2 1
github.com/fenilsonani/vcs/internal/core/objects/commit.go:127.16,128.18 1 1
github.com/fenilsonani/vcs/internal/core/objects/commit.go:128.18,130.13 2 1
github.com/fenilsonani/vcs/internal/core/objects/commit.go:133.4,134.23 2 1
github.com/fenilsonani/vcs/internal/core/objects/commit.go:134.23,136.5 1 1
github.com/fenilsonani/vcs/internal/core/objects/commit.go:138.4,140.15 2 1
github.com/fenilsonani/vcs/internal/core/objects/commit.go:141.16,143.19 2 1
github.com/fenilsonani/vcs/internal/core/objects/commit.go:143.19,145.6 1 1
github.com/fenilsonani/vcs/internal/core/objects/commit.go:146.5,146.23 1 1
github.com/fenilsonani/vcs/internal/core/objects/commit.go:148.18,150.19 2 1
github.com/fenilsonani/vcs/internal/core/objects/commit.go:150.19,152.6 1 1
github.com/fenilsonani/vcs/internal/core/objects/commit.go:153.5,153.52 1 1
github.com/fenilsonani/vcs/internal/core/objects/commit.go:155.18,157.19 2 1
github.com/fenilsonani/vcs/internal/core/objects/commit.go:157.19,159.6 1 1
github.com/fenilsonani/vcs/internal/core/objects/commit.go:160.5,160.25 1 1
github.com/fenilsonani/vcs/internal/core/objects/commit.go:162.21,164.19 2 1
github.com/fenilsonani/vcs/internal/core/objects/commit.go:164.19,166.6 1 1
github.com/fenilsonani/vcs/internal/core/objects/commit.go:167.5,167.28 1 1
github.com/fenilsonani/vcs/internal/core/objects/commit.go:169.12,169.12 0 0
github.com/fenilsonani/vcs/internal/core/objects/commit.go:172.9,174.4 1 1
github.com/fenilsonani/vcs/internal/core/objects/commit.go:177.2,177.38 1 1
github.com/fenilsonani/vcs/internal/core/objects/commit.go:177.38,179.3 1 0
github.com/fenilsonani/vcs/internal/core/objects/commit.go:181.2,182.71 2 1
github.com/fenilsonani/vcs/internal/core/objects/commit.go:182.71,184.3 1 1
github.com/fenilsonani/vcs/internal/core/objects/commit.go:186.2,186.20 1 1
github.com/fenilsonani/vcs/internal/core/objects/commit.go:190.58,195.66 3 1
github.com/fenilsonani/vcs/internal/core/objects/commit.go:195.66,197.3 1 1
github.com/fenilsonani/vcs/internal/core/objects/commit.go:199.2,205.21 5 1
github.com/fenilsonani/vcs/internal/core/objects/commit.go:205.21,207.3 1 1
github.com/fenilsonani/vcs/internal/core/objects/commit.go:209.2,210.16 2 1
github.com/fenilsonani/vcs/internal/core/objects/commit.go:210.16,212.3 1 1
github.com/fenilsonani/vcs/internal/core/objects/commit.go:214.2,218.8 1 1
github.com/fenilsonani/vcs/internal/core/objects/commit.go:222.67,225.26 3 1
github.com/fenilsonani/vcs/internal/core/objects/commit.go:225.26,227.3 1 1
github.com/fenilsonani/vcs/internal/core/objects/commit.go:230.2,232.26 3 1
github.com/fenilsonani/vcs/internal/core/objects/commit.go:232.26,234.3 1 0
github.com/fenilsonani/vcs/internal/core/objects/commit.go:237.2,244.45 5 1
github.com/fenilsonani/vcs/internal/core/objects/hash.go:14.36,16.2 1 1
github.com/fenilsonani/vcs/internal/core/objects/hash.go:19.35,21.2 1 1
github.com/fenilsonani/vcs/internal/core/objects/hash.go:24.34,25.23 1 1
github.com/fenilsonani/vcs/internal/core/objects/hash.go:25.23,26.13 1 1
github.com/fenilsonani/vcs/internal/core/objects/hash.go:26.13,28.4 1 1
github.com/fenilsonani/vcs/internal/core/objects/hash.go:30.2,30.13 1 1
github.com/fenilsonani/vcs/internal/core/objects/hash.go:34.47,36.2 1 1
github.com/fenilsonani/vcs/internal/core/objects/hash.go:39.51,42.23 2 1
github.com/fenilsonani/vcs/internal/core/objects/hash.go:42.23,44.3 1 1
github.com/fenilsonani/vcs/internal/core/objects/hash.go:46.2,47.16 2 1
github.com/fenilsonani/vcs/internal/core/objects/hash.go:47.16,49.3 1 1
github.com/fenilsonani/vcs/internal/core/objects/hash.go:51.2,52.16 2 1
github.com/fenilsonani/vcs/internal/core/objects/hash.go:56.63,64.2 6 1
github.com/fenilsonani/vcs/internal/core/objects/hash.go:67.83,71.41 3 1
github.com/fenilsonani/vcs/internal/core/objects/hash.go:71.41,73.3 1 1
github.com/fenilsonani/vcs/internal/core/objects/hash.go:75.2,77.16 3 1
github.com/fenilsonani/vcs/internal/core/objects/hash.go:81.52,86.22 2 1
github.com/fenilsonani/vcs/internal/core/objects/hash.go:86.22,88.3 1 1
github.com/fenilsonani/vcs/internal/core/objects/hash.go:92.2,92.86 1 1
github.com/fenilsonani/vcs/internal/core/objects/hash.go:95.38,100.44 3 1
github.com/fenilsonani/vcs/internal/core/objects/hash.go:100.44,102.3 1 1
github.com/fenilsonani/vcs/internal/core/objects/hash.go:104.2,104.44 1 1
github.com/fenilsonani/vcs/internal/core/objects/hash.go:104.44,106.3 1 1
github.com/fenilsonani/vcs/internal/core/objects/hash.go:108.2,108.21 1 1
github.com/fenilsonani/vcs/internal/core/objects/hash.go:111.32,113.2 1 1
github.com/fenilsonani/vcs/internal/core/objects/storage.go:21.41,26.2 1 1
github.com/fenilsonani/vcs/internal/core/objects/storage.go:29.32,31.54 1 1
github.com/fenilsonani/vcs/internal/core/objects/storage.go:31.54,33.3 1 1
github.com/fenilsonani/vcs/internal/core/objects/storage.go:36.2,36.27 1 1
github.com/fenilsonani/vcs/internal/core/objects/storage.go:36.27,38.48 2 1
github.com/fenilsonani/vcs/internal/core/objects/storage.go:38.48,40.4 1 0
github.com/fenilsonani/vcs/internal/core/objects/storage.go:44.2,45.51 2 1
github.com/fenilsonani/vcs/internal/core/objects/storage.go:45.51,47.3 1 0
github.com/fenilsonani/vcs/internal/core/objects/storage.go:50.2,51.51 2 1
github.com/fenilsonani/vcs/internal/core/objects/storage.go:51.51,53.3 1 0
github.com/fenilsonani/vcs/internal/core/objects/storage.go:55.2,55.12 1 1
github.com/fenilsonani/vcs/internal/core/objects/storage.go:59.49,63.21 2 1
github.com/fenilsonani/vcs/internal/core/objects/storage.go:63.21,65.3 1 1
github.com/fenilsonani/vcs/internal/core/objects/storage.go:68.2,69.16 2 1
github.com/fenilsonani/vcs/internal/core/objects/storage.go:69.16,71.3 1 0
github.com/fenilsonani/vcs/internal/core/objects/storage.go:74.2,79.16 4 1
github.com/fenilsonani/vcs/internal/core/objects/storage.go:79.16,81.3 1 0
github.com/fenilsonani/vcs/internal/core/objects/storage.go:84.2,88.47 3 1
github.com/fenilsonani/vcs/internal/core/objects/storage.go:88.47,90.3 1 1
github.com/fenilsonani/vcs/internal/core/objects/storage.go:93.2,94.64 2 1
github.com/fenilsonani/vcs/internal/core/objects/storage.go:94.64,96.3 1 1
github.com/fenilsonani/vcs/internal/core/objects/storage.go:99.2,99.49 1 1
github.com/fenilsonani/vcs/internal/core/objects/storage.go:99.49,102.3 2 0
github.com/fenilsonani/vcs/internal/core/objects/storage.go:105.2,109.12 4 1
github.com/fenilsonani/vcs/internal/core/objects/storage.go:113.59,116.32 2 1
github.com/fenilsonani/vcs/internal/core/objects/storage.go:116.32,119.3 2 1
github.com/fenilsonani/vcs/internal/core/objects/storage.go:120.2,125.16 4 1
github.com/fenilsonani/vcs/internal/core/objects/storage.go:125.16,126.25 1 1
github.com/fenilsonani/vcs/internal/core/objects/storage.go:126.25,129.4 1 1
github.com/fenilsonani/vcs/internal/core/objects/storage.go:130.3,130.64 1 0
github.com/fenilsonani/vcs/internal/core/objects/storage.go:134.2,135.16 2 0
github.com/fenilsonani/vcs/internal/core/objects/storage.go:135.16,137.3 1 0
github.com/fenilsonani/vcs/internal/core/objects/storage.go:140.2,141.19 2 0
github.com/fenilsonani/vcs/internal/core/objects/storage.go:141.19,143.3 1 0
github.com/fenilsonani/vcs/internal/core/objects/storage.go:145.2,151.72 5 0
github.com/fenilsonani/vcs/internal/core/objects/storage.go:151.72,153.3 1 0
github.com/fenilsonani/vcs/internal/core/objects/storage.go:155.2,155.23 1 0
github.com/fenilsonani/vcs/internal/core/objects/storage.go:155.23,157.3 1 0
github.com/fenilsonani/vcs/internal/core/objects/storage.go:160.2,161.29 2 0
github.com/fenilsonani/vcs/internal/core/objects/storage.go:162.16,163.28 1 0
github.com/fenilsonani/vcs/internal/core/objects/storage.go:164.16,165.33 1 0
github.com/fenilsonani/vcs/internal/core/objects/storage.go:166.18,167.35 1 0
github.com/fenilsonani/vcs/internal/core/objects/storage.go:168.15,169.32 1 0
github.com/fenilsonani/vcs/internal/core/objects/storage.go:170.10,171.61 1 0
github.com/fenilsonani/vcs/internal/core/objects/storage.go:174.2,174.16 1 0
github.com/fenilsonani/vcs/internal/core/objects/storage.go:174.16,176.3 1 0
github.com/fenilsonani/vcs/internal/core/objects/storage.go:179.2,183.17 4 0
github.com/fenilsonani/vcs/internal/core/objects/storage.go:187.47,190.30 2 1
github.com/fenilsonani/vcs/internal/core/objects/storage.go:190.30,193.3 2 1
github.com/fenilsonani/vcs/internal/core/objects/storage.go:194.2,198.41 3 1
github.com/fenilsonani/vcs/internal/core/objects/storage.go:198.41,200.3 1 0
github.com/fenilsonani/vcs/internal/core/objects/storage.go:203.2,203.14 1 1
github.com/fenilsonani/vcs/internal/core/objects/storage.go:207.50,210.2 2 1
github.com/fenilsonani/vcs/internal/core/objects/storage.go:213.48,217.41 3 1
github.com/fenilsonani/vcs/internal/core/objects/storage.go:217.41,220.3 2 0
github.com/fenilsonani/vcs/internal/core/objects/storage.go:222.2,222.34 1 1
github.com/fenilsonani/vcs/internal/core/objects/storage.go:222.34,224.3 1 0
github.com/fenilsonani/vcs/internal/core/objects/storage.go:226.2,226.25 1 1
github.com/fenilsonani/vcs/internal/core/objects/storage.go:230.56,232.16 2 1
github.com/fenilsonani/vcs/internal/core/objects/storage.go:232.16,234.3 1 1
github.com/fenilsonani/vcs/internal/core/objects/storage.go:235.2,237.22 2 1
github.com/fenilsonani/vcs/internal/core/objects/tag.go:21.97,31.2 3 1
github.com/fenilsonani/vcs/internal/core/objects/tag.go:34.33,36.2 1 1
github.com/fenilsonani/vcs/internal/core/objects/tag.go:39.28,42.2 2 1
github.com/fenilsonani/vcs/internal/core/objects/tag.go:45.29,46.19 1 1
github.com/fenilsonani/vcs/internal/core/objects/tag.go:46.19,48.3 1 1
github.com/fenilsonani/vcs/internal/core/objects/tag.go:49.2,49.13 1 1
github.com/fenilsonani/vcs/internal/core/objects/tag.go:53.33,55.2 1 1
github.com/fenilsonani/vcs/internal/core/objects/tag.go:58.39,60.2 1 1
github.com/fenilsonani/vcs/internal/core/objects/tag.go:63.32,65.2 1 1
github.com/fenilsonani/vcs/internal/core/objects/tag.go:68.34,70.2 1 1
github.com/fenilsonani/vcs/internal/core/objects/tag.go:73.32,75.2 1 1
github.com/fenilsonani/vcs/internal/core/objects/tag.go:78.43,100.2 8 1
github.com/fenilsonani/vcs/internal/core/objects/tag.go:103.27,106.2 2 1
github.com/fenilsonani/vcs/internal/core/objects/tag.go:109.55,120.21 5 1
github.com/fenilsonani/vcs/internal/core/objects/tag.go:120.21,123.16 2 1
github.com/fenilsonani/vcs/internal/core/objects/tag.go:123.16,124.18 1 1
github.com/fenilsonani/vcs/internal/core/objects/tag.go:124.18,126.13 2 1
github.com/fenilsonani/vcs/internal/core/objects/tag.go:129.4,130.23 2 1
github.com/fenilsonani/vcs/internal/core/objects/tag.go:130.23,132.5 1 1
github.com/fenilsonani/vcs/internal/core/objects/tag.go:134.4,136.15 2 1
github.com/fenilsonani/vcs/internal/core/objects/tag.go:137.18,139.19 2 1
github.com/fenilsonani/vcs/internal/core/objects/tag.go:139.19,141.6 1 1
github.com/fenilsonani/vcs/internal/core/objects/tag.go:142.5,142.24 1 1
github.com/fenilsonani/vcs/internal/core/objects/tag.go:144.16,146.27 2 1
github.com/fenilsonani/vcs/internal/core/objects/tag.go:146.27,148.6 1 1
github.com/fenilsonani/vcs/internal/core/objects/tag.go:150.15,151.20 1 1
github.com/fenilsonani/vcs/internal/core/objects/tag.go:153.18,155.19 2 1
github.com/fenilsonani/vcs/internal/core/objects/tag.go:155.19,157.6 1 1
github.com/fenilsonani/vcs/internal/core/objects/tag.go:158.5,158.22 1 1
github.com/fenilsonani/vcs/internal/core/objects/tag.go:160.12,160.12 0 1
github.com/fenilsonani/vcs/internal/core/objects/tag.go:163.9,165.4 1 1
github.com/fenilsonani/vcs/internal/core/objects/tag.go:168.2,168.38 1 1
github.com/fenilsonani/vcs/internal/core/objects/tag.go:168.38,170.3 1 0
github.com/fenilsonani/vcs/internal/core/objects/tag.go:172.2,173.68 2 1
github.com/fenilsonani/vcs/internal/core/objects/tag.go:173.68,175.3 1 1
github.com/fenilsonani/vcs/internal/core/objects/tag.go:177.2,177.17 1 1
github.com/fenilsonani/vcs/internal/core/objects/tree.go:35.22,39.2 1 1
github.com/fenilsonani/vcs/internal/core/objects/tree.go:42.72,43.16 1 1
github.com/fenilsonani/vcs/internal/core/objects/tree.go:43.16,45.3 1 1
github.com/fenilsonani/vcs/internal/core/objects/tree.go:48.2,48.30 1 1
github.com/fenilsonani/vcs/internal/core/objects/tree.go:48.30,49.21 1 1
github.com/fenilsonani/vcs/internal/core/objects/tree.go:49.21,51.4 1 1
github.com/fenilsonani/vcs/internal/core/objects/tree.go:54.2,62.12 3 1
github.com/fenilsonani/vcs/internal/core/objects/tree.go:66.38,68.2 1 1
github.com/fenilsonani/vcs/internal/core/objects/tree.go:71.34,73.2 1 1
github.com/fenilsonani/vcs/internal/core/objects/tree.go:76.29,79.2 2 1
github.com/fenilsonani/vcs/internal/core/objects/tree.go:82.30,83.19 1 1
github.com/fenilsonani/vcs/internal/core/objects/tree.go:83.19,85.3 1 1
github.com/fenilsonani/vcs/internal/core/objects/tree.go:86.2,86.13 1 1
github.com/fenilsonani/vcs/internal/core/objects/tree.go:90.44,94.41 3 1
github.com/fenilsonani/vcs/internal/core/objects/tree.go:94.41,96.3 1 1
github.com/fenilsonani/vcs/internal/core/objects/tree.go:98.2,99.31 2 1
github.com/fenilsonani/vcs/internal/core/objects/tree.go:99.31,103.3 2 1
github.com/fenilsonani/vcs/internal/core/objects/tree.go:105.2,105.25 1 1
github.com/fenilsonani/vcs/internal/core/objects/tree.go:109.28,112.2 2 1
github.com/fenilsonani/vcs/internal/core/objects/tree.go:115.57,121.20 2 1
github.com/fenilsonani/vcs/internal/core/objects/tree.go:121.20,124.21 2 1
github.com/fenilsonani/vcs/internal/core/objects/tree.go:124.21,126.4 1 1
github.com/fenilsonani/vcs/internal/core/objects/tree.go:129.3,131.17 3 1
github.com/fenilsonani/vcs/internal/core/objects/tree.go:131.17,133.4 1 1
github.com/fenilsonani/vcs/internal/core/objects/tree.go:135.3,139.20 3 1
github.com/fenilsonani/vcs/internal/core/objects/tree.go:139.20,141.4 1 1
github.com/fenilsonani/vcs/internal/core/objects/tree.go:143.3,147.21 3 1
github.com/fenilsonani/vcs/internal/core/objects/tree.go:147.21,149.4 1 1
github.com/fenilsonani/vcs/internal/core/objects/tree.go:151.3,159.5 4 1
github.com/fenilsonani/vcs/internal/core/objects/tree.go:162.2,162.18 1 1
github.com/fenilsonani/vcs/internal/core/objects/types.go:19.36,20.11 1 1
github.com/fenilsonani/vcs/internal/core/objects/types.go:21.47,22.14 1 1
github.com/fenilsonani/vcs/internal/core/objects/types.go:23.10,24.15 1 1
github.com/fenilsonani/vcs/internal/core/objects/types.go:44.36,48.2 3 1
github.com/fenilsonani/vcs/internal/core/objects/types.go:51.54,54.2 1 1
github.com/fenilsonani/vcs/internal/core/workdir/workdir.go:34.33,35.11 1 1
github.com/fenilsonani/vcs/internal/core/workdir/workdir.go:36.23,37.21 1 1
github.com/fenilsonani/vcs/internal/core/workdir/workdir.go:38.22,39.20 1 1
github.com/fenilsonani/vcs/internal/core/workdir/workdir.go:40.19,41.17 1 1
github.com/fenilsonani/vcs/internal/core/workdir/workdir.go:42.21,43.19 1 1
github.com/fenilsonani/vcs/internal/core/workdir/workdir.go:44.21,45.19 1 1
github.com/fenilsonani/vcs/internal/core/workdir/workdir.go:46.21,47.19 1 1
github.com/fenilsonani/vcs/internal/core/workdir/workdir.go:48.10,49.19 1 1
github.com/fenilsonani/vcs/internal/core/workdir/workdir.go:69.51,75.2 1 1
github.com/fenilsonani/vcs/internal/core/workdir/workdir.go:78.53,80.2 1 1
github.com/fenilsonani/vcs/internal/core/workdir/workdir.go:83.62,86.88 2 1
github.com/fenilsonani/vcs/internal/core/workdir/workdir.go:86.88,87.17 1 1
github.com/fenilsonani/vcs/internal/core/workdir/workdir.go:87.17,89.4 1 0
github.com/fenilsonani/vcs/internal/core/workdir/workdir.go:92.3,92.38 1 1
github.com/fenilsonani/vcs/internal/core/workdir/workdir.go:92.38,94.4 1 1
github.com/fenilsonani/vcs/internal/core/workdir/workdir.go:97.3,98.17 2 1
github.com/fenilsonani/vcs/internal/core/workdir/workdir.go:98.17,100.4 1 0
github.com/fenilsonani/vcs/internal/core/workdir/workdir.go:103.3,103.21 1 1
github.com/fenilsonani/vcs/internal/core/workdir/workdir.go:103.21,105.4 1 1
github.com/fenilsonani/vcs/internal/core/workdir/workdir.go:107.3,108.17 2 1
github.com/fenilsonani/vcs/internal/core/workdir/workdir.go:108.17,110.4 1 0
github.com/fenilsonani/vcs/internal/core/workdir/workdir.go:112.3,121.13 3 1
github.com/fenilsonani/vcs/internal/core/workdir/workdir.go:124.2,124.19 1 1
github.com/fenilsonani/vcs/internal/core/workdir/workdir.go:128.51,130.16 2 1
github.com/fenilsonani/vcs/internal/core/workdir/workdir.go:130.16,132.3 1 0
github.com/fenilsonani/vcs/internal/core/workdir/workdir.go:134.2,135.29 2 1
github.com/fenilsonani/vcs/internal/core/workdir/workdir.go:135.29,136.18 1 1
github.com/fenilsonani/vcs/internal/core/workdir/workdir.go:136.18,138.4 1 1
github.com/fenilsonani/vcs/internal/core/workdir/workdir.go:141.2,141.22 1 1
github.com/fenilsonani/vcs/internal/core/workdir/workdir.go:145.47,147.2 1 1
github.com/fenilsonani/vcs/internal/core/workdir/workdir.go:150.62,152.29 2 1
github.com/fenilsonani/vcs/internal/core/workdir/workdir.go:152.29,153.30 1 1
github.com/fenilsonani/vcs/internal/core/workdir/workdir.go:153.30,155.4 1 1
github.com/fenilsonani/vcs/internal/core/workdir/workdir.go:157.2,157.17 1 1
github.com/fenilsonani/vcs/internal/core/workdir/workdir.go:161.63,164.2 2 1
github.com/fenilsonani/vcs/internal/core/workdir/workdir.go:167.70,170.16 3 1
github.com/fenilsonani/vcs/internal/core/workdir/workdir.go:170.16,172.3 1 1
github.com/fenilsonani/vcs/internal/core/workdir/workdir.go:174.2,175.20 2 1
github.com/fenilsonani/vcs/internal/core/workdir/workdir.go:175.20,177.3 1 1
github.com/fenilsonani/vcs/internal/core/workdir/workdir.go:179.2,179.30 1 1
github.com/fenilsonani/vcs/internal/core/workdir/workdir.go:188.42,192.2 1 1
github.com/fenilsonani/vcs/internal/core/workdir/workdir.go:195.54,197.55 2 1
github.com/fenilsonani/vcs/internal/core/workdir/workdir.go:197.55,199.3 1 1
github.com/fenilsonani/vcs/internal/core/workdir/workdir.go:203.59,205.16 2 1
github.com/fenilsonani/vcs/internal/core/workdir/workdir.go:205.16,206.25 1 1
github.com/fenilsonani/vcs/internal/core/workdir/workdir.go:206.25,208.4 1 1
github.com/fenilsonani/vcs/internal/core/workdir/workdir.go:209.3,209.13 1 0
github.com/fenilsonani/vcs/internal/core/workdir/workdir.go:212.2,213.29 2 1
github.com/fenilsonani/vcs/internal/core/workdir/workdir.go:213.29,215.3 1 1
github.com/fenilsonani/vcs/internal/core/workdir/workdir.go:217.2,217.12 1 1
github.com/fenilsonani/vcs/internal/core/workdir/workdir.go:221.51,224.38 2 1
github.com/fenilsonani/vcs/internal/core/workdir/workdir.go:224.38,225.37 1 1
github.com/fenilsonani/vcs/internal/core/workdir/workdir.go:225.37,227.4 1 1
github.com/fenilsonani/vcs/internal/core/workdir/workdir.go:229.2,229.14 1 1
github.com/fenilsonani/vcs/internal/core/workdir/workdir.go:233.67,237.37 2 1
github.com/fenilsonani/vcs/internal/core/workdir/workdir.go:237.37,239.3 1 0
github.com/fenilsonani/vcs/internal/core/workdir/workdir.go:242.2,242.37 1 1
github.com/fenilsonani/vcs/internal/core/workdir/workdir.go:242.37,246.3 2 1
github.com/fenilsonani/vcs/internal/core/workdir/workdir.go:249.2,249.37 1 1
github.com/fenilsonani/vcs/internal/core/workdir/workdir.go:249.37,252.3 2 1
github.com/fenilsonani/vcs/internal/core/workdir/workdir.go:255.2,255.36 1 1
github.com/fenilsonani/vcs/internal/core/workdir/workdir.go:255.36,257.3 1 1
github.com/fenilsonani/vcs/internal/core/workdir/workdir.go:260.2,260.59 1 0
github.com/fenilsonani/vcs/internal/core/workdir/workdir.go:264.66,265.36 1 1
github.com/fenilsonani/vcs/internal/core/workdir/workdir.go:265.36,267.3 1 0
github.com/fenilsonani/vcs/internal/core/workdir/workdir.go:268.2,268.64 1 1
github.com/fenilsonani/vcs/internal/core/workdir/workdir.go:272.68,276.21 2 1
github.com/fenilsonani/vcs/internal/core/workdir/workdir.go:276.21,278.3 1 0
github.com/fenilsonani/vcs/internal/core/workdir/workdir.go:281.2,281.58 1 1
github.com/fenilsonani/vcs/internal/core/workdir/workdir.go:281.58,283.3 1 1
github.com/fenilsonani/vcs/internal/core/workdir/workdir.go:286.2,286.80 1 1
github.com/fenilsonani/vcs/internal/core/workdir/workdir.go:286.80,288.3 1 1
github.com/fenilsonani/vcs/internal/core/workdir/workdir.go:292.2,293.29 2 1
github.com/fenilsonani/vcs/internal/core/workdir/workdir.go:293.29,294.13 1 1
github.com/fenilsonani/vcs/internal/core/workdir/workdir.go:294.13,295.18 1 1
github.com/fenilsonani/vcs/internal/core/workdir/workdir.go:295.18,297.5 1 1
github.com/fenilsonani/vcs/internal/core/workdir/workdir.go:298.4,298.12 1 1
github.com/fenilsonani/vcs/internal/core/workdir/workdir.go:301.3,301.17 1 1
github.com/fenilsonani/vcs/internal/core/workdir/workdir.go:301.17,302.12 1 1
github.com/fenilsonani/vcs/internal/core/workdir/workdir.go:305.3,306.16 2 1
github.com/fenilsonani/vcs/internal/core/workdir/workdir.go:306.16,308.4 1 1
github.com/fenilsonani/vcs/internal/core/workdir/workdir.go:309.3,309.36 1 1
github.com/fenilsonani/vcs/internal/core/workdir/workdir.go:312.2,312.13 1 1
github.com/fenilsonani/vcs/internal/transport/http.go:23.54,31.2 1 1
github.com/fenilsonani/vcs/internal/transport/http.go:34.68,37.2 0 1
github.com/fenilsonani/vcs/internal/transport/http.go:40.98,45.16 3 1
github.com/fenilsonani/vcs/internal/transport/http.go:45.16,47.3 1 0
github.com/fenilsonani/vcs/internal/transport/http.go:49.2,53.16 4 1
github.com/fenilsonani/vcs/internal/transport/http.go:53.16,55.3 1 1
github.com/fenilsonani/vcs/internal/transport/http.go:56.2,58.38 2 1
github.com/fenilsonani/vcs/internal/transport/http.go:58.38,60.3 1 1
github.com/fenilsonani/vcs/internal/transport/http.go:63.2,65.40 3 1
github.com/fenilsonani/vcs/internal/transport/http.go:65.40,67.3 1 1
github.com/fenilsonani/vcs/internal/transport/http.go:69.2,69.43 1 1
github.com/fenilsonani/vcs/internal/transport/http.go:80.83,87.21 3 1
github.com/fenilsonani/vcs/internal/transport/http.go:87.21,89.3 1 1
github.com/fenilsonani/vcs/internal/transport/http.go:91.2,92.44 2 1
github.com/fenilsonani/vcs/internal/transport/http.go:92.44,94.3 1 1
github.com/fenilsonani/vcs/internal/transport/http.go:96.2,99.21 2 1
github.com/fenilsonani/vcs/internal/transport/http.go:99.21,101.17 2 1
github.com/fenilsonani/vcs/internal/transport/http.go:101.17,102.12 1 0
github.com/fenilsonani/vcs/internal/transport/http.go:106.3,106.20 1 1
github.com/fenilsonani/vcs/internal/transport/http.go:106.20,107.12 1 0
github.com/fenilsonani/vcs/internal/transport/http.go:111.3,112.20 2 1
github.com/fenilsonani/vcs/internal/transport/http.go:112.20,113.12 1 1
github.com/fenilsonani/vcs/internal/transport/http.go:117.3,118.22 2 1
github.com/fenilsonani/vcs/internal/transport/http.go:118.22,124.58 4 1
github.com/fenilsonani/vcs/internal/transport/http.go:124.58,127.58 2 0
github.com/fenilsonani/vcs/internal/transport/http.go:127.58,129.6 1 0
github.com/fenilsonani/vcs/internal/transport/http.go:130.5,130.55 1 0
github.com/fenilsonani/vcs/internal/transport/http.go:135.2,135.38 1 1
github.com/fenilsonani/vcs/internal/transport/http.go:135.38,137.3 1 0
github.com/fenilsonani/vcs/internal/transport/http.go:139.2,139.23 1 1
github.com/fenilsonani/vcs/internal/transport/http.go:143.102,151.29 3 1
github.com/fenilsonani/vcs/internal/transport/http.go:151.29,153.3 1 1
github.com/fenilsonani/vcs/internal/transport/http.go:156.2,156.29 1 1
github.com/fenilsonani/vcs/internal/transport/http.go:156.29,158.3 1 1
github.com/fenilsonani/vcs/internal/transport/http.go:161.2,164.16 3 1
github.com/fenilsonani/vcs/internal/transport/http.go:164.16,166.3 1 0
github.com/fenilsonani/vcs/internal/transport/http.go:168.2,173.16 5 1
github.com/fenilsonani/vcs/internal/transport/http.go:173.16,175.3 1 0
github.com/fenilsonani/vcs/internal/transport/http.go:177.2,177.38 1 1
github.com/fenilsonani/vcs/internal/transport/http.go:177.38,180.3 2 1
github.com/fenilsonani/vcs/internal/transport/http.go:183.2,184.59 2 1
github.com/fenilsonani/vcs/internal/transport/http.go:184.59,187.3 2 0
github.com/fenilsonani/vcs/internal/transport/http.go:189.2,189.23 1 1
github.com/fenilsonani/vcs/internal/transport/http.go:193.49,197.39 1 1
github.com/fenilsonani/vcs/internal/transport/http.go:197.39,199.22 2 1
github.com/fenilsonani/vcs/internal/transport/http.go:199.22,201.4 1 1
github.com/fenilsonani/vcs/internal/transport/http.go:203.3,206.55 3 1
github.com/fenilsonani/vcs/internal/transport/http.go:210.2,210.83 1 1
github.com/fenilsonani/vcs/internal/transport/http.go:210.83,212.17 2 1
github.com/fenilsonani/vcs/internal/transport/http.go:212.17,214.4 1 0
github.com/fenilsonani/vcs/internal/transport/http.go:217.3,217.109 1 1
github.com/fenilsonani/vcs/internal/transport/http.go:217.109,219.4 1 1
github.com/fenilsonani/vcs/internal/transport/http.go:220.3,222.25 2 1
github.com/fenilsonani/vcs/internal/transport/http.go:226.2,226.71 1 1
github.com/fenilsonani/vcs/internal/transport/http.go:226.71,228.3 1 1
github.com/fenilsonani/vcs/internal/transport/http.go:230.2,230.61 1 1
github.com/fenilsonani/vcs/internal/transport/http.go:240.74,242.16 2 1
github.com/fenilsonani/vcs/internal/transport/http.go:242.16,244.3 1 1
github.com/fenilsonani/vcs/internal/transport/http.go:246.2,254.23 3 1
github.com/fenilsonani/vcs/internal/transport/http.go:258.100,262.16 3 1
github.com/fenilsonani/vcs/internal/transport/http.go:262.16,264.3 1 0
github.com/fenilsonani/vcs/internal/transport/http.go:266.2,270.19 3 1
github.com/fenilsonani/vcs/internal/transport/http.go:270.19,272.3 1 1
github.com/fenilsonani/vcs/internal/transport/http.go:274.2,275.16 2 1
github.com/fenilsonani/vcs/internal/transport/http.go:275.16,277.3 1 0
github.com/fenilsonani/vcs/internal/transport/http.go:278.2,280.48 2 1
github.com/fenilsonani/vcs/internal/transport/http.go:280.48,282.3 1 1
github.com/fenilsonani/vcs/internal/transport/http.go:284.2,284.38 1 1
github.com/fenilsonani/vcs/internal/transport/http.go:284.38,286.3 1 0
github.com/fenilsonani/vcs/internal/transport/http.go:288.2,288.43 1 1
github.com/fenilsonani/vcs/internal/transport/http.go:292.94,295.16 2 1
github.com/fenilsonani/vcs/internal/transport/http.go:295.16,297.3 1 1
github.com/fenilsonani/vcs/internal/transport/http.go:299.2,300.25 2 1
github.com/fenilsonani/vcs/internal/transport/http.go:300.25,302.3 1 0
github.com/fenilsonani/vcs/internal/transport/http.go:304.2,310.16 4 1
github.com/fenilsonani/vcs/internal/transport/http.go:310.16,312.3 1 0
github.com/fenilsonani/vcs/internal/transport/http.go:314.2,317.19 3 1
github.com/fenilsonani/vcs/internal/transport/http.go:317.19,319.3 1 1
github.com/fenilsonani/vcs/internal/transport/http.go:321.2,322.16 2 1
github.com/fenilsonani/vcs/internal/transport/http.go:322.16,324.3 1 0
github.com/fenilsonani/vcs/internal/transport/http.go:325.2,327.38 2 1
github.com/fenilsonani/vcs/internal/transport/http.go:327.38,329.3 1 1
github.com/fenilsonani/vcs/internal/transport/http.go:333.2,337.18 2 0
