mode: set
github.com/fenilsonani/vcs/internal/core/objects/blob.go:15.33,21.2 3 1
github.com/fenilsonani/vcs/internal/core/objects/blob.go:24.52,26.16 2 1
github.com/fenilsonani/vcs/internal/core/objects/blob.go:26.16,28.3 1 0
github.com/fenilsonani/vcs/internal/core/objects/blob.go:29.2,29.27 1 1
github.com/fenilsonani/vcs/internal/core/objects/blob.go:33.34,35.2 1 1
github.com/fenilsonani/vcs/internal/core/objects/blob.go:38.29,40.2 1 1
github.com/fenilsonani/vcs/internal/core/objects/blob.go:43.30,45.2 1 1
github.com/fenilsonani/vcs/internal/core/objects/blob.go:48.30,50.2 1 1
github.com/fenilsonani/vcs/internal/core/objects/blob.go:53.35,55.2 1 1
github.com/fenilsonani/vcs/internal/core/objects/blob.go:58.44,60.2 1 1
github.com/fenilsonani/vcs/internal/core/objects/blob.go:63.48,68.2 1 1
github.com/fenilsonani/vcs/internal/core/objects/commit.go:22.104,32.2 3 1
github.com/fenilsonani/vcs/internal/core/objects/commit.go:35.36,37.2 1 1
github.com/fenilsonani/vcs/internal/core/objects/commit.go:40.31,43.2 2 1
github.com/fenilsonani/vcs/internal/core/objects/commit.go:46.32,47.19 1 1
github.com/fenilsonani/vcs/internal/core/objects/commit.go:47.19,49.3 1 0
github.com/fenilsonani/vcs/internal/core/objects/commit.go:50.2,50.13 1 1
github.com/fenilsonani/vcs/internal/core/objects/commit.go:54.34,56.2 1 1
github.com/fenilsonani/vcs/internal/core/objects/commit.go:59.39,61.2 1 1
github.com/fenilsonani/vcs/internal/core/objects/commit.go:64.37,66.2 1 1
github.com/fenilsonani/vcs/internal/core/objects/commit.go:69.40,71.2 1 1
github.com/fenilsonani/vcs/internal/core/objects/commit.go:74.35,76.2 1 1
github.com/fenilsonani/vcs/internal/core/objects/commit.go:79.46,86.35 3 1
github.com/fenilsonani/vcs/internal/core/objects/commit.go:86.35,88.3 1 1
github.com/fenilsonani/vcs/internal/core/objects/commit.go:91.2,102.25 5 1
github.com/fenilsonani/vcs/internal/core/objects/commit.go:106.30,109.2 2 1
github.com/fenilsonani/vcs/internal/core/objects/commit.go:112.61,124.21 5 1
github.com/fenilsonani/vcs/internal/core/objects/commit.go:124.21,127.16 2 1
github.com/fenilsonani/vcs/internal/core/objects/commit.go:127.16,128.18 1 1
github.com/fenilsonani/vcs/internal/core/objects/commit.go:128.18,130.13 2 1
github.com/fenilsonani/vcs/internal/core/objects/commit.go:133.4,134.23 2 1
github.com/fenilsonani/vcs/internal/core/objects/commit.go:134.23,136.5 1 1
github.com/fenilsonani/vcs/internal/core/objects/commit.go:138.4,140.15 2 1
github.com/fenilsonani/vcs/internal/core/objects/commit.go:141.16,143.19 2 1
github.com/fenilsonani/vcs/internal/core/objects/commit.go:143.19,145.6 1 1
github.com/fenilsonani/vcs/internal/core/objects/commit.go:146.5,146.23 1 1
github.com/fenilsonani/vcs/internal/core/objects/commit.go:148.18,150.19 2 1
github.com/fenilsonani/vcs/internal/core/objects/commit.go:150.19,152.6 1 1
github.com/fenilsonani/vcs/internal/core/objects/commit.go:153.5,153.52 1 1
github.com/fenilsonani/vcs/internal/core/objects/commit.go:155.18,157.19 2 1
github.com/fenilsonani/vcs/internal/core/objects/commit.go:157.19,159.6 1 1
github.com/fenilsonani/vcs/internal/core/objects/commit.go:160.5,160.25 1 1
github.com/fenilsonani/vcs/internal/core/objects/commit.go:162.21,164.19 2 1
github.com/fenilsonani/vcs/internal/core/objects/commit.go:164.19,166.6 1 0
github.com/fenilsonani/vcs/internal/core/objects/commit.go:167.5,167.28 1 1
github.com/fenilsonani/vcs/internal/core/objects/commit.go:169.12,169.12 0 0
github.com/fenilsonani/vcs/internal/core/objects/commit.go:172.9,174.4 1 1
github.com/fenilsonani/vcs/internal/core/objects/commit.go:177.2,177.38 1 1
github.com/fenilsonani/vcs/internal/core/objects/commit.go:177.38,179.3 1 0
github.com/fenilsonani/vcs/internal/core/objects/commit.go:181.2,182.71 2 1
github.com/fenilsonani/vcs/internal/core/objects/commit.go:182.71,184.3 1 1
github.com/fenilsonani/vcs/internal/core/objects/commit.go:186.2,186.20 1 1
github.com/fenilsonani/vcs/internal/core/objects/commit.go:190.58,195.66 3 1
github.com/fenilsonani/vcs/internal/core/objects/commit.go:195.66,197.3 1 1
github.com/fenilsonani/vcs/internal/core/objects/commit.go:199.2,205.21 5 1
github.com/fenilsonani/vcs/internal/core/objects/commit.go:205.21,207.3 1 1
github.com/fenilsonani/vcs/internal/core/objects/commit.go:209.2,210.16 2 1
github.com/fenilsonani/vcs/internal/core/objects/commit.go:210.16,212.3 1 1
github.com/fenilsonani/vcs/internal/core/objects/commit.go:214.2,218.8 1 1
github.com/fenilsonani/vcs/internal/core/objects/commit.go:222.67,225.26 3 1
github.com/fenilsonani/vcs/internal/core/objects/commit.go:225.26,227.3 1 1
github.com/fenilsonani/vcs/internal/core/objects/commit.go:230.2,232.26 3 1
github.com/fenilsonani/vcs/internal/core/objects/commit.go:232.26,234.3 1 0
github.com/fenilsonani/vcs/internal/core/objects/commit.go:237.2,244.45 5 1
github.com/fenilsonani/vcs/internal/core/objects/hash.go:14.36,16.2 1 1
github.com/fenilsonani/vcs/internal/core/objects/hash.go:19.35,21.2 1 1
github.com/fenilsonani/vcs/internal/core/objects/hash.go:24.34,25.23 1 1
github.com/fenilsonani/vcs/internal/core/objects/hash.go:25.23,26.13 1 1
github.com/fenilsonani/vcs/internal/core/objects/hash.go:26.13,28.4 1 1
github.com/fenilsonani/vcs/internal/core/objects/hash.go:30.2,30.13 1 1
github.com/fenilsonani/vcs/internal/core/objects/hash.go:34.47,36.2 1 1
github.com/fenilsonani/vcs/internal/core/objects/hash.go:39.51,42.23 2 1
github.com/fenilsonani/vcs/internal/core/objects/hash.go:42.23,44.3 1 1
github.com/fenilsonani/vcs/internal/core/objects/hash.go:46.2,47.16 2 1
github.com/fenilsonani/vcs/internal/core/objects/hash.go:47.16,49.3 1 1
github.com/fenilsonani/vcs/internal/core/objects/hash.go:51.2,52.16 2 1
github.com/fenilsonani/vcs/internal/core/objects/hash.go:56.63,64.2 6 1
github.com/fenilsonani/vcs/internal/core/objects/hash.go:67.83,71.41 3 1
github.com/fenilsonani/vcs/internal/core/objects/hash.go:71.41,73.3 1 1
github.com/fenilsonani/vcs/internal/core/objects/hash.go:75.2,77.16 3 1
github.com/fenilsonani/vcs/internal/core/objects/hash.go:81.52,86.22 2 1
github.com/fenilsonani/vcs/internal/core/objects/hash.go:86.22,88.3 1 1
github.com/fenilsonani/vcs/internal/core/objects/hash.go:92.2,92.86 1 1
github.com/fenilsonani/vcs/internal/core/objects/hash.go:95.38,100.44 3 1
github.com/fenilsonani/vcs/internal/core/objects/hash.go:100.44,102.3 1 1
github.com/fenilsonani/vcs/internal/core/objects/hash.go:104.2,104.44 1 1
github.com/fenilsonani/vcs/internal/core/objects/hash.go:104.44,106.3 1 1
github.com/fenilsonani/vcs/internal/core/objects/hash.go:108.2,108.21 1 1
github.com/fenilsonani/vcs/internal/core/objects/hash.go:111.32,113.2 1 1
github.com/fenilsonani/vcs/internal/core/objects/storage.go:21.41,26.2 1 1
github.com/fenilsonani/vcs/internal/core/objects/storage.go:29.32,31.54 1 1
github.com/fenilsonani/vcs/internal/core/objects/storage.go:31.54,33.3 1 0
github.com/fenilsonani/vcs/internal/core/objects/storage.go:36.2,36.27 1 1
github.com/fenilsonani/vcs/internal/core/objects/storage.go:36.27,38.48 2 1
github.com/fenilsonani/vcs/internal/core/objects/storage.go:38.48,40.4 1 0
github.com/fenilsonani/vcs/internal/core/objects/storage.go:44.2,45.51 2 1
github.com/fenilsonani/vcs/internal/core/objects/storage.go:45.51,47.3 1 0
github.com/fenilsonani/vcs/internal/core/objects/storage.go:50.2,51.51 2 1
github.com/fenilsonani/vcs/internal/core/objects/storage.go:51.51,53.3 1 0
github.com/fenilsonani/vcs/internal/core/objects/storage.go:55.2,55.12 1 1
github.com/fenilsonani/vcs/internal/core/objects/storage.go:59.49,63.21 2 1
github.com/fenilsonani/vcs/internal/core/objects/storage.go:63.21,65.3 1 1
github.com/fenilsonani/vcs/internal/core/objects/storage.go:68.2,69.16 2 1
github.com/fenilsonani/vcs/internal/core/objects/storage.go:69.16,71.3 1 0
github.com/fenilsonani/vcs/internal/core/objects/storage.go:74.2,79.16 4 1
github.com/fenilsonani/vcs/internal/core/objects/storage.go:79.16,81.3 1 0
github.com/fenilsonani/vcs/internal/core/objects/storage.go:84.2,88.47 3 1
github.com/fenilsonani/vcs/internal/core/objects/storage.go:88.47,90.3 1 0
github.com/fenilsonani/vcs/internal/core/objects/storage.go:93.2,94.64 2 1
github.com/fenilsonani/vcs/internal/core/objects/storage.go:94.64,96.3 1 0
github.com/fenilsonani/vcs/internal/core/objects/storage.go:99.2,99.49 1 1
github.com/fenilsonani/vcs/internal/core/objects/storage.go:99.49,102.3 2 0
github.com/fenilsonani/vcs/internal/core/objects/storage.go:105.2,109.12 4 1
github.com/fenilsonani/vcs/internal/core/objects/storage.go:113.59,116.32 2 1
github.com/fenilsonani/vcs/internal/core/objects/storage.go:116.32,119.3 2 1
github.com/fenilsonani/vcs/internal/core/objects/storage.go:120.2,125.16 4 1
github.com/fenilsonani/vcs/internal/core/objects/storage.go:125.16,126.25 1 1
github.com/fenilsonani/vcs/internal/core/objects/storage.go:126.25,129.4 1 1
github.com/fenilsonani/vcs/internal/core/objects/storage.go:130.3,130.64 1 0
github.com/fenilsonani/vcs/internal/core/objects/storage.go:134.2,135.16 2 0
github.com/fenilsonani/vcs/internal/core/objects/storage.go:135.16,137.3 1 0
github.com/fenilsonani/vcs/internal/core/objects/storage.go:140.2,141.19 2 0
github.com/fenilsonani/vcs/internal/core/objects/storage.go:141.19,143.3 1 0
github.com/fenilsonani/vcs/internal/core/objects/storage.go:145.2,151.72 5 0
github.com/fenilsonani/vcs/internal/core/objects/storage.go:151.72,153.3 1 0
github.com/fenilsonani/vcs/internal/core/objects/storage.go:155.2,155.23 1 0
github.com/fenilsonani/vcs/internal/core/objects/storage.go:155.23,157.3 1 0
github.com/fenilsonani/vcs/internal/core/objects/storage.go:160.2,161.29 2 0
github.com/fenilsonani/vcs/internal/core/objects/storage.go:162.16,163.28 1 0
github.com/fenilsonani/vcs/internal/core/objects/storage.go:164.16,165.33 1 0
github.com/fenilsonani/vcs/internal/core/objects/storage.go:166.18,167.35 1 0
github.com/fenilsonani/vcs/internal/core/objects/storage.go:168.15,169.32 1 0
github.com/fenilsonani/vcs/internal/core/objects/storage.go:170.10,171.61 1 0
github.com/fenilsonani/vcs/internal/core/objects/storage.go:174.2,174.16 1 0
github.com/fenilsonani/vcs/internal/core/objects/storage.go:174.16,176.3 1 0
github.com/fenilsonani/vcs/internal/core/objects/storage.go:179.2,183.17 4 0
github.com/fenilsonani/vcs/internal/core/objects/storage.go:187.47,190.30 2 1
github.com/fenilsonani/vcs/internal/core/objects/storage.go:190.30,193.3 2 1
github.com/fenilsonani/vcs/internal/core/objects/storage.go:194.2,198.41 3 1
github.com/fenilsonani/vcs/internal/core/objects/storage.go:198.41,200.3 1 0
github.com/fenilsonani/vcs/internal/core/objects/storage.go:203.2,203.14 1 1
github.com/fenilsonani/vcs/internal/core/objects/storage.go:207.50,210.2 2 1
github.com/fenilsonani/vcs/internal/core/objects/storage.go:213.48,217.41 3 1
github.com/fenilsonani/vcs/internal/core/objects/storage.go:217.41,220.3 2 0
github.com/fenilsonani/vcs/internal/core/objects/storage.go:222.2,222.34 1 1
github.com/fenilsonani/vcs/internal/core/objects/storage.go:222.34,224.3 1 0
github.com/fenilsonani/vcs/internal/core/objects/storage.go:226.2,226.25 1 1
github.com/fenilsonani/vcs/internal/core/objects/storage.go:230.56,232.16 2 0
github.com/fenilsonani/vcs/internal/core/objects/storage.go:232.16,234.3 1 0
github.com/fenilsonani/vcs/internal/core/objects/storage.go:235.2,237.22 2 0
github.com/fenilsonani/vcs/internal/core/objects/tag.go:21.97,31.2 3 1
github.com/fenilsonani/vcs/internal/core/objects/tag.go:34.33,36.2 1 1
github.com/fenilsonani/vcs/internal/core/objects/tag.go:39.28,42.2 2 1
github.com/fenilsonani/vcs/internal/core/objects/tag.go:45.29,46.19 1 1
github.com/fenilsonani/vcs/internal/core/objects/tag.go:46.19,48.3 1 0
github.com/fenilsonani/vcs/internal/core/objects/tag.go:49.2,49.13 1 1
github.com/fenilsonani/vcs/internal/core/objects/tag.go:53.33,55.2 1 1
github.com/fenilsonani/vcs/internal/core/objects/tag.go:58.39,60.2 1 1
github.com/fenilsonani/vcs/internal/core/objects/tag.go:63.32,65.2 1 1
github.com/fenilsonani/vcs/internal/core/objects/tag.go:68.34,70.2 1 1
github.com/fenilsonani/vcs/internal/core/objects/tag.go:73.32,75.2 1 1
github.com/fenilsonani/vcs/internal/core/objects/tag.go:78.43,100.2 8 1
github.com/fenilsonani/vcs/internal/core/objects/tag.go:103.27,106.2 2 1
github.com/fenilsonani/vcs/internal/core/objects/tag.go:109.55,120.21 5 1
github.com/fenilsonani/vcs/internal/core/objects/tag.go:120.21,123.16 2 1
github.com/fenilsonani/vcs/internal/core/objects/tag.go:123.16,124.18 1 1
github.com/fenilsonani/vcs/internal/core/objects/tag.go:124.18,126.13 2 1
github.com/fenilsonani/vcs/internal/core/objects/tag.go:129.4,130.23 2 1
github.com/fenilsonani/vcs/internal/core/objects/tag.go:130.23,132.5 1 1
github.com/fenilsonani/vcs/internal/core/objects/tag.go:134.4,136.15 2 1
github.com/fenilsonani/vcs/internal/core/objects/tag.go:137.18,139.19 2 1
github.com/fenilsonani/vcs/internal/core/objects/tag.go:139.19,141.6 1 1
github.com/fenilsonani/vcs/internal/core/objects/tag.go:142.5,142.24 1 1
github.com/fenilsonani/vcs/internal/core/objects/tag.go:144.16,146.27 2 1
github.com/fenilsonani/vcs/internal/core/objects/tag.go:146.27,148.6 1 1
github.com/fenilsonani/vcs/internal/core/objects/tag.go:150.15,151.20 1 1
github.com/fenilsonani/vcs/internal/core/objects/tag.go:153.18,155.19 2 1
github.com/fenilsonani/vcs/internal/core/objects/tag.go:155.19,157.6 1 1
github.com/fenilsonani/vcs/internal/core/objects/tag.go:158.5,158.22 1 1
github.com/fenilsonani/vcs/internal/core/objects/tag.go:160.12,160.12 0 1
github.com/fenilsonani/vcs/internal/core/objects/tag.go:163.9,165.4 1 1
github.com/fenilsonani/vcs/internal/core/objects/tag.go:168.2,168.38 1 1
github.com/fenilsonani/vcs/internal/core/objects/tag.go:168.38,170.3 1 0
github.com/fenilsonani/vcs/internal/core/objects/tag.go:172.2,173.68 2 1
github.com/fenilsonani/vcs/internal/core/objects/tag.go:173.68,175.3 1 1
github.com/fenilsonani/vcs/internal/core/objects/tag.go:177.2,177.17 1 1
github.com/fenilsonani/vcs/internal/core/objects/tree.go:35.22,39.2 1 1
github.com/fenilsonani/vcs/internal/core/objects/tree.go:42.72,43.16 1 1
github.com/fenilsonani/vcs/internal/core/objects/tree.go:43.16,45.3 1 1
github.com/fenilsonani/vcs/internal/core/objects/tree.go:48.2,48.30 1 1
github.com/fenilsonani/vcs/internal/core/objects/tree.go:48.30,49.21 1 1
github.com/fenilsonani/vcs/internal/core/objects/tree.go:49.21,51.4 1 1
github.com/fenilsonani/vcs/internal/core/objects/tree.go:54.2,62.12 3 1
github.com/fenilsonani/vcs/internal/core/objects/tree.go:66.38,68.2 1 1
github.com/fenilsonani/vcs/internal/core/objects/tree.go:71.34,73.2 1 1
github.com/fenilsonani/vcs/internal/core/objects/tree.go:76.29,79.2 2 1
github.com/fenilsonani/vcs/internal/core/objects/tree.go:82.30,83.19 1 1
github.com/fenilsonani/vcs/internal/core/objects/tree.go:83.19,85.3 1 1
github.com/fenilsonani/vcs/internal/core/objects/tree.go:86.2,86.13 1 1
github.com/fenilsonani/vcs/internal/core/objects/tree.go:90.44,94.41 3 1
github.com/fenilsonani/vcs/internal/core/objects/tree.go:94.41,96.3 1 1
github.com/fenilsonani/vcs/internal/core/objects/tree.go:98.2,99.31 2 1
github.com/fenilsonani/vcs/internal/core/objects/tree.go:99.31,103.3 2 1
github.com/fenilsonani/vcs/internal/core/objects/tree.go:105.2,105.25 1 1
github.com/fenilsonani/vcs/internal/core/objects/tree.go:109.28,112.2 2 1
github.com/fenilsonani/vcs/internal/core/objects/tree.go:115.57,121.20 2 1
github.com/fenilsonani/vcs/internal/core/objects/tree.go:121.20,124.21 2 1
github.com/fenilsonani/vcs/internal/core/objects/tree.go:124.21,126.4 1 0
github.com/fenilsonani/vcs/internal/core/objects/tree.go:129.3,131.17 3 1
github.com/fenilsonani/vcs/internal/core/objects/tree.go:131.17,133.4 1 1
github.com/fenilsonani/vcs/internal/core/objects/tree.go:135.3,139.20 3 1
github.com/fenilsonani/vcs/internal/core/objects/tree.go:139.20,141.4 1 1
github.com/fenilsonani/vcs/internal/core/objects/tree.go:143.3,147.21 3 1
github.com/fenilsonani/vcs/internal/core/objects/tree.go:147.21,149.4 1 1
github.com/fenilsonani/vcs/internal/core/objects/tree.go:151.3,159.5 4 1
github.com/fenilsonani/vcs/internal/core/objects/tree.go:162.2,162.18 1 1
github.com/fenilsonani/vcs/internal/core/objects/types.go:19.36,20.11 1 1
github.com/fenilsonani/vcs/internal/core/objects/types.go:21.47,22.14 1 1
github.com/fenilsonani/vcs/internal/core/objects/types.go:23.10,24.15 1 1
github.com/fenilsonani/vcs/internal/core/objects/types.go:44.36,48.2 3 1
github.com/fenilsonani/vcs/internal/core/objects/types.go:51.54,54.2 1 1
