mode: set
github.com/fenilsonani/vcs/pkg/vcs/repository.go:20.45,22.48 1 1
github.com/fenilsonani/vcs/pkg/vcs/repository.go:22.48,24.3 1 0
github.com/fenilsonani/vcs/pkg/vcs/repository.go:26.2,29.50 2 1
github.com/fenilsonani/vcs/pkg/vcs/repository.go:29.50,31.3 1 0
github.com/fenilsonani/vcs/pkg/vcs/repository.go:34.2,35.39 2 1
github.com/fenilsonani/vcs/pkg/vcs/repository.go:35.39,37.3 1 0
github.com/fenilsonani/vcs/pkg/vcs/repository.go:40.2,41.27 2 1
github.com/fenilsonani/vcs/pkg/vcs/repository.go:41.27,43.53 2 1
github.com/fenilsonani/vcs/pkg/vcs/repository.go:43.53,45.4 1 0
github.com/fenilsonani/vcs/pkg/vcs/repository.go:49.2,51.74 3 1
github.com/fenilsonani/vcs/pkg/vcs/repository.go:51.74,53.3 1 0
github.com/fenilsonani/vcs/pkg/vcs/repository.go:56.2,63.78 3 1
github.com/fenilsonani/vcs/pkg/vcs/repository.go:63.78,65.3 1 0
github.com/fenilsonani/vcs/pkg/vcs/repository.go:68.2,70.74 3 1
github.com/fenilsonani/vcs/pkg/vcs/repository.go:70.74,72.3 1 0
github.com/fenilsonani/vcs/pkg/vcs/repository.go:74.2,78.8 1 1
github.com/fenilsonani/vcs/pkg/vcs/repository.go:82.45,85.63 2 1
github.com/fenilsonani/vcs/pkg/vcs/repository.go:85.63,87.3 1 1
github.com/fenilsonani/vcs/pkg/vcs/repository.go:90.2,91.45 2 1
github.com/fenilsonani/vcs/pkg/vcs/repository.go:91.45,93.3 1 1
github.com/fenilsonani/vcs/pkg/vcs/repository.go:95.2,101.8 2 1
github.com/fenilsonani/vcs/pkg/vcs/repository.go:105.36,107.2 1 1
github.com/fenilsonani/vcs/pkg/vcs/repository.go:110.38,112.2 1 1
github.com/fenilsonani/vcs/pkg/vcs/repository.go:115.39,117.2 1 1
github.com/fenilsonani/vcs/pkg/vcs/repository.go:120.77,122.2 1 1
github.com/fenilsonani/vcs/pkg/vcs/repository.go:125.78,127.16 2 1
github.com/fenilsonani/vcs/pkg/vcs/repository.go:127.16,129.3 1 0
github.com/fenilsonani/vcs/pkg/vcs/repository.go:131.2,132.9 2 1
github.com/fenilsonani/vcs/pkg/vcs/repository.go:132.9,134.3 1 1
github.com/fenilsonani/vcs/pkg/vcs/repository.go:136.2,136.20 1 1
github.com/fenilsonani/vcs/pkg/vcs/repository.go:140.74,142.16 2 1
github.com/fenilsonani/vcs/pkg/vcs/repository.go:142.16,144.3 1 0
github.com/fenilsonani/vcs/pkg/vcs/repository.go:146.2,147.9 2 1
github.com/fenilsonani/vcs/pkg/vcs/repository.go:147.9,149.3 1 1
github.com/fenilsonani/vcs/pkg/vcs/repository.go:151.2,151.18 1 1
github.com/fenilsonani/vcs/pkg/vcs/repository.go:155.74,157.16 2 1
github.com/fenilsonani/vcs/pkg/vcs/repository.go:157.16,159.3 1 0
github.com/fenilsonani/vcs/pkg/vcs/repository.go:161.2,162.9 2 1
github.com/fenilsonani/vcs/pkg/vcs/repository.go:162.9,164.3 1 1
github.com/fenilsonani/vcs/pkg/vcs/repository.go:166.2,166.18 1 1
github.com/fenilsonani/vcs/pkg/vcs/repository.go:170.112,173.17 2 1
github.com/fenilsonani/vcs/pkg/vcs/repository.go:174.24,175.30 1 1
github.com/fenilsonani/vcs/pkg/vcs/repository.go:176.10,177.96 1 1
github.com/fenilsonani/vcs/pkg/vcs/repository.go:180.2,180.11 1 1
github.com/fenilsonani/vcs/pkg/vcs/repository.go:180.11,181.52 1 1
github.com/fenilsonani/vcs/pkg/vcs/repository.go:181.52,183.4 1 0
github.com/fenilsonani/vcs/pkg/vcs/repository.go:186.2,186.22 1 1
github.com/fenilsonani/vcs/pkg/vcs/repository.go:190.127,192.16 2 1
github.com/fenilsonani/vcs/pkg/vcs/repository.go:192.16,194.3 1 0
github.com/fenilsonani/vcs/pkg/vcs/repository.go:196.2,196.43 1 1
github.com/fenilsonani/vcs/pkg/vcs/repository.go:200.61,202.2 1 1
github.com/fenilsonani/vcs/pkg/vcs/repository.go:205.66,209.2 3 1
github.com/fenilsonani/vcs/pkg/vcs/repository.go:212.78,214.2 1 1
github.com/fenilsonani/vcs/pkg/vcs/repository.go:217.60,219.2 1 1
github.com/fenilsonani/vcs/pkg/vcs/repository.go:222.58,224.2 1 1
github.com/fenilsonani/vcs/pkg/vcs/repository.go:227.69,229.44 2 1
github.com/fenilsonani/vcs/pkg/vcs/repository.go:229.44,231.3 1 0
github.com/fenilsonani/vcs/pkg/vcs/repository.go:232.2,232.18 1 1
github.com/fenilsonani/vcs/pkg/vcs/repository.go:236.85,239.32 2 1
github.com/fenilsonani/vcs/pkg/vcs/repository.go:239.32,240.73 1 1
github.com/fenilsonani/vcs/pkg/vcs/repository.go:240.73,242.4 1 1
github.com/fenilsonani/vcs/pkg/vcs/repository.go:245.2,245.44 1 1
github.com/fenilsonani/vcs/pkg/vcs/repository.go:245.44,247.3 1 0
github.com/fenilsonani/vcs/pkg/vcs/repository.go:249.2,249.18 1 1
github.com/fenilsonani/vcs/pkg/vcs/repository.go:253.164,256.46 2 1
github.com/fenilsonani/vcs/pkg/vcs/repository.go:256.46,258.3 1 0
github.com/fenilsonani/vcs/pkg/vcs/repository.go:260.2,260.20 1 1
github.com/fenilsonani/vcs/pkg/vcs/repository.go:264.161,267.46 2 1
github.com/fenilsonani/vcs/pkg/vcs/repository.go:267.46,269.3 1 0
github.com/fenilsonani/vcs/pkg/vcs/repository.go:271.2,271.20 1 1
